#
# There is insufficient memory for the Java Runtime Environment to continue.
# Native memory allocation (mmap) failed to map 77594624 bytes for G1 virtual space
# Possible reasons:
#   The system is out of physical RAM or swap space
#   The process is running with CompressedOops enabled, and the Java Heap may be blocking the growth of the native heap
# Possible solutions:
#   Reduce memory load on the system
#   Increase physical memory or swap space
#   Check if swap backing store is full
#   Decrease Java heap size (-Xmx/-Xms)
#   Decrease number of Java threads
#   Decrease Java thread stack sizes (-Xss)
#   Set larger code cache with -XX:ReservedCodeCacheSize=
#   JVM is running with Zero Based Compressed Oops mode in which the Java heap is
#     placed in the first 32GB address space. The Java Heap base address is the
#     maximum limit for the native heap growth. Please use -XX:HeapBaseMinAddress
#     to set the Java Heap base and to place the Java Heap above 32GB virtual address.
# This output file may be truncated or incomplete.
#
#  Out of Memory Error (os_windows.cpp:3550), pid=38824, tid=19952
#
# JRE version: Java(TM) SE Runtime Environment (17.0.7+8) (build 17.0.7+8-LTS-224)
# Java VM: Java HotSpot(TM) 64-Bit Server VM (17.0.7+8-LTS-224, mixed mode, sharing, tiered, compressed oops, compressed class ptrs, g1 gc, windows-amd64)
# No core dump will be written. Minidumps are not enabled by default on client versions of Windows
#

---------------  S U M M A R Y ------------

Command Line: -XX:+ShowCodeDetailsInExceptionMessages -agentlib:jdwp=transport=dt_socket,suspend=y,address=localhost:52915 -javaagent:C:\private\eclipse\configuration\org.eclipse.osgi\231\0\.cp\lib\javaagent-shaded.jar -Dfile.encoding=UTF-8 main.SaleFrame

Host: 11th Gen Intel(R) Core(TM) i7-1165G7 @ 2.80GHz, 8 cores, 15G,  Windows 11 , 64 bit Build 22621 (10.0.22621.2215)
Time: Thu Nov  2 10:34:01 2023  Windows 11 , 64 bit Build 22621 (10.0.22621.2215) elapsed time: 12.570493 seconds (0d 0h 0m 12s)

---------------  T H R E A D  ---------------

Current thread (0x000001dcf8b27530):  VMThread "VM Thread" [stack: 0x000000d01c100000,0x000000d01c200000] [id=19952]

Stack: [0x000000d01c100000,0x000000d01c200000]
Native frames: (J=compiled Java code, j=interpreted, Vv=VM code, C=native code)
V  [jvm.dll+0x676a4a]
V  [jvm.dll+0x7d74f4]
V  [jvm.dll+0x7d8c9e]
V  [jvm.dll+0x7d9303]
V  [jvm.dll+0x2452c5]
V  [jvm.dll+0x6738f9]
V  [jvm.dll+0x668232]
V  [jvm.dll+0x302826]
V  [jvm.dll+0x309da6]
V  [jvm.dll+0x35952e]
V  [jvm.dll+0x35975f]
V  [jvm.dll+0x2d9a38]
V  [jvm.dll+0x2dcad6]
V  [jvm.dll+0x2e72d8]
V  [jvm.dll+0x31ad30]
V  [jvm.dll+0x7ddb0b]
V  [jvm.dll+0x7de844]
V  [jvm.dll+0x7ded5d]
V  [jvm.dll+0x7df134]
V  [jvm.dll+0x7df200]
V  [jvm.dll+0x78759a]
V  [jvm.dll+0x675875]
C  [ucrtbase.dll+0x29363]
C  [KERNEL32.DLL+0x1257d]
C  [ntdll.dll+0x5aa68]

VM_Operation (0x000000d01bdff920): G1Concurrent, mode: safepoint, requested by thread 0x000001dcd40996d0


---------------  P R O C E S S  ---------------

Threads class SMR info:
_java_thread_list=0x000001dcfa0c8a00, length=20, elements={
0x000001dcd401cdb0, 0x000001dcf8b2cb90, 0x000001dcf8b2dee0, 0x000001dcf8b45bf0,
0x000001dcf8b465b0, 0x000001dcf8b4bec0, 0x000001dcf8b4fd70, 0x000001dcf8b512a0,
0x000001dcf8b56480, 0x000001dcf9418810, 0x000001dcf8b18b50, 0x000001dcf96154e0,
0x000001dcf9618990, 0x000001dcf9619070, 0x000001dcf9717f20, 0x000001dcf9799da0,
0x000001dcf9f18c70, 0x000001dcfc01abb0, 0x000001dcfba109e0, 0x000001dcfba10510
}

Java Threads: ( => current thread )
  0x000001dcd401cdb0 JavaThread "main" [_thread_blocked, id=1108, stack(0x000000d01bb00000,0x000000d01bc00000)]
  0x000001dcf8b2cb90 JavaThread "Reference Handler" daemon [_thread_blocked, id=23724, stack(0x000000d01c200000,0x000000d01c300000)]
  0x000001dcf8b2dee0 JavaThread "Finalizer" daemon [_thread_blocked, id=38820, stack(0x000000d01c300000,0x000000d01c400000)]
  0x000001dcf8b45bf0 JavaThread "Signal Dispatcher" daemon [_thread_blocked, id=23816, stack(0x000000d01c400000,0x000000d01c500000)]
  0x000001dcf8b465b0 JavaThread "Attach Listener" daemon [_thread_blocked, id=33224, stack(0x000000d01c500000,0x000000d01c600000)]
  0x000001dcf8b4bec0 JavaThread "Service Thread" daemon [_thread_blocked, id=24792, stack(0x000000d01c600000,0x000000d01c700000)]
  0x000001dcf8b4fd70 JavaThread "Monitor Deflation Thread" daemon [_thread_blocked, id=35196, stack(0x000000d01c700000,0x000000d01c800000)]
  0x000001dcf8b512a0 JavaThread "C2 CompilerThread0" daemon [_thread_blocked, id=16072, stack(0x000000d01c800000,0x000000d01c900000)]
  0x000001dcf8b56480 JavaThread "C1 CompilerThread0" daemon [_thread_blocked, id=24364, stack(0x000000d01c900000,0x000000d01ca00000)]
  0x000001dcf9418810 JavaThread "Sweeper thread" daemon [_thread_blocked, id=14944, stack(0x000000d01ca00000,0x000000d01cb00000)]
  0x000001dcf8b18b50 JavaThread "Common-Cleaner" daemon [_thread_blocked, id=24076, stack(0x000000d01cb00000,0x000000d01cc00000)]
  0x000001dcf96154e0 JavaThread "JDWP Transport Listener: dt_socket" daemon [_thread_blocked, id=33784, stack(0x000000d01cc00000,0x000000d01cd00000)]
  0x000001dcf9618990 JavaThread "JDWP Event Helper Thread" daemon [_thread_blocked, id=34888, stack(0x000000d01cd00000,0x000000d01ce00000)]
  0x000001dcf9619070 JavaThread "JDWP Command Reader" daemon [_thread_in_native, id=31836, stack(0x000000d01ce00000,0x000000d01cf00000)]
  0x000001dcf9717f20 JavaThread "Notification Thread" daemon [_thread_blocked, id=9884, stack(0x000000d01d000000,0x000000d01d100000)]
  0x000001dcf9799da0 JavaThread "mysql-cj-abandoned-connection-cleanup" daemon [_thread_blocked, id=30476, stack(0x000000d01d200000,0x000000d01d300000)]
  0x000001dcf9f18c70 JavaThread "Java2D Disposer" daemon [_thread_blocked, id=25052, stack(0x000000d01db00000,0x000000d01dc00000)]
  0x000001dcfc01abb0 JavaThread "AWT-Windows" daemon [_thread_in_native, id=35836, stack(0x000000d01dd00000,0x000000d01de00000)]
  0x000001dcfba109e0 JavaThread "Image Fetcher 0" daemon [_thread_blocked, id=16000, stack(0x000000d01de00000,0x000000d01df00000)]
  0x000001dcfba10510 JavaThread "Image Fetcher 1" daemon [_thread_blocked, id=18224, stack(0x000000d01cf00000,0x000000d01d000000)]

Other Threads:
=>0x000001dcf8b27530 VMThread "VM Thread" [stack: 0x000000d01c100000,0x000000d01c200000] [id=19952]
  0x000001dcf9712c60 WatcherThread [stack: 0x000000d01d100000,0x000000d01d200000] [id=37516]
  0x000001dcd4086e50 GCTaskThread "GC Thread#0" [stack: 0x000000d01bc00000,0x000000d01bd00000] [id=13548]
  0x000001dcfa5810a0 GCTaskThread "GC Thread#1" [stack: 0x000000d01d300000,0x000000d01d400000] [id=1972]
  0x000001dcf9ed0170 GCTaskThread "GC Thread#2" [stack: 0x000000d01d400000,0x000000d01d500000] [id=8368]
  0x000001dcfa558a90 GCTaskThread "GC Thread#3" [stack: 0x000000d01d500000,0x000000d01d600000] [id=23276]
  0x000001dcfa661180 GCTaskThread "GC Thread#4" [stack: 0x000000d01d600000,0x000000d01d700000] [id=39404]
  0x000001dcfa0bc4b0 GCTaskThread "GC Thread#5" [stack: 0x000000d01d700000,0x000000d01d800000] [id=27472]
  0x000001dcfa53e2a0 GCTaskThread "GC Thread#6" [stack: 0x000000d01d800000,0x000000d01d900000] [id=38376]
  0x000001dcf9f02d10 GCTaskThread "GC Thread#7" [stack: 0x000000d01d900000,0x000000d01da00000] [id=24944]
  0x000001dcd40996d0 ConcurrentGCThread "G1 Main Marker" [stack: 0x000000d01bd00000,0x000000d01be00000] [id=19944]
  0x000001dcd409b0f0 ConcurrentGCThread "G1 Conc#0" [stack: 0x000000d01be00000,0x000000d01bf00000] [id=36504]
  0x000001dcfc2183f0 ConcurrentGCThread "G1 Conc#1" [stack: 0x000000d01da00000,0x000000d01db00000] [id=3108]
  0x000001dcd40edad0 ConcurrentGCThread "G1 Refine#0" [stack: 0x000000d01bf00000,0x000000d01c000000] [id=1224]
  0x000001dcd40ee4f0 ConcurrentGCThread "G1 Service" [stack: 0x000000d01c000000,0x000000d01c100000] [id=37284]

Threads with active compile tasks:

VM state: at safepoint (normal execution)

VM Mutex/Monitor currently owned by a thread:  ([mutex/lock_event])
[0x000001dcd4017b40] Threads_lock - owner thread: 0x000001dcf8b27530
[0x000001dcd4016ee0] Heap_lock - owner thread: 0x000001dcd40996d0

Heap address: 0x0000000704800000, size: 4024 MB, Compressed Oops mode: Zero based, Oop shift amount: 3

CDS archive(s) mapped at: [0x0000000800000000-0x0000000800bd0000-0x0000000800bd0000), size 12386304, SharedBaseAddress: 0x0000000800000000, ArchiveRelocationMode: 0.
Compressed class space mapped at: 0x0000000800c00000-0x0000000840c00000, reserved size: 1073741824
Narrow klass base: 0x0000000800000000, Narrow klass shift: 0, Narrow klass range: 0x100000000

GC Precious Log:
 CPUs: 8 total, 8 available
 Memory: 16092M
 Large Page Support: Disabled
 NUMA Support: Disabled
 Compressed Oops: Enabled (Zero based)
 Heap Region Size: 2M
 Heap Min Capacity: 8M
 Heap Initial Capacity: 252M
 Heap Max Capacity: 4024M
 Pre-touch: Disabled
 Parallel Workers: 8
 Concurrent Workers: 2
 Concurrent Refinement Workers: 8
 Periodic GC: Disabled

Heap:
 garbage-first heap   total 419840K, used 293790K [0x0000000704800000, 0x0000000800000000)
  region size 2048K, 5 young (10240K), 4 survivors (8192K)
 Metaspace       used 18476K, committed 18752K, reserved 1073152K
  class space    used 2028K, committed 2176K, reserved 1048576K

Heap Regions: E=young(eden), S=young(survivor), O=old, HS=humongous(starts), HC=humongous(continues), CS=collection set, F=free, OA=open archive, CA=closed archive, TAMS=top-at-mark-start (previous, next)
|   0|0x0000000704800000, 0x0000000704a00000, 0x0000000704a00000|100%| O|  |TAMS 0x0000000704a00000, 0x0000000704800000| Updating 
|   1|0x0000000704a00000, 0x0000000704c00000, 0x0000000704c00000|100%| O|  |TAMS 0x0000000704c00000, 0x0000000704a00000| Updating 
|   2|0x0000000704c00000, 0x0000000704e00000, 0x0000000704e00000|100%| O|  |TAMS 0x0000000704e00000, 0x0000000704c00000| Untracked 
|   3|0x0000000704e00000, 0x0000000705000000, 0x0000000705000000|100%| O|  |TAMS 0x0000000705000000, 0x0000000704e00000| Untracked 
|   4|0x0000000705000000, 0x0000000705200000, 0x0000000705200000|100%| O|  |TAMS 0x0000000705200000, 0x0000000705000000| Untracked 
|   5|0x0000000705200000, 0x0000000705400000, 0x0000000705400000|100%| O|  |TAMS 0x0000000705400000, 0x0000000705200000| Untracked 
|   6|0x0000000705400000, 0x0000000705600000, 0x0000000705600000|100%| O|  |TAMS 0x0000000705600000, 0x0000000705400000| Untracked 
|   7|0x0000000705600000, 0x0000000705800000, 0x0000000705800000|100%| O|  |TAMS 0x0000000705800000, 0x0000000705600000| Untracked 
|   8|0x0000000705800000, 0x0000000705a00000, 0x0000000705a00000|100%| O|  |TAMS 0x0000000705a00000, 0x0000000705800000| Untracked 
|   9|0x0000000705a00000, 0x0000000705c00000, 0x0000000705c00000|100%| O|  |TAMS 0x0000000705c00000, 0x0000000705a00000| Untracked 
|  10|0x0000000705c00000, 0x0000000705e00000, 0x0000000705e00000|100%| O|  |TAMS 0x0000000705e00000, 0x0000000705c00000| Untracked 
|  11|0x0000000705e00000, 0x0000000706000000, 0x0000000706000000|100%| O|  |TAMS 0x0000000706000000, 0x0000000705e00000| Untracked 
|  12|0x0000000706000000, 0x0000000706200000, 0x0000000706200000|100%| O|  |TAMS 0x0000000706200000, 0x0000000706000000| Untracked 
|  13|0x0000000706200000, 0x0000000706400000, 0x0000000706400000|100%| O|  |TAMS 0x0000000706400000, 0x0000000706200000| Untracked 
|  14|0x0000000706400000, 0x0000000706600000, 0x0000000706600000|100%| O|  |TAMS 0x0000000706600000, 0x0000000706400000| Untracked 
|  15|0x0000000706600000, 0x0000000706800000, 0x0000000706800000|100%| O|  |TAMS 0x0000000706800000, 0x0000000706600000| Untracked 
|  16|0x0000000706800000, 0x0000000706a00000, 0x0000000706a00000|100%| O|  |TAMS 0x0000000706a00000, 0x0000000706800000| Untracked 
|  17|0x0000000706a00000, 0x0000000706c00000, 0x0000000706c00000|100%| O|  |TAMS 0x0000000706c00000, 0x0000000706a00000| Untracked 
|  18|0x0000000706c00000, 0x0000000706e00000, 0x0000000706e00000|100%| O|  |TAMS 0x0000000706e00000, 0x0000000706c00000| Untracked 
|  19|0x0000000706e00000, 0x0000000707000000, 0x0000000707000000|100%| O|  |TAMS 0x0000000707000000, 0x0000000706e00000| Untracked 
|  20|0x0000000707000000, 0x0000000707200000, 0x0000000707200000|100%| O|  |TAMS 0x0000000707200000, 0x0000000707000000| Untracked 
|  21|0x0000000707200000, 0x0000000707400000, 0x0000000707400000|100%| O|  |TAMS 0x0000000707400000, 0x0000000707200000| Updating 
|  22|0x0000000707400000, 0x0000000707600000, 0x0000000707600000|100%| O|  |TAMS 0x0000000707600000, 0x0000000707400000| Updating 
|  23|0x0000000707600000, 0x0000000707800000, 0x0000000707800000|100%| O|  |TAMS 0x0000000707800000, 0x0000000707600000| Updating 
|  24|0x0000000707800000, 0x0000000707a00000, 0x0000000707a00000|100%| O|  |TAMS 0x0000000707a00000, 0x0000000707800000| Untracked 
|  25|0x0000000707a00000, 0x0000000707c00000, 0x0000000707c00000|100%| O|  |TAMS 0x0000000707c00000, 0x0000000707a00000| Untracked 
|  26|0x0000000707c00000, 0x0000000707e00000, 0x0000000707e00000|100%| O|  |TAMS 0x0000000707e00000, 0x0000000707c00000| Untracked 
|  27|0x0000000707e00000, 0x0000000708000000, 0x0000000708000000|100%| O|  |TAMS 0x0000000708000000, 0x0000000707e00000| Untracked 
|  28|0x0000000708000000, 0x0000000708200000, 0x0000000708200000|100%| O|  |TAMS 0x0000000708200000, 0x0000000708000000| Untracked 
|  29|0x0000000708200000, 0x0000000708400000, 0x0000000708400000|100%| O|  |TAMS 0x0000000708400000, 0x0000000708200000| Untracked 
|  30|0x0000000708400000, 0x0000000708600000, 0x0000000708600000|100%| O|  |TAMS 0x0000000708600000, 0x0000000708400000| Untracked 
|  31|0x0000000708600000, 0x0000000708800000, 0x0000000708800000|100%| O|  |TAMS 0x0000000708800000, 0x0000000708600000| Untracked 
|  32|0x0000000708800000, 0x0000000708a00000, 0x0000000708a00000|100%| O|  |TAMS 0x0000000708a00000, 0x0000000708800000| Untracked 
|  33|0x0000000708a00000, 0x0000000708c00000, 0x0000000708c00000|100%| O|  |TAMS 0x0000000708c00000, 0x0000000708a00000| Untracked 
|  34|0x0000000708c00000, 0x0000000708e00000, 0x0000000708e00000|100%| O|  |TAMS 0x0000000708e00000, 0x0000000708c00000| Untracked 
|  35|0x0000000708e00000, 0x0000000709000000, 0x0000000709000000|100%| O|  |TAMS 0x0000000709000000, 0x0000000708e00000| Untracked 
|  36|0x0000000709000000, 0x0000000709200000, 0x0000000709200000|100%| O|  |TAMS 0x0000000709200000, 0x0000000709000000| Untracked 
|  37|0x0000000709200000, 0x0000000709400000, 0x0000000709400000|100%| O|  |TAMS 0x0000000709400000, 0x0000000709200000| Untracked 
|  38|0x0000000709400000, 0x0000000709600000, 0x0000000709600000|100%| O|  |TAMS 0x0000000709600000, 0x0000000709400000| Untracked 
|  39|0x0000000709600000, 0x0000000709800000, 0x0000000709800000|100%| O|  |TAMS 0x0000000709800000, 0x0000000709600000| Untracked 
|  40|0x0000000709800000, 0x0000000709a00000, 0x0000000709a00000|100%| O|  |TAMS 0x0000000709a00000, 0x0000000709800000| Untracked 
|  41|0x0000000709a00000, 0x0000000709c00000, 0x0000000709c00000|100%| O|  |TAMS 0x0000000709c00000, 0x0000000709a00000| Untracked 
|  42|0x0000000709c00000, 0x0000000709e00000, 0x0000000709e00000|100%| O|  |TAMS 0x0000000709e00000, 0x0000000709c00000| Untracked 
|  43|0x0000000709e00000, 0x000000070a000000, 0x000000070a000000|100%| O|  |TAMS 0x000000070a000000, 0x0000000709e00000| Untracked 
|  44|0x000000070a000000, 0x000000070a200000, 0x000000070a200000|100%| O|  |TAMS 0x000000070a200000, 0x000000070a000000| Untracked 
|  45|0x000000070a200000, 0x000000070a400000, 0x000000070a400000|100%| O|  |TAMS 0x000000070a400000, 0x000000070a200000| Untracked 
|  46|0x000000070a400000, 0x000000070a600000, 0x000000070a600000|100%| O|  |TAMS 0x000000070a600000, 0x000000070a400000| Untracked 
|  47|0x000000070a600000, 0x000000070a800000, 0x000000070a800000|100%| O|  |TAMS 0x000000070a800000, 0x000000070a600000| Untracked 
|  48|0x000000070a800000, 0x000000070aa00000, 0x000000070aa00000|100%| O|  |TAMS 0x000000070aa00000, 0x000000070a800000| Untracked 
|  49|0x000000070aa00000, 0x000000070ac00000, 0x000000070ac00000|100%| O|  |TAMS 0x000000070ac00000, 0x000000070aa00000| Untracked 
|  50|0x000000070ac00000, 0x000000070ae00000, 0x000000070ae00000|100%| O|  |TAMS 0x000000070ae00000, 0x000000070ac00000| Untracked 
|  51|0x000000070ae00000, 0x000000070b000000, 0x000000070b000000|100%| O|  |TAMS 0x000000070b000000, 0x000000070ae00000| Untracked 
|  52|0x000000070b000000, 0x000000070b200000, 0x000000070b200000|100%| O|  |TAMS 0x000000070b200000, 0x000000070b000000| Untracked 
|  53|0x000000070b200000, 0x000000070b400000, 0x000000070b400000|100%| O|  |TAMS 0x000000070b400000, 0x000000070b200000| Untracked 
|  54|0x000000070b400000, 0x000000070b600000, 0x000000070b600000|100%| O|  |TAMS 0x000000070b600000, 0x000000070b400000| Untracked 
|  55|0x000000070b600000, 0x000000070b800000, 0x000000070b800000|100%| O|  |TAMS 0x000000070b800000, 0x000000070b600000| Untracked 
|  56|0x000000070b800000, 0x000000070ba00000, 0x000000070ba00000|100%| O|  |TAMS 0x000000070ba00000, 0x000000070b800000| Untracked 
|  57|0x000000070ba00000, 0x000000070bc00000, 0x000000070bc00000|100%| O|  |TAMS 0x000000070bc00000, 0x000000070ba00000| Untracked 
|  58|0x000000070bc00000, 0x000000070be00000, 0x000000070be00000|100%| O|  |TAMS 0x000000070be00000, 0x000000070bc00000| Untracked 
|  59|0x000000070be00000, 0x000000070c000000, 0x000000070c000000|100%| O|  |TAMS 0x000000070c000000, 0x000000070be00000| Untracked 
|  60|0x000000070c000000, 0x000000070c200000, 0x000000070c200000|100%| O|  |TAMS 0x000000070c200000, 0x000000070c000000| Untracked 
|  61|0x000000070c200000, 0x000000070c400000, 0x000000070c400000|100%| O|  |TAMS 0x000000070c400000, 0x000000070c200000| Untracked 
|  62|0x000000070c400000, 0x000000070c600000, 0x000000070c600000|100%| O|  |TAMS 0x000000070c600000, 0x000000070c400000| Untracked 
|  63|0x000000070c600000, 0x000000070c800000, 0x000000070c800000|100%| O|  |TAMS 0x000000070c800000, 0x000000070c600000| Untracked 
|  64|0x000000070c800000, 0x000000070ca00000, 0x000000070ca00000|100%| O|  |TAMS 0x000000070ca00000, 0x000000070c800000| Untracked 
|  65|0x000000070ca00000, 0x000000070cc00000, 0x000000070cc00000|100%| O|  |TAMS 0x000000070cc00000, 0x000000070ca00000| Untracked 
|  66|0x000000070cc00000, 0x000000070ce00000, 0x000000070ce00000|100%| O|  |TAMS 0x000000070ce00000, 0x000000070cc00000| Untracked 
|  67|0x000000070ce00000, 0x000000070d000000, 0x000000070d000000|100%| O|  |TAMS 0x000000070d000000, 0x000000070ce00000| Untracked 
|  68|0x000000070d000000, 0x000000070d200000, 0x000000070d200000|100%| O|  |TAMS 0x000000070d200000, 0x000000070d000000| Untracked 
|  69|0x000000070d200000, 0x000000070d400000, 0x000000070d400000|100%| O|  |TAMS 0x000000070d400000, 0x000000070d200000| Untracked 
|  70|0x000000070d400000, 0x000000070d600000, 0x000000070d600000|100%| O|  |TAMS 0x000000070d600000, 0x000000070d400000| Untracked 
|  71|0x000000070d600000, 0x000000070d800000, 0x000000070d800000|100%| O|  |TAMS 0x000000070d800000, 0x000000070d600000| Untracked 
|  72|0x000000070d800000, 0x000000070da00000, 0x000000070da00000|100%| O|  |TAMS 0x000000070da00000, 0x000000070d800000| Untracked 
|  73|0x000000070da00000, 0x000000070dc00000, 0x000000070dc00000|100%| O|  |TAMS 0x000000070dc00000, 0x000000070da00000| Untracked 
|  74|0x000000070dc00000, 0x000000070de00000, 0x000000070de00000|100%| O|  |TAMS 0x000000070de00000, 0x000000070dc00000| Untracked 
|  75|0x000000070de00000, 0x000000070e000000, 0x000000070e000000|100%| O|  |TAMS 0x000000070e000000, 0x000000070de00000| Untracked 
|  76|0x000000070e000000, 0x000000070e200000, 0x000000070e200000|100%| O|  |TAMS 0x000000070e200000, 0x000000070e000000| Untracked 
|  77|0x000000070e200000, 0x000000070e400000, 0x000000070e400000|100%| O|  |TAMS 0x000000070e400000, 0x000000070e200000| Untracked 
|  78|0x000000070e400000, 0x000000070e600000, 0x000000070e600000|100%| O|  |TAMS 0x000000070e600000, 0x000000070e400000| Untracked 
|  79|0x000000070e600000, 0x000000070e800000, 0x000000070e800000|100%| O|  |TAMS 0x000000070e800000, 0x000000070e600000| Untracked 
|  80|0x000000070e800000, 0x000000070ea00000, 0x000000070ea00000|100%| O|  |TAMS 0x000000070ea00000, 0x000000070e800000| Untracked 
|  81|0x000000070ea00000, 0x000000070ec00000, 0x000000070ec00000|100%| O|  |TAMS 0x000000070ec00000, 0x000000070ea00000| Untracked 
|  82|0x000000070ec00000, 0x000000070ee00000, 0x000000070ee00000|100%| O|  |TAMS 0x000000070ee00000, 0x000000070ec00000| Untracked 
|  83|0x000000070ee00000, 0x000000070f000000, 0x000000070f000000|100%| O|  |TAMS 0x000000070f000000, 0x000000070ee00000| Untracked 
|  84|0x000000070f000000, 0x000000070f200000, 0x000000070f200000|100%| O|  |TAMS 0x000000070f200000, 0x000000070f000000| Untracked 
|  85|0x000000070f200000, 0x000000070f400000, 0x000000070f400000|100%| O|  |TAMS 0x000000070f400000, 0x000000070f200000| Untracked 
|  86|0x000000070f400000, 0x000000070f600000, 0x000000070f600000|100%| O|  |TAMS 0x000000070f600000, 0x000000070f400000| Untracked 
|  87|0x000000070f600000, 0x000000070f800000, 0x000000070f800000|100%| O|  |TAMS 0x000000070f800000, 0x000000070f600000| Untracked 
|  88|0x000000070f800000, 0x000000070fa00000, 0x000000070fa00000|100%| O|  |TAMS 0x000000070fa00000, 0x000000070f800000| Untracked 
|  89|0x000000070fa00000, 0x000000070fc00000, 0x000000070fc00000|100%| O|  |TAMS 0x000000070fc00000, 0x000000070fa00000| Untracked 
|  90|0x000000070fc00000, 0x000000070fe00000, 0x000000070fe00000|100%| O|  |TAMS 0x000000070fe00000, 0x000000070fc00000| Untracked 
|  91|0x000000070fe00000, 0x0000000710000000, 0x0000000710000000|100%| O|  |TAMS 0x0000000710000000, 0x000000070fe00000| Untracked 
|  92|0x0000000710000000, 0x0000000710200000, 0x0000000710200000|100%| O|  |TAMS 0x0000000710200000, 0x0000000710000000| Untracked 
|  93|0x0000000710200000, 0x0000000710400000, 0x0000000710400000|100%| O|  |TAMS 0x0000000710400000, 0x0000000710200000| Untracked 
|  94|0x0000000710400000, 0x0000000710600000, 0x0000000710600000|100%| O|  |TAMS 0x0000000710600000, 0x0000000710400000| Untracked 
|  95|0x0000000710600000, 0x0000000710800000, 0x0000000710800000|100%| O|  |TAMS 0x0000000710800000, 0x0000000710600000| Untracked 
|  96|0x0000000710800000, 0x0000000710a00000, 0x0000000710a00000|100%| O|  |TAMS 0x0000000710a00000, 0x0000000710800000| Untracked 
|  97|0x0000000710a00000, 0x0000000710c00000, 0x0000000710c00000|100%| O|  |TAMS 0x0000000710c00000, 0x0000000710a00000| Untracked 
|  98|0x0000000710c00000, 0x0000000710e00000, 0x0000000710e00000|100%| O|  |TAMS 0x0000000710e00000, 0x0000000710c00000| Untracked 
|  99|0x0000000710e00000, 0x0000000711000000, 0x0000000711000000|100%| O|  |TAMS 0x0000000711000000, 0x0000000710e00000| Untracked 
| 100|0x0000000711000000, 0x0000000711200000, 0x0000000711200000|100%| O|  |TAMS 0x0000000711200000, 0x0000000711000000| Untracked 
| 101|0x0000000711200000, 0x0000000711400000, 0x0000000711400000|100%| O|  |TAMS 0x0000000711400000, 0x0000000711200000| Updating 
| 102|0x0000000711400000, 0x0000000711600000, 0x0000000711600000|100%| O|  |TAMS 0x0000000711600000, 0x0000000711400000| Untracked 
| 103|0x0000000711600000, 0x0000000711800000, 0x0000000711800000|100%| O|  |TAMS 0x0000000711800000, 0x0000000711600000| Untracked 
| 104|0x0000000711800000, 0x0000000711a00000, 0x0000000711a00000|100%| O|  |TAMS 0x0000000711a00000, 0x0000000711800000| Untracked 
| 105|0x0000000711a00000, 0x0000000711c00000, 0x0000000711c00000|100%| O|  |TAMS 0x0000000711c00000, 0x0000000711a00000| Untracked 
| 106|0x0000000711c00000, 0x0000000711e00000, 0x0000000711e00000|100%| O|  |TAMS 0x0000000711e00000, 0x0000000711c00000| Untracked 
| 107|0x0000000711e00000, 0x0000000712000000, 0x0000000712000000|100%| O|  |TAMS 0x0000000712000000, 0x0000000711e00000| Untracked 
| 108|0x0000000712000000, 0x0000000712200000, 0x0000000712200000|100%| O|  |TAMS 0x0000000712200000, 0x0000000712000000| Untracked 
| 109|0x0000000712200000, 0x0000000712400000, 0x0000000712400000|100%| O|  |TAMS 0x0000000712400000, 0x0000000712200000| Untracked 
| 110|0x0000000712400000, 0x0000000712600000, 0x0000000712600000|100%| O|  |TAMS 0x0000000712600000, 0x0000000712400000| Untracked 
| 111|0x0000000712600000, 0x0000000712800000, 0x0000000712800000|100%| O|  |TAMS 0x0000000712800000, 0x0000000712600000| Untracked 
| 112|0x0000000712800000, 0x0000000712a00000, 0x0000000712a00000|100%| O|  |TAMS 0x0000000712a00000, 0x0000000712800000| Untracked 
| 113|0x0000000712a00000, 0x0000000712c00000, 0x0000000712c00000|100%| O|  |TAMS 0x0000000712c00000, 0x0000000712a00000| Untracked 
| 114|0x0000000712c00000, 0x0000000712e00000, 0x0000000712e00000|100%| O|  |TAMS 0x0000000712e00000, 0x0000000712c00000| Untracked 
| 115|0x0000000712e00000, 0x0000000713000000, 0x0000000713000000|100%| O|  |TAMS 0x0000000713000000, 0x0000000712e00000| Untracked 
| 116|0x0000000713000000, 0x0000000713200000, 0x0000000713200000|100%| O|  |TAMS 0x0000000713200000, 0x0000000713000000| Updating 
| 117|0x0000000713200000, 0x0000000713400000, 0x0000000713400000|100%| O|  |TAMS 0x0000000713400000, 0x0000000713200000| Updating 
| 118|0x0000000713400000, 0x0000000713600000, 0x0000000713600000|100%| O|  |TAMS 0x0000000713600000, 0x0000000713400000| Untracked 
| 119|0x0000000713600000, 0x0000000713800000, 0x0000000713800000|100%| O|  |TAMS 0x0000000713800000, 0x0000000713600000| Untracked 
| 120|0x0000000713800000, 0x0000000713a00000, 0x0000000713a00000|100%| O|  |TAMS 0x0000000713a00000, 0x0000000713800000| Untracked 
| 121|0x0000000713a00000, 0x0000000713c00000, 0x0000000713c00000|100%| O|  |TAMS 0x0000000713c00000, 0x0000000713a00000| Untracked 
| 122|0x0000000713c00000, 0x0000000713e00000, 0x0000000713e00000|100%| O|  |TAMS 0x0000000713e00000, 0x0000000713c00000| Untracked 
| 123|0x0000000713e00000, 0x0000000714000000, 0x0000000714000000|100%| O|  |TAMS 0x0000000714000000, 0x0000000713e00000| Untracked 
| 124|0x0000000714000000, 0x0000000714200000, 0x0000000714200000|100%| O|  |TAMS 0x0000000714200000, 0x0000000714000000| Untracked 
| 125|0x0000000714200000, 0x0000000714400000, 0x0000000714400000|100%| O|  |TAMS 0x0000000714400000, 0x0000000714200000| Untracked 
| 126|0x0000000714400000, 0x0000000714600000, 0x0000000714600000|100%| O|  |TAMS 0x0000000714600000, 0x0000000714400000| Untracked 
| 127|0x0000000714600000, 0x0000000714800000, 0x0000000714800000|100%| O|  |TAMS 0x0000000714800000, 0x0000000714600000| Untracked 
| 128|0x0000000714800000, 0x0000000714a00000, 0x0000000714a00000|100%| O|  |TAMS 0x00000007149d0200, 0x0000000714800000| Untracked 
| 129|0x0000000714a00000, 0x0000000714c00000, 0x0000000714c00000|100%| O|  |TAMS 0x0000000714a00000, 0x0000000714a00000| Untracked 
| 130|0x0000000714c00000, 0x0000000714e00000, 0x0000000714e00000|100%| O|  |TAMS 0x0000000714c00000, 0x0000000714c00000| Untracked 
| 131|0x0000000714e00000, 0x0000000715000000, 0x0000000715000000|100%| O|  |TAMS 0x0000000714e00000, 0x0000000714e00000| Untracked 
| 132|0x0000000715000000, 0x0000000715200000, 0x0000000715200000|100%| O|  |TAMS 0x0000000715000000, 0x0000000715000000| Untracked 
| 133|0x0000000715200000, 0x0000000715400000, 0x0000000715400000|100%| O|  |TAMS 0x0000000715200000, 0x0000000715200000| Untracked 
| 134|0x0000000715400000, 0x0000000715600000, 0x0000000715600000|100%| O|  |TAMS 0x0000000715400000, 0x0000000715400000| Untracked 
| 135|0x0000000715600000, 0x0000000715800000, 0x0000000715800000|100%| O|  |TAMS 0x0000000715600000, 0x0000000715600000| Untracked 
| 136|0x0000000715800000, 0x0000000715a00000, 0x0000000715a00000|100%| O|  |TAMS 0x0000000715800000, 0x0000000715800000| Untracked 
| 137|0x0000000715a00000, 0x0000000715c00000, 0x0000000715c00000|100%| O|  |TAMS 0x0000000715a00000, 0x0000000715a00000| Untracked 
| 138|0x0000000715c00000, 0x0000000715e00000, 0x0000000715e00000|100%| O|  |TAMS 0x0000000715c00000, 0x0000000715c00000| Untracked 
| 139|0x0000000715e00000, 0x0000000715ee7800, 0x0000000716000000| 45%| O|  |TAMS 0x0000000715e00000, 0x0000000715e00000| Updating 
| 140|0x0000000716000000, 0x0000000716000000, 0x0000000716200000|  0%| F|  |TAMS 0x0000000716000000, 0x0000000716000000| Untracked 
| 141|0x0000000716200000, 0x0000000716200000, 0x0000000716400000|  0%| F|  |TAMS 0x0000000716200000, 0x0000000716200000| Untracked 
| 142|0x0000000716400000, 0x0000000716400000, 0x0000000716600000|  0%| F|  |TAMS 0x0000000716400000, 0x0000000716400000| Untracked 
| 143|0x0000000716600000, 0x0000000716600000, 0x0000000716800000|  0%| F|  |TAMS 0x0000000716600000, 0x0000000716600000| Untracked 
| 144|0x0000000716800000, 0x0000000716800000, 0x0000000716a00000|  0%| F|  |TAMS 0x0000000716800000, 0x0000000716800000| Untracked 
| 145|0x0000000716a00000, 0x0000000716a00000, 0x0000000716c00000|  0%| F|  |TAMS 0x0000000716a00000, 0x0000000716a00000| Untracked 
| 146|0x0000000716c00000, 0x0000000716c00000, 0x0000000716e00000|  0%| F|  |TAMS 0x0000000716c00000, 0x0000000716c00000| Untracked 
| 147|0x0000000716e00000, 0x0000000716e00000, 0x0000000717000000|  0%| F|  |TAMS 0x0000000716e00000, 0x0000000716e00000| Untracked 
| 148|0x0000000717000000, 0x0000000717000000, 0x0000000717200000|  0%| F|  |TAMS 0x0000000717000000, 0x0000000717000000| Untracked 
| 149|0x0000000717200000, 0x0000000717200000, 0x0000000717400000|  0%| F|  |TAMS 0x0000000717200000, 0x0000000717200000| Untracked 
| 150|0x0000000717400000, 0x0000000717400000, 0x0000000717600000|  0%| F|  |TAMS 0x0000000717400000, 0x0000000717400000| Untracked 
| 151|0x0000000717600000, 0x0000000717600000, 0x0000000717800000|  0%| F|  |TAMS 0x0000000717600000, 0x0000000717600000| Untracked 
| 152|0x0000000717800000, 0x0000000717800000, 0x0000000717a00000|  0%| F|  |TAMS 0x0000000717800000, 0x0000000717800000| Untracked 
| 153|0x0000000717a00000, 0x0000000717a00000, 0x0000000717c00000|  0%| F|  |TAMS 0x0000000717a00000, 0x0000000717a00000| Untracked 
| 154|0x0000000717c00000, 0x0000000717c00000, 0x0000000717e00000|  0%| F|  |TAMS 0x0000000717c00000, 0x0000000717c00000| Untracked 
| 155|0x0000000717e00000, 0x0000000717e00000, 0x0000000718000000|  0%| F|  |TAMS 0x0000000717e00000, 0x0000000717e00000| Untracked 
| 156|0x0000000718000000, 0x0000000718000000, 0x0000000718200000|  0%| F|  |TAMS 0x0000000718000000, 0x0000000718000000| Untracked 
| 157|0x0000000718200000, 0x0000000718200000, 0x0000000718400000|  0%| F|  |TAMS 0x0000000718200000, 0x0000000718200000| Untracked 
| 158|0x0000000718400000, 0x0000000718400000, 0x0000000718600000|  0%| F|  |TAMS 0x0000000718400000, 0x0000000718400000| Untracked 
| 159|0x0000000718600000, 0x0000000718600000, 0x0000000718800000|  0%| F|  |TAMS 0x0000000718600000, 0x0000000718600000| Untracked 
| 160|0x0000000718800000, 0x0000000718800000, 0x0000000718a00000|  0%| F|  |TAMS 0x0000000718800000, 0x0000000718800000| Untracked 
| 161|0x0000000718a00000, 0x0000000718a00000, 0x0000000718c00000|  0%| F|  |TAMS 0x0000000718a00000, 0x0000000718a00000| Untracked 
| 162|0x0000000718c00000, 0x0000000718c00000, 0x0000000718e00000|  0%| F|  |TAMS 0x0000000718c00000, 0x0000000718c00000| Untracked 
| 163|0x0000000718e00000, 0x0000000718e00000, 0x0000000719000000|  0%| F|  |TAMS 0x0000000718e00000, 0x0000000718e00000| Untracked 
| 164|0x0000000719000000, 0x0000000719000000, 0x0000000719200000|  0%| F|  |TAMS 0x0000000719000000, 0x0000000719000000| Untracked 
| 165|0x0000000719200000, 0x0000000719200000, 0x0000000719400000|  0%| F|  |TAMS 0x0000000719200000, 0x0000000719200000| Untracked 
| 166|0x0000000719400000, 0x0000000719400000, 0x0000000719600000|  0%| F|  |TAMS 0x0000000719400000, 0x0000000719400000| Untracked 
| 167|0x0000000719600000, 0x0000000719600000, 0x0000000719800000|  0%| F|  |TAMS 0x0000000719600000, 0x0000000719600000| Untracked 
| 168|0x0000000719800000, 0x0000000719800000, 0x0000000719a00000|  0%| F|  |TAMS 0x0000000719800000, 0x0000000719800000| Untracked 
| 169|0x0000000719a00000, 0x0000000719a00000, 0x0000000719c00000|  0%| F|  |TAMS 0x0000000719a00000, 0x0000000719a00000| Untracked 
| 170|0x0000000719c00000, 0x0000000719c00000, 0x0000000719e00000|  0%| F|  |TAMS 0x0000000719c00000, 0x0000000719c00000| Untracked 
| 171|0x0000000719e00000, 0x0000000719e00000, 0x000000071a000000|  0%| F|  |TAMS 0x0000000719e00000, 0x0000000719e00000| Untracked 
| 172|0x000000071a000000, 0x000000071a000000, 0x000000071a200000|  0%| F|  |TAMS 0x000000071a000000, 0x000000071a000000| Untracked 
| 173|0x000000071a200000, 0x000000071a200000, 0x000000071a400000|  0%| F|  |TAMS 0x000000071a200000, 0x000000071a200000| Untracked 
| 174|0x000000071a400000, 0x000000071a400000, 0x000000071a600000|  0%| F|  |TAMS 0x000000071a400000, 0x000000071a400000| Untracked 
| 175|0x000000071a600000, 0x000000071a800000, 0x000000071a800000|100%| S|CS|TAMS 0x000000071a600000, 0x000000071a600000| Complete 
| 176|0x000000071a800000, 0x000000071aa00000, 0x000000071aa00000|100%| S|CS|TAMS 0x000000071a800000, 0x000000071a800000| Complete 
| 177|0x000000071aa00000, 0x000000071ac00000, 0x000000071ac00000|100%| S|CS|TAMS 0x000000071aa00000, 0x000000071aa00000| Complete 
| 178|0x000000071ac00000, 0x000000071ae00000, 0x000000071ae00000|100%| S|CS|TAMS 0x000000071ac00000, 0x000000071ac00000| Complete 
| 179|0x000000071ae00000, 0x000000071ae00000, 0x000000071b000000|  0%| F|  |TAMS 0x000000071ae00000, 0x000000071ae00000| Untracked 
| 180|0x000000071b000000, 0x000000071b000000, 0x000000071b200000|  0%| F|  |TAMS 0x000000071b000000, 0x000000071b000000| Untracked 
| 181|0x000000071b200000, 0x000000071b200000, 0x000000071b400000|  0%| F|  |TAMS 0x000000071b200000, 0x000000071b200000| Untracked 
| 182|0x000000071b400000, 0x000000071b400000, 0x000000071b600000|  0%| F|  |TAMS 0x000000071b400000, 0x000000071b400000| Untracked 
| 183|0x000000071b600000, 0x000000071b600000, 0x000000071b800000|  0%| F|  |TAMS 0x000000071b600000, 0x000000071b600000| Untracked 
| 184|0x000000071b800000, 0x000000071b800000, 0x000000071ba00000|  0%| F|  |TAMS 0x000000071b800000, 0x000000071b800000| Untracked 
| 185|0x000000071ba00000, 0x000000071ba00000, 0x000000071bc00000|  0%| F|  |TAMS 0x000000071ba00000, 0x000000071ba00000| Untracked 
| 186|0x000000071bc00000, 0x000000071bc00000, 0x000000071be00000|  0%| F|  |TAMS 0x000000071bc00000, 0x000000071bc00000| Untracked 
| 187|0x000000071be00000, 0x000000071be00000, 0x000000071c000000|  0%| F|  |TAMS 0x000000071be00000, 0x000000071be00000| Untracked 
| 188|0x000000071c000000, 0x000000071c000000, 0x000000071c200000|  0%| F|  |TAMS 0x000000071c000000, 0x000000071c000000| Untracked 
| 189|0x000000071c200000, 0x000000071c200000, 0x000000071c400000|  0%| F|  |TAMS 0x000000071c200000, 0x000000071c200000| Untracked 
| 190|0x000000071c400000, 0x000000071c400000, 0x000000071c600000|  0%| F|  |TAMS 0x000000071c400000, 0x000000071c400000| Untracked 
| 191|0x000000071c600000, 0x000000071c600000, 0x000000071c800000|  0%| F|  |TAMS 0x000000071c600000, 0x000000071c600000| Untracked 
| 192|0x000000071c800000, 0x000000071c800000, 0x000000071ca00000|  0%| F|  |TAMS 0x000000071c800000, 0x000000071c800000| Untracked 
| 193|0x000000071ca00000, 0x000000071ca00000, 0x000000071cc00000|  0%| F|  |TAMS 0x000000071ca00000, 0x000000071ca00000| Untracked 
| 194|0x000000071cc00000, 0x000000071cc00000, 0x000000071ce00000|  0%| F|  |TAMS 0x000000071cc00000, 0x000000071cc00000| Untracked 
| 195|0x000000071ce00000, 0x000000071ce00000, 0x000000071d000000|  0%| F|  |TAMS 0x000000071ce00000, 0x000000071ce00000| Untracked 
| 196|0x000000071d000000, 0x000000071d000000, 0x000000071d200000|  0%| F|  |TAMS 0x000000071d000000, 0x000000071d000000| Untracked 
| 197|0x000000071d200000, 0x000000071d200000, 0x000000071d400000|  0%| F|  |TAMS 0x000000071d200000, 0x000000071d200000| Untracked 
| 198|0x000000071d400000, 0x000000071d400000, 0x000000071d600000|  0%| F|  |TAMS 0x000000071d400000, 0x000000071d400000| Untracked 
| 199|0x000000071d600000, 0x000000071d600000, 0x000000071d800000|  0%| F|  |TAMS 0x000000071d600000, 0x000000071d600000| Untracked 
| 200|0x000000071d800000, 0x000000071d800000, 0x000000071da00000|  0%| F|  |TAMS 0x000000071d800000, 0x000000071d800000| Untracked 
| 201|0x000000071da00000, 0x000000071da00000, 0x000000071dc00000|  0%| F|  |TAMS 0x000000071da00000, 0x000000071da00000| Untracked 
| 202|0x000000071dc00000, 0x000000071dc00000, 0x000000071de00000|  0%| F|  |TAMS 0x000000071dc00000, 0x000000071dc00000| Untracked 
| 203|0x000000071de00000, 0x000000071de00000, 0x000000071e000000|  0%| F|  |TAMS 0x000000071de00000, 0x000000071de00000| Untracked 
| 204|0x000000071e000000, 0x000000071e066468, 0x000000071e200000| 19%| E|  |TAMS 0x000000071e000000, 0x000000071e000000| Complete 

Card table byte_map: [0x000001dced2d0000,0x000001dcedab0000] _byte_map_base: 0x000001dce9aac000

Marking Bits (Prev, Next): (CMBitMap*) 0x000001dcd40874a0, (CMBitMap*) 0x000001dcd4087460
 Prev Bits: [0x000001dcf2170000, 0x000001dcf6050000)
 Next Bits: [0x000001dcee290000, 0x000001dcf2170000)

Polling page: 0x000001dcdd050000

Metaspace:

Usage:
  Non-class:     16.06 MB used.
      Class:      1.98 MB used.
       Both:     18.04 MB used.

Virtual space:
  Non-class space:       24.00 MB reserved,      16.19 MB ( 67%) committed,  3 nodes.
      Class space:        1.00 GB reserved,       2.12 MB ( <1%) committed,  1 nodes.
             Both:        1.02 GB reserved,      18.31 MB (  2%) committed. 

Chunk freelists:
   Non-Class:  3.00 MB
       Class:  1.75 MB
        Both:  4.75 MB

MaxMetaspaceSize: unlimited
CompressedClassSpaceSize: 1.00 GB
Initial GC threshold: 21.00 MB
Current GC threshold: 30.44 MB
CDS: on
MetaspaceReclaimPolicy: balanced
 - commit_granule_bytes: 65536.
 - commit_granule_words: 8192.
 - virtual_space_node_default_size: 1048576.
 - enlarge_chunks_in_place: 1.
 - new_chunks_are_fully_committed: 0.
 - uncommit_free_chunks: 1.
 - use_allocation_guard: 0.
 - handle_deallocations: 1.


Internal statistics:

num_allocs_failed_limit: 0.
num_arena_births: 144.
num_arena_deaths: 0.
num_vsnodes_births: 4.
num_vsnodes_deaths: 0.
num_space_committed: 293.
num_space_uncommitted: 0.
num_chunks_returned_to_freelist: 0.
num_chunks_taken_from_freelist: 381.
num_chunk_merges: 0.
num_chunk_splits: 238.
num_chunks_enlarged: 161.
num_purges: 0.
num_inconsistent_stats: 0.

CodeHeap 'non-profiled nmethods': size=120000Kb used=1199Kb max_used=1199Kb free=118800Kb
 bounds [0x000001dce4b40000, 0x000001dce4db0000, 0x000001dcec070000]
CodeHeap 'profiled nmethods': size=120000Kb used=5082Kb max_used=5082Kb free=114917Kb
 bounds [0x000001dcdd070000, 0x000001dcdd570000, 0x000001dce45a0000]
CodeHeap 'non-nmethods': size=5760Kb used=1414Kb max_used=1530Kb free=4345Kb
 bounds [0x000001dce45a0000, 0x000001dce4810000, 0x000001dce4b40000]
 total_blobs=3134 nmethods=2465 adapters=582
 compilation: enabled
              stopped_count=0, restarted_count=0
 full_count=0

Compilation events (20 events):
Event: 11.891 Thread 0x000001dcf8b56480 2458       3       java.awt.image.PackedColorModel::equals (152 bytes)
Event: 11.892 Thread 0x000001dcf8b56480 nmethod 2458 0x000001dcdd560f90 code [0x000001dcdd5611e0, 0x000001dcdd5620b8]
Event: 11.892 Thread 0x000001dcf8b56480 2457       3       sun.awt.image.SunWritableRaster::markDirty (13 bytes)
Event: 11.892 Thread 0x000001dcf8b56480 nmethod 2457 0x000001dcdd562410 code [0x000001dcdd5625c0, 0x000001dcdd5627f8]
Event: 11.918 Thread 0x000001dcf8b56480 2459   !   3       sun.awt.image.ImageRepresentation::createBufferedImage (184 bytes)
Event: 11.918 Thread 0x000001dcf8b512a0 2460 %     4       java.awt.image.SinglePixelPackedSampleModel::<init> @ 160 (243 bytes)
Event: 11.919 Thread 0x000001dcf8b56480 nmethod 2459 0x000001dcdd562990 code [0x000001dcdd562be0, 0x000001dcdd5637d8]
Event: 11.922 Thread 0x000001dcf8b512a0 nmethod 2460% 0x000001dce4c6b510 code [0x000001dce4c6b6a0, 0x000001dce4c6b9b8]
Event: 12.003 Thread 0x000001dcf8b56480 2461       3       sun.awt.image.ToolkitImage::makeImageRep (13 bytes)
Event: 12.003 Thread 0x000001dcf8b56480 nmethod 2461 0x000001dcdd563b90 code [0x000001dcdd563d40, 0x000001dcdd563f38]
Event: 12.063 Thread 0x000001dcf8b56480 2462       3       javax.swing.plaf.metal.DefaultMetalTheme$FontDelegate::getFont (66 bytes)
Event: 12.064 Thread 0x000001dcf8b56480 nmethod 2462 0x000001dcdd564010 code [0x000001dcdd5642c0, 0x000001dcdd565028]
Event: 12.064 Thread 0x000001dcf8b56480 2463       3       java.awt.geom.AffineTransform::getScaleInstance (19 bytes)
Event: 12.064 Thread 0x000001dcf8b56480 nmethod 2463 0x000001dcdd565710 code [0x000001dcdd5658c0, 0x000001dcdd565a98]
Event: 12.064 Thread 0x000001dcf8b56480 2464       3       java.awt.geom.AffineTransform::setToScale (66 bytes)
Event: 12.064 Thread 0x000001dcf8b56480 nmethod 2464 0x000001dcdd565b90 code [0x000001dcdd565d60, 0x000001dcdd565fd8]
Event: 12.403 Thread 0x000001dcf8b56480 2465       3       java.lang.StringBuilder::append (6 bytes)
Event: 12.403 Thread 0x000001dcf8b56480 nmethod 2465 0x000001dcdd566090 code [0x000001dcdd566240, 0x000001dcdd5663e8]
Event: 12.403 Thread 0x000001dcf8b56480 2466       3       sun.awt.image.ToolkitImage::hasError (33 bytes)
Event: 12.404 Thread 0x000001dcf8b56480 nmethod 2466 0x000001dcdd566490 code [0x000001dcdd566640, 0x000001dcdd5668e8]

GC Heap History (20 events):
Event: 6.826 GC heap before
{Heap before GC invocations=5 (full 0):
 garbage-first heap   total 258048K, used 168860K [0x0000000704800000, 0x0000000800000000)
  region size 2048K, 36 young (73728K), 6 survivors (12288K)
 Metaspace       used 18383K, committed 18624K, reserved 1073152K
  class space    used 2028K, committed 2176K, reserved 1048576K
}
Event: 6.829 GC heap after
{Heap after GC invocations=6 (full 0):
 garbage-first heap   total 258048K, used 130881K [0x0000000704800000, 0x0000000800000000)
  region size 2048K, 5 young (10240K), 5 survivors (10240K)
 Metaspace       used 18383K, committed 18624K, reserved 1073152K
  class space    used 2028K, committed 2176K, reserved 1048576K
}
Event: 7.392 GC heap before
{Heap before GC invocations=6 (full 0):
 garbage-first heap   total 258048K, used 180033K [0x0000000704800000, 0x0000000800000000)
  region size 2048K, 30 young (61440K), 5 survivors (10240K)
 Metaspace       used 18427K, committed 18688K, reserved 1073152K
  class space    used 2028K, committed 2176K, reserved 1048576K
}
Event: 7.394 GC heap after
{Heap after GC invocations=7 (full 0):
 garbage-first heap   total 258048K, used 149308K [0x0000000704800000, 0x0000000800000000)
  region size 2048K, 4 young (8192K), 4 survivors (8192K)
 Metaspace       used 18427K, committed 18688K, reserved 1073152K
  class space    used 2028K, committed 2176K, reserved 1048576K
}
Event: 7.962 GC heap before
{Heap before GC invocations=8 (full 0):
 garbage-first heap   total 258048K, used 188220K [0x0000000704800000, 0x0000000800000000)
  region size 2048K, 24 young (49152K), 4 survivors (8192K)
 Metaspace       used 18428K, committed 18688K, reserved 1073152K
  class space    used 2028K, committed 2176K, reserved 1048576K
}
Event: 7.963 GC heap after
{Heap after GC invocations=9 (full 0):
 garbage-first heap   total 258048K, used 163642K [0x0000000704800000, 0x0000000800000000)
  region size 2048K, 3 young (6144K), 3 survivors (6144K)
 Metaspace       used 18428K, committed 18688K, reserved 1073152K
  class space    used 2028K, committed 2176K, reserved 1048576K
}
Event: 8.405 GC heap before
{Heap before GC invocations=9 (full 0):
 garbage-first heap   total 258048K, used 196410K [0x0000000704800000, 0x0000000800000000)
  region size 2048K, 20 young (40960K), 3 survivors (6144K)
 Metaspace       used 18428K, committed 18688K, reserved 1073152K
  class space    used 2028K, committed 2176K, reserved 1048576K
}
Event: 8.408 GC heap after
{Heap after GC invocations=10 (full 0):
 garbage-first heap   total 258048K, used 175928K [0x0000000704800000, 0x0000000800000000)
  region size 2048K, 3 young (6144K), 3 survivors (6144K)
 Metaspace       used 18428K, committed 18688K, reserved 1073152K
  class space    used 2028K, committed 2176K, reserved 1048576K
}
Event: 8.720 GC heap before
{Heap before GC invocations=11 (full 0):
 garbage-first heap   total 301056K, used 198456K [0x0000000704800000, 0x0000000800000000)
  region size 2048K, 15 young (30720K), 3 survivors (6144K)
 Metaspace       used 18428K, committed 18688K, reserved 1073152K
  class space    used 2028K, committed 2176K, reserved 1048576K
}
Event: 8.722 GC heap after
{Heap after GC invocations=12 (full 0):
 garbage-first heap   total 301056K, used 185246K [0x0000000704800000, 0x0000000800000000)
  region size 2048K, 2 young (4096K), 2 survivors (4096K)
 Metaspace       used 18428K, committed 18688K, reserved 1073152K
  class space    used 2028K, committed 2176K, reserved 1048576K
}
Event: 9.527 GC heap before
{Heap before GC invocations=12 (full 0):
 garbage-first heap   total 301056K, used 230302K [0x0000000704800000, 0x0000000800000000)
  region size 2048K, 25 young (51200K), 2 survivors (4096K)
 Metaspace       used 18428K, committed 18688K, reserved 1073152K
  class space    used 2028K, committed 2176K, reserved 1048576K
}
Event: 9.528 GC heap after
{Heap after GC invocations=13 (full 0):
 garbage-first heap   total 301056K, used 202558K [0x0000000704800000, 0x0000000800000000)
  region size 2048K, 4 young (8192K), 4 survivors (8192K)
 Metaspace       used 18428K, committed 18688K, reserved 1073152K
  class space    used 2028K, committed 2176K, reserved 1048576K
}
Event: 10.027 GC heap before
{Heap before GC invocations=14 (full 0):
 garbage-first heap   total 346112K, used 233278K [0x0000000704800000, 0x0000000800000000)
  region size 2048K, 20 young (40960K), 4 survivors (8192K)
 Metaspace       used 18428K, committed 18688K, reserved 1073152K
  class space    used 2028K, committed 2176K, reserved 1048576K
}
Event: 10.031 GC heap after
{Heap after GC invocations=15 (full 0):
 garbage-first heap   total 415744K, used 213920K [0x0000000704800000, 0x0000000800000000)
  region size 2048K, 3 young (6144K), 3 survivors (6144K)
 Metaspace       used 18428K, committed 18688K, reserved 1073152K
  class space    used 2028K, committed 2176K, reserved 1048576K
}
Event: 11.279 GC heap before
{Heap before GC invocations=15 (full 0):
 garbage-first heap   total 415744K, used 306080K [0x0000000704800000, 0x0000000800000000)
  region size 2048K, 49 young (100352K), 3 survivors (6144K)
 Metaspace       used 18443K, committed 18688K, reserved 1073152K
  class space    used 2028K, committed 2176K, reserved 1048576K
}
Event: 11.284 GC heap after
{Heap after GC invocations=16 (full 0):
 garbage-first heap   total 415744K, used 248736K [0x0000000704800000, 0x0000000800000000)
  region size 2048K, 7 young (14336K), 7 survivors (14336K)
 Metaspace       used 18443K, committed 18688K, reserved 1073152K
  class space    used 2028K, committed 2176K, reserved 1048576K
}
Event: 11.945 GC heap before
{Heap before GC invocations=17 (full 0):
 garbage-first heap   total 419840K, used 314272K [0x0000000704800000, 0x0000000800000000)
  region size 2048K, 40 young (81920K), 7 survivors (14336K)
 Metaspace       used 18470K, committed 18752K, reserved 1073152K
  class space    used 2028K, committed 2176K, reserved 1048576K
}
Event: 11.947 GC heap after
{Heap after GC invocations=18 (full 0):
 garbage-first heap   total 419840K, used 274240K [0x0000000704800000, 0x0000000800000000)
  region size 2048K, 5 young (10240K), 5 survivors (10240K)
 Metaspace       used 18470K, committed 18752K, reserved 1073152K
  class space    used 2028K, committed 2176K, reserved 1048576K
}
Event: 12.556 GC heap before
{Heap before GC invocations=18 (full 0):
 garbage-first heap   total 419840K, used 325440K [0x0000000704800000, 0x0000000800000000)
  region size 2048K, 31 young (63488K), 5 survivors (10240K)
 Metaspace       used 18476K, committed 18752K, reserved 1073152K
  class space    used 2028K, committed 2176K, reserved 1048576K
}
Event: 12.557 GC heap after
{Heap after GC invocations=19 (full 0):
 garbage-first heap   total 419840K, used 293790K [0x0000000704800000, 0x0000000800000000)
  region size 2048K, 4 young (8192K), 4 survivors (8192K)
 Metaspace       used 18476K, committed 18752K, reserved 1073152K
  class space    used 2028K, committed 2176K, reserved 1048576K
}

Deoptimization events (20 events):
Event: 11.636 Thread 0x000001dcfba10510 DEOPT PACKING pc=0x000001dcdd532ef4 sp=0x000000d01cffee00
Event: 11.636 Thread 0x000001dcfba10510 DEOPT UNPACKING pc=0x000001dce45f66e3 sp=0x000000d01cffe270 mode 1
Event: 11.636 Thread 0x000001dcfba10510 DEOPT PACKING pc=0x000001dcdd5398a4 sp=0x000000d01cffee90
Event: 11.636 Thread 0x000001dcfba10510 DEOPT UNPACKING pc=0x000001dce45f66e3 sp=0x000000d01cffe358 mode 1
Event: 11.805 Thread 0x000001dcfba109e0 DEOPT PACKING pc=0x000001dcdd532ef4 sp=0x000000d01deff360
Event: 11.805 Thread 0x000001dcfba109e0 DEOPT UNPACKING pc=0x000001dce45f66e3 sp=0x000000d01defe7d0 mode 1
Event: 11.805 Thread 0x000001dcfba109e0 DEOPT PACKING pc=0x000001dcdd5398a4 sp=0x000000d01deff3f0
Event: 11.805 Thread 0x000001dcfba109e0 DEOPT UNPACKING pc=0x000001dce45f66e3 sp=0x000000d01defe8b8 mode 1
Event: 11.975 Thread 0x000001dcfba10510 DEOPT PACKING pc=0x000001dcdd532ef4 sp=0x000000d01cffee00
Event: 11.975 Thread 0x000001dcfba10510 DEOPT UNPACKING pc=0x000001dce45f66e3 sp=0x000000d01cffe270 mode 1
Event: 11.975 Thread 0x000001dcfba10510 DEOPT PACKING pc=0x000001dcdd5398a4 sp=0x000000d01cffee90
Event: 11.975 Thread 0x000001dcfba10510 DEOPT UNPACKING pc=0x000001dce45f66e3 sp=0x000000d01cffe358 mode 1
Event: 12.193 Thread 0x000001dcfba109e0 DEOPT PACKING pc=0x000001dcdd532ef4 sp=0x000000d01deff360
Event: 12.193 Thread 0x000001dcfba109e0 DEOPT UNPACKING pc=0x000001dce45f66e3 sp=0x000000d01defe7d0 mode 1
Event: 12.193 Thread 0x000001dcfba109e0 DEOPT PACKING pc=0x000001dcdd5398a4 sp=0x000000d01deff3f0
Event: 12.193 Thread 0x000001dcfba109e0 DEOPT UNPACKING pc=0x000001dce45f66e3 sp=0x000000d01defe8b8 mode 1
Event: 12.403 Thread 0x000001dcfba10510 DEOPT PACKING pc=0x000001dcdd532ef4 sp=0x000000d01cffee00
Event: 12.403 Thread 0x000001dcfba10510 DEOPT UNPACKING pc=0x000001dce45f66e3 sp=0x000000d01cffe270 mode 1
Event: 12.403 Thread 0x000001dcfba10510 DEOPT PACKING pc=0x000001dcdd5398a4 sp=0x000000d01cffee90
Event: 12.403 Thread 0x000001dcfba10510 DEOPT UNPACKING pc=0x000001dce45f66e3 sp=0x000000d01cffe358 mode 1

Classes unloaded (0 events):
No events

Classes redefined (0 events):
No events

Internal exceptions (20 events):
Event: 8.128 Thread 0x000001dcfba10510 Exception <a 'java/io/FileNotFoundException'{0x0000000713a458b8}> (0x0000000713a458b8) 
thrown [s\open\src\hotspot\share\prims\jni.cpp, line 516]
Event: 8.323 Thread 0x000001dcfba109e0 Exception <a 'java/io/FileNotFoundException'{0x0000000712b09e98}> (0x0000000712b09e98) 
thrown [s\open\src\hotspot\share\prims\jni.cpp, line 516]
Event: 8.567 Thread 0x000001dcfba10510 Exception <a 'java/io/FileNotFoundException'{0x00000007168572c0}> (0x00000007168572c0) 
thrown [s\open\src\hotspot\share\prims\jni.cpp, line 516]
Event: 8.793 Thread 0x000001dcfba109e0 Exception <a 'java/io/FileNotFoundException'{0x0000000716dcfd70}> (0x0000000716dcfd70) 
thrown [s\open\src\hotspot\share\prims\jni.cpp, line 516]
Event: 9.090 Thread 0x000001dcfba109e0 Exception <a 'java/io/FileNotFoundException'{0x0000000715a6e0b8}> (0x0000000715a6e0b8) 
thrown [s\open\src\hotspot\share\prims\jni.cpp, line 516]
Event: 9.401 Thread 0x000001dcfba10510 Exception <a 'java/io/FileNotFoundException'{0x0000000714701798}> (0x0000000714701798) 
thrown [s\open\src\hotspot\share\prims\jni.cpp, line 516]
Event: 9.663 Thread 0x000001dcfba109e0 Exception <a 'java/io/FileNotFoundException'{0x0000000719996fe8}> (0x0000000719996fe8) 
thrown [s\open\src\hotspot\share\prims\jni.cpp, line 516]
Event: 9.927 Thread 0x000001dcfba10510 Exception <a 'java/io/FileNotFoundException'{0x000000071864ed38}> (0x000000071864ed38) 
thrown [s\open\src\hotspot\share\prims\jni.cpp, line 516]
Event: 10.173 Thread 0x000001dcfba109e0 Exception <a 'java/io/FileNotFoundException'{0x000000071d775118}> (0x000000071d775118) 
thrown [s\open\src\hotspot\share\prims\jni.cpp, line 516]
Event: 10.411 Thread 0x000001dcfba10510 Exception <a 'java/io/FileNotFoundException'{0x000000071c7dc9f8}> (0x000000071c7dc9f8) 
thrown [s\open\src\hotspot\share\prims\jni.cpp, line 516]
Event: 10.659 Thread 0x000001dcfba109e0 Exception <a 'java/io/FileNotFoundException'{0x000000071b468238}> (0x000000071b468238) 
thrown [s\open\src\hotspot\share\prims\jni.cpp, line 516]
Event: 10.907 Thread 0x000001dcfba10510 Exception <a 'java/io/FileNotFoundException'{0x000000071a7f7860}> (0x000000071a7f7860) 
thrown [s\open\src\hotspot\share\prims\jni.cpp, line 516]
Event: 11.113 Thread 0x000001dcfba109e0 Exception <a 'java/io/FileNotFoundException'{0x00000007192917b8}> (0x00000007192917b8) 
thrown [s\open\src\hotspot\share\prims\jni.cpp, line 516]
Event: 11.321 Thread 0x000001dcfba10510 Exception <a 'java/io/FileNotFoundException'{0x000000071e003be0}> (0x000000071e003be0) 
thrown [s\open\src\hotspot\share\prims\jni.cpp, line 516]
Event: 11.479 Thread 0x000001dcfba109e0 Exception <a 'java/io/FileNotFoundException'{0x000000071d3f1b78}> (0x000000071d3f1b78) 
thrown [s\open\src\hotspot\share\prims\jni.cpp, line 516]
Event: 11.636 Thread 0x000001dcfba10510 Exception <a 'java/io/FileNotFoundException'{0x000000071c03d1b8}> (0x000000071c03d1b8) 
thrown [s\open\src\hotspot\share\prims\jni.cpp, line 516]
Event: 11.805 Thread 0x000001dcfba109e0 Exception <a 'java/io/FileNotFoundException'{0x000000071b13bb18}> (0x000000071b13bb18) 
thrown [s\open\src\hotspot\share\prims\jni.cpp, line 516]
Event: 11.975 Thread 0x000001dcfba10510 Exception <a 'java/io/FileNotFoundException'{0x000000071e1e7978}> (0x000000071e1e7978) 
thrown [s\open\src\hotspot\share\prims\jni.cpp, line 516]
Event: 12.193 Thread 0x000001dcfba109e0 Exception <a 'java/io/FileNotFoundException'{0x000000071d3f2768}> (0x000000071d3f2768) 
thrown [s\open\src\hotspot\share\prims\jni.cpp, line 516]
Event: 12.403 Thread 0x000001dcfba10510 Exception <a 'java/io/FileNotFoundException'{0x000000071c120b18}> (0x000000071c120b18) 
thrown [s\open\src\hotspot\share\prims\jni.cpp, line 516]

VM Operations (20 events):
Event: 9.528 Executing VM operation: G1CollectForAllocation done
Event: 9.539 Executing VM operation: G1Concurrent
Event: 9.541 Executing VM operation: G1Concurrent done
Event: 9.546 Executing VM operation: G1Concurrent
Event: 9.546 Executing VM operation: G1Concurrent done
Event: 10.027 Executing VM operation: G1CollectForAllocation
Event: 10.031 Executing VM operation: G1CollectForAllocation done
Event: 11.032 Executing VM operation: Cleanup
Event: 11.032 Executing VM operation: Cleanup done
Event: 11.279 Executing VM operation: G1CollectForAllocation
Event: 11.284 Executing VM operation: G1CollectForAllocation done
Event: 11.293 Executing VM operation: G1Concurrent
Event: 11.296 Executing VM operation: G1Concurrent done
Event: 11.301 Executing VM operation: G1Concurrent
Event: 11.301 Executing VM operation: G1Concurrent done
Event: 11.945 Executing VM operation: G1CollectForAllocation
Event: 11.947 Executing VM operation: G1CollectForAllocation done
Event: 12.556 Executing VM operation: G1CollectForAllocation
Event: 12.557 Executing VM operation: G1CollectForAllocation done
Event: 12.564 Executing VM operation: G1Concurrent

Events (20 events):
Event: 2.763 loading class java/awt/event/AdjustmentEvent done
Event: 2.808 loading class sun/awt/image/JPEGImageDecoder
Event: 2.809 loading class sun/awt/image/JPEGImageDecoder done
Event: 2.809 loading class sun/awt/image/JPEGImageDecoder$1
Event: 2.809 loading class sun/awt/image/JPEGImageDecoder$1 done
Event: 2.813 Loaded shared library C:\Program Files\Java\jdk-17\bin\javajpeg.dll
Event: 2.839 Thread 0x000001dcfa7ade00 Thread added: 0x000001dcfa7ade00
Event: 3.151 Thread 0x000001dcfa7ade00 Thread exited: 0x000001dcfa7ade00
Event: 3.267 Thread 0x000001dcf9701010 Thread exited: 0x000001dcf9701010
Event: 3.763 loading class sun/awt/AppContext$PostShutdownEventRunnable
Event: 3.763 loading class sun/awt/AppContext$PostShutdownEventRunnable done
Event: 3.763 loading class sun/awt/AWTAutoShutdown$1
Event: 3.763 loading class sun/awt/AWTAutoShutdown$1 done
Event: 3.764 loading class java/awt/MenuComponent
Event: 3.764 Thread 0x000001dcfbc95260 Thread exited: 0x000001dcfbc95260
Event: 3.764 loading class java/awt/MenuComponent done
Event: 3.764 loading class java/awt/TrayIcon
Event: 3.764 loading class java/awt/TrayIcon done
Event: 3.765 Thread 0x000001dcfb9fb740 Thread exited: 0x000001dcfb9fb740
Event: 3.778 Thread 0x000001dcfba10510 Thread added: 0x000001dcfba10510


Dynamic libraries:
0x00007ff76b490000 - 0x00007ff76b4a0000 	C:\Program Files\Java\jdk-17\bin\javaw.exe
0x00007ff9d8870000 - 0x00007ff9d8a84000 	C:\WINDOWS\SYSTEM32\ntdll.dll
0x00007ff9d7580000 - 0x00007ff9d7644000 	C:\WINDOWS\System32\KERNEL32.DLL
0x00007ff9d6250000 - 0x00007ff9d65f4000 	C:\WINDOWS\System32\KERNELBASE.dll
0x00007ff9d5ee0000 - 0x00007ff9d5ff1000 	C:\WINDOWS\System32\ucrtbase.dll
0x00007ff9ac990000 - 0x00007ff9ac9a9000 	C:\Program Files\Java\jdk-17\bin\jli.dll
0x00007ff996da0000 - 0x00007ff996dbb000 	C:\Program Files\Java\jdk-17\bin\VCRUNTIME140.dll
0x00007ff9d6dd0000 - 0x00007ff9d6e80000 	C:\WINDOWS\System32\ADVAPI32.dll
0x00007ff9d8770000 - 0x00007ff9d8817000 	C:\WINDOWS\System32\msvcrt.dll
0x00007ff9d6cf0000 - 0x00007ff9d6d96000 	C:\WINDOWS\System32\sechost.dll
0x00007ff9d7070000 - 0x00007ff9d7187000 	C:\WINDOWS\System32\RPCRT4.dll
0x00007ff9d7190000 - 0x00007ff9d733e000 	C:\WINDOWS\System32\USER32.dll
0x00007ff9d5c20000 - 0x00007ff9d5c46000 	C:\WINDOWS\System32\win32u.dll
0x00007ff9d6620000 - 0x00007ff9d6649000 	C:\WINDOWS\System32\GDI32.dll
0x00007ff9d5c50000 - 0x00007ff9d5d68000 	C:\WINDOWS\System32\gdi32full.dll
0x00007ff9d61b0000 - 0x00007ff9d624a000 	C:\WINDOWS\System32\msvcp_win.dll
0x00007ff9bc3a0000 - 0x00007ff9bc633000 	C:\WINDOWS\WinSxS\amd64_microsoft.windows.common-controls_6595b64144ccf1df_6.0.22621.2215_none_270d72677387dfc3\COMCTL32.dll
0x00007ff9c6480000 - 0x00007ff9c648a000 	C:\WINDOWS\SYSTEM32\VERSION.dll
0x00007ff9d76b0000 - 0x00007ff9d76e1000 	C:\WINDOWS\System32\IMM32.DLL
0x00007ff9c0110000 - 0x00007ff9c011c000 	C:\Program Files\Java\jdk-17\bin\vcruntime140_1.dll
0x00007ff973140000 - 0x00007ff9731ce000 	C:\Program Files\Java\jdk-17\bin\msvcp140.dll
0x00007ff950460000 - 0x00007ff95103d000 	C:\Program Files\Java\jdk-17\bin\server\jvm.dll
0x00007ff9d8820000 - 0x00007ff9d8828000 	C:\WINDOWS\System32\PSAPI.DLL
0x00007ff9d04a0000 - 0x00007ff9d04d4000 	C:\WINDOWS\SYSTEM32\WINMM.dll
0x00007ff9ca120000 - 0x00007ff9ca129000 	C:\WINDOWS\SYSTEM32\WSOCK32.dll
0x00007ff9d8690000 - 0x00007ff9d8701000 	C:\WINDOWS\System32\WS2_32.dll
0x00007ff9d4d60000 - 0x00007ff9d4d78000 	C:\WINDOWS\SYSTEM32\kernel.appcore.dll
0x00007ff9bb5f0000 - 0x00007ff9bb5fa000 	C:\Program Files\Java\jdk-17\bin\jimage.dll
0x00007ff9d30a0000 - 0x00007ff9d32ce000 	C:\WINDOWS\SYSTEM32\DBGHELP.DLL
0x00007ff9d6800000 - 0x00007ff9d6b8a000 	C:\WINDOWS\System32\combase.dll
0x00007ff9d6e90000 - 0x00007ff9d6f67000 	C:\WINDOWS\System32\OLEAUT32.dll
0x00007ff9d0460000 - 0x00007ff9d0492000 	C:\WINDOWS\SYSTEM32\dbgcore.DLL
0x00007ff9d6130000 - 0x00007ff9d61aa000 	C:\WINDOWS\System32\bcryptPrimitives.dll
0x00007ff9bae30000 - 0x00007ff9bae6b000 	C:\Program Files\Java\jdk-17\bin\jdwp.dll
0x00007ff9cdbc0000 - 0x00007ff9cdbce000 	C:\Program Files\Java\jdk-17\bin\instrument.dll
0x00007ff990a50000 - 0x00007ff990a75000 	C:\Program Files\Java\jdk-17\bin\java.dll
0x00007ff96cfd0000 - 0x00007ff96d0a7000 	C:\Program Files\Java\jdk-17\bin\jsvml.dll
0x00007ff9d77b0000 - 0x00007ff9d7fd3000 	C:\WINDOWS\System32\SHELL32.dll
0x00007ff9d3b70000 - 0x00007ff9d445a000 	C:\WINDOWS\SYSTEM32\windows.storage.dll
0x00007ff9d3a30000 - 0x00007ff9d3b6e000 	C:\WINDOWS\SYSTEM32\wintypes.dll
0x00007ff9d6f70000 - 0x00007ff9d7063000 	C:\WINDOWS\System32\SHCORE.dll
0x00007ff9d7650000 - 0x00007ff9d76ae000 	C:\WINDOWS\System32\shlwapi.dll
0x00007ff9d5b50000 - 0x00007ff9d5b76000 	C:\WINDOWS\SYSTEM32\profapi.dll
0x00007ff9c4b40000 - 0x00007ff9c4b4c000 	C:\Program Files\Java\jdk-17\bin\dt_socket.dll
0x00007ff9d4740000 - 0x00007ff9d476d000 	C:\WINDOWS\SYSTEM32\IPHLPAPI.DLL
0x00007ff9d51e0000 - 0x00007ff9d5249000 	C:\WINDOWS\system32\mswsock.dll
0x00007ff9d4770000 - 0x00007ff9d4862000 	C:\WINDOWS\SYSTEM32\DNSAPI.dll
0x00007ff9d6dc0000 - 0x00007ff9d6dc9000 	C:\WINDOWS\System32\NSI.dll
0x00007ff9c7180000 - 0x00007ff9c718a000 	C:\Windows\System32\rasadhlp.dll
0x00007ff9c3480000 - 0x00007ff9c3504000 	C:\WINDOWS\System32\fwpuclnt.dll
0x00007ff98e2d0000 - 0x00007ff98e2e8000 	C:\Program Files\Java\jdk-17\bin\zip.dll
0x00007ff9948a0000 - 0x00007ff9948b9000 	C:\Program Files\Java\jdk-17\bin\net.dll
0x00007ff9ccdf0000 - 0x00007ff9ccf27000 	C:\WINDOWS\SYSTEM32\WINHTTP.dll
0x00007ff990970000 - 0x00007ff990986000 	C:\Program Files\Java\jdk-17\bin\nio.dll
0x00007ff9bae20000 - 0x00007ff9bae30000 	C:\Program Files\Java\jdk-17\bin\verify.dll
0x00007ff98da00000 - 0x00007ff98db91000 	C:\Program Files\Java\jdk-17\bin\awt.dll
0x00007ff9d0070000 - 0x00007ff9d0107000 	C:\WINDOWS\SYSTEM32\apphelp.dll
0x00007ff9d5440000 - 0x00007ff9d545b000 	C:\WINDOWS\SYSTEM32\CRYPTSP.dll
0x00007ff9d4cd0000 - 0x00007ff9d4d05000 	C:\WINDOWS\system32\rsaenh.dll
0x00007ff9d52d0000 - 0x00007ff9d52fc000 	C:\WINDOWS\SYSTEM32\USERENV.dll
0x00007ff9d55d0000 - 0x00007ff9d55f8000 	C:\WINDOWS\SYSTEM32\bcrypt.dll
0x00007ff9d5430000 - 0x00007ff9d543c000 	C:\WINDOWS\SYSTEM32\CRYPTBASE.dll
0x00007ff9ca7b0000 - 0x00007ff9ca7c9000 	C:\WINDOWS\SYSTEM32\dhcpcsvc6.DLL
0x00007ff9ca790000 - 0x00007ff9ca7af000 	C:\WINDOWS\SYSTEM32\dhcpcsvc.DLL
0x00007ff9bc280000 - 0x00007ff9bc28d000 	C:\Program Files\Java\jdk-17\bin\sunmscapi.dll
0x00007ff9d5d70000 - 0x00007ff9d5ed6000 	C:\WINDOWS\System32\CRYPT32.dll
0x00007ff9d55a0000 - 0x00007ff9d55ce000 	C:\WINDOWS\SYSTEM32\ncrypt.dll
0x00007ff9d5560000 - 0x00007ff9d5597000 	C:\WINDOWS\SYSTEM32\NTASN1.dll
0x00007ff9d03f0000 - 0x00007ff9d041b000 	C:\WINDOWS\system32\DWMAPI.DLL
0x00007ff9d0170000 - 0x00007ff9d021b000 	C:\WINDOWS\system32\uxtheme.dll
0x00007ff9bf360000 - 0x00007ff9bf460000 	C:\WINDOWS\system32\opengl32.dll
0x00007ff9c4af0000 - 0x00007ff9c4b1d000 	C:\WINDOWS\SYSTEM32\GLU32.dll
0x00007ff9d3050000 - 0x00007ff9d3088000 	C:\WINDOWS\SYSTEM32\dxcore.dll
0x0000000180000000 - 0x0000000180043000 	C:\Program Files\Fasoo DRM\f_nxa.dll
0x0000000061000000 - 0x00000000611ca000 	C:\Program Files\Fasoo DRM\f_sps.dll
0x00007ff9d84f0000 - 0x00007ff9d868e000 	C:\WINDOWS\System32\ole32.dll
0x00007ff9a9e30000 - 0x00007ff9a9e37000 	C:\WINDOWS\SYSTEM32\msimg32.dll
0x00007ff9b60e0000 - 0x00007ff9b617f000 	C:\WINDOWS\SYSTEM32\winspool.drv
0x00007ff9d4b20000 - 0x00007ff9d4b34000 	C:\WINDOWS\SYSTEM32\wtsapi32.dll
0x00007ff9d6ba0000 - 0x00007ff9d6ce9000 	C:\WINDOWS\System32\MSCTF.dll
0x00007ff9aaa10000 - 0x00007ff9aaa96000 	C:\Program Files\Java\jdk-17\bin\freetype.dll
0x00007ff996e50000 - 0x00007ff996f15000 	C:\Program Files\Java\jdk-17\bin\fontmanager.dll
0x00007ff9bd010000 - 0x00007ff9bd03e000 	C:\Program Files\Java\jdk-17\bin\javajpeg.dll

dbghelp: loaded successfully - version: 4.0.5 - missing functions: none
symbol engine: initialized successfully - sym options: 0x614 - pdb path: .;C:\Program Files\Java\jdk-17\bin;C:\WINDOWS\SYSTEM32;C:\WINDOWS\WinSxS\amd64_microsoft.windows.common-controls_6595b64144ccf1df_6.0.22621.2215_none_270d72677387dfc3;C:\Program Files\Java\jdk-17\bin\server;C:\Program Files\Fasoo DRM

VM Arguments:
jvm_args: -XX:+ShowCodeDetailsInExceptionMessages -agentlib:jdwp=transport=dt_socket,suspend=y,address=localhost:52915 -javaagent:C:\private\eclipse\configuration\org.eclipse.osgi\231\0\.cp\lib\javaagent-shaded.jar -Dfile.encoding=UTF-8 
java_command: main.SaleFrame
java_class_path (initial): C:\private\\MirimMarket\bin;C:\Program Files (x86)\MySQL\Connector J 8.0\mysql-connector-j-8.0.33.jar
Launcher Type: SUN_STANDARD

[Global flags]
     intx CICompilerCount                          = 4                                         {product} {ergonomic}
     uint ConcGCThreads                            = 2                                         {product} {ergonomic}
     uint G1ConcRefinementThreads                  = 8                                         {product} {ergonomic}
   size_t G1HeapRegionSize                         = 2097152                                   {product} {ergonomic}
    uintx GCDrainStackTargetSize                   = 64                                        {product} {ergonomic}
   size_t InitialHeapSize                          = 264241152                                 {product} {ergonomic}
   size_t MarkStackSize                            = 4194304                                   {product} {ergonomic}
   size_t MaxHeapSize                              = 4219469824                                {product} {ergonomic}
   size_t MaxNewSize                               = 2531262464                                {product} {ergonomic}
   size_t MinHeapDeltaBytes                        = 2097152                                   {product} {ergonomic}
   size_t MinHeapSize                              = 8388608                                   {product} {ergonomic}
    uintx NonNMethodCodeHeapSize                   = 5839372                                {pd product} {ergonomic}
    uintx NonProfiledCodeHeapSize                  = 122909434                              {pd product} {ergonomic}
    uintx ProfiledCodeHeapSize                     = 122909434                              {pd product} {ergonomic}
    uintx ReservedCodeCacheSize                    = 251658240                              {pd product} {ergonomic}
     bool SegmentedCodeCache                       = true                                      {product} {ergonomic}
     bool ShowCodeDetailsInExceptionMessages       = true                                   {manageable} {command line}
   size_t SoftMaxHeapSize                          = 4219469824                             {manageable} {ergonomic}
     bool UseCompressedClassPointers               = true                           {product lp64_product} {ergonomic}
     bool UseCompressedOops                        = true                           {product lp64_product} {ergonomic}
     bool UseG1GC                                  = true                                      {product} {ergonomic}
     bool UseLargePagesIndividualAllocation        = false                                  {pd product} {ergonomic}

Logging:
Log output configuration:
 #0: stdout all=warning uptime,level,tags
 #1: stderr all=off uptime,level,tags

Environment Variables:
JAVA_HOME=C:\Program Files\Java\jdk-12
PATH=C:\Program Files (x86)\Razer Chroma SDK\bin;C:\Program Files\Razer Chroma SDK\bin;C:\Program Files (x86)\Razer\ChromaBroadcast\bin;C:\Program Files\Razer\ChromaBroadcast\bin;C:\Program Files\Common Files\Oracle\Java\javapath;C:\Program Files (x86)\NVIDIA Corporation\PhysX\Common;C:\Program Files (x86)\Common Files\Oracle\Java\javapath;C:\WINDOWS\system32;C:\WINDOWS;C:\WINDOWS\System32\Wbem;C:\WINDOWS\System32\WindowsPowerShell\v1.0\;C:\WINDOWS\System32\OpenSSH\;C:\Program Files\Git\cmd;C:\Program Files\dotnet\;C:\Program Files\Microsoft SQL Server\150\Tools\Binn\;C:\Program Files\Microsoft SQL Server\Client SDK\ODBC\170\Tools\Binn\;C:\Program Files\Microsoft SQL Server\130\Tools\Binn\;C:\Program Files\PowerShell\7\;C:\Program Files\nodejs\;C:\Program Files\MySQL\MySQL Server 8.0\bin;C:\Bitnami\wampstack-8.0.3-0\php;C:\ProgramData\ComposerSetup\bin;C:\Program Files\Docker\Docker\resources\bin;C:\WINDOWS\system32;C:\WINDOWS;C:\WINDOWS\System32\Wbem;C:\WINDOWS\System32\WindowsPowerShell\v1.0\;C:\WINDOWS\System32\OpenSSH\;C:\WINDOWS\system32\config\systemprofile\AppData\Local\Microsoft\WindowsApps;C:\Program Files\Java\jdk-12\bin;C:\Program Files\MySQL\MySQL Shell 8.0\bin\;C:\Python311\Scripts\;C:\Python311\;C:\Users\khs10\AppData\Local\Microsoft\WindowsApps;C:\Users\khs10\AppData\Local\Programs\Microsoft VS Code\bin;C:\Program Files\JetBrains\IntelliJ IDEA Educational Edition 2022.2.2\bin;C:\Users\khs10\.dotnet\tools;C:\Users\khs10\AppData\Local\GitHubDesktop\bin;C:\Program Files\JetBrains\PyCharm Community Edition 2022.3.3\bin;C:\Users\khs10\AppData\Roaming\npm;C:\Users\khs10\AppData\Roaming\Composer\vendor\bin;C:\Program Files\JetBrains\PhpStorm 2023.1.2\bin;C:\private\flutter\bin;C:\Users\khs10\AppData\Local\JetBrains\Toolbox\scripts;
USERNAME=khs10
OS=Windows_NT
PROCESSOR_IDENTIFIER=Intel64 Family 6 Model 140 Stepping 1, GenuineIntel



---------------  S Y S T E M  ---------------

OS:
 Windows 11 , 64 bit Build 22621 (10.0.22621.2215)
OS uptime: 18 days 16:12 hours
Hyper-V role detected

CPU: total 8 (initial active 8) (4 cores per cpu, 2 threads per core) family 6 model 140 stepping 1 microcode 0x8a, cx8, cmov, fxsr, ht, mmx, 3dnowpref, sse, sse2, sse3, ssse3, sse4.1, sse4.2, popcnt, lzcnt, tsc, tscinvbit, avx, avx2, aes, erms, clmul, bmi1, bmi2, adx, avx512f, avx512dq, avx512cd, avx512bw, avx512vl, sha, fma, vzeroupper, avx512_vpopcntdq, avx512_vpclmulqdq, avx512_vaes, avx512_vnni, clflush, clflushopt, clwb, avx512_vbmi2, avx512_vbmi, hv

Memory: 4k page, system-wide physical 16092M (2328M free)
TotalPageFile size 48860M (AvailPageFile size 9M)
current process WorkingSet (physical memory assigned to process): 490M, peak: 490M
current process commit charge ("private bytes"): 538M, peak: 612M

vm_info: Java HotSpot(TM) 64-Bit Server VM (17.0.7+8-LTS-224) for windows-amd64 JRE (17.0.7+8-LTS-224), built on Feb 28 2023 23:03:02 by "mach5one" with MS VC++ 17.1 (VS2022)

END.
