#
# There is insufficient memory for the Java Runtime Environment to continue.
# Native memory allocation (mmap) failed to map 130023424 bytes for G1 virtual space
# Possible reasons:
#   The system is out of physical RAM or swap space
#   The process is running with CompressedOops enabled, and the Java Heap may be blocking the growth of the native heap
# Possible solutions:
#   Reduce memory load on the system
#   Increase physical memory or swap space
#   Check if swap backing store is full
#   Decrease Java heap size (-Xmx/-Xms)
#   Decrease number of Java threads
#   Decrease Java thread stack sizes (-Xss)
#   Set larger code cache with -XX:ReservedCodeCacheSize=
#   JVM is running with Zero Based Compressed Oops mode in which the Java heap is
#     placed in the first 32GB address space. The Java Heap base address is the
#     maximum limit for the native heap growth. Please use -XX:HeapBaseMinAddress
#     to set the Java Heap base and to place the Java Heap above 32GB virtual address.
# This output file may be truncated or incomplete.
#
#  Out of Memory Error (os_windows.cpp:3550), pid=16996, tid=22612
#
# JRE version: Java(TM) SE Runtime Environment (17.0.7+8) (build 17.0.7+8-LTS-224)
# Java VM: Java HotSpot(TM) 64-Bit Server VM (17.0.7+8-LTS-224, mixed mode, sharing, tiered, compressed oops, compressed class ptrs, g1 gc, windows-amd64)
# No core dump will be written. Minidumps are not enabled by default on client versions of Windows
#

---------------  S U M M A R Y ------------

Command Line: -XX:+ShowCodeDetailsInExceptionMessages -agentlib:jdwp=transport=dt_socket,suspend=y,address=localhost:52912 -javaagent:C:\private\eclipse\configuration\org.eclipse.osgi\231\0\.cp\lib\javaagent-shaded.jar -Dfile.encoding=UTF-8 main.SaleFrame

Host: 11th Gen Intel(R) Core(TM) i7-1165G7 @ 2.80GHz, 8 cores, 15G,  Windows 11 , 64 bit Build 22621 (10.0.22621.2215)
Time: Thu Nov  2 10:33:42 2023  Windows 11 , 64 bit Build 22621 (10.0.22621.2215) elapsed time: 11.039586 seconds (0d 0h 0m 11s)

---------------  T H R E A D  ---------------

Current thread (0x0000013cfeb8b1a0):  VMThread "VM Thread" [stack: 0x00000007b1400000,0x00000007b1500000] [id=22612]

Stack: [0x00000007b1400000,0x00000007b1500000]
Native frames: (J=compiled Java code, j=interpreted, Vv=VM code, C=native code)
V  [jvm.dll+0x676a4a]
V  [jvm.dll+0x7d74f4]
V  [jvm.dll+0x7d8c9e]
V  [jvm.dll+0x7d9303]
V  [jvm.dll+0x2452c5]
V  [jvm.dll+0x6738f9]
V  [jvm.dll+0x668232]
V  [jvm.dll+0x302826]
V  [jvm.dll+0x309da6]
V  [jvm.dll+0x35952e]
V  [jvm.dll+0x35975f]
V  [jvm.dll+0x2d9a38]
V  [jvm.dll+0x2d7e45]
V  [jvm.dll+0x2d744c]
V  [jvm.dll+0x31ab1b]
V  [jvm.dll+0x7ddb0b]
V  [jvm.dll+0x7de844]
V  [jvm.dll+0x7ded5d]
V  [jvm.dll+0x7df134]
V  [jvm.dll+0x7df200]
V  [jvm.dll+0x78759a]
V  [jvm.dll+0x675875]
C  [ucrtbase.dll+0x29363]
C  [KERNEL32.DLL+0x1257d]
C  [ntdll.dll+0x5aa68]

VM_Operation (0x00000007b34fe360): G1CollectForAllocation, mode: safepoint, requested by thread 0x0000013ca2a931e0


---------------  P R O C E S S  ---------------

Threads class SMR info:
_java_thread_list=0x0000013ca09eb290, length=20, elements={
0x0000013cfc58d2d0, 0x0000013cfeb8ec30, 0x0000013cfeb8f7e0, 0x0000013cfebaab40,
0x0000013cfebab6f0, 0x0000013cfebae2b0, 0x0000013cfebb4170, 0x0000013cff408140,
0x0000013cff421600, 0x0000013cfebb8d90, 0x0000013cff4c67a0, 0x0000013cff5d4e90,
0x0000013cff6029a0, 0x0000013cff602e90, 0x0000013cff7013a0, 0x0000013ca05ac020,
0x0000013ca2a91500, 0x0000013ca2a94520, 0x0000013ca2a931e0, 0x0000013ca2a94050
}

Java Threads: ( => current thread )
  0x0000013cfc58d2d0 JavaThread "main" [_thread_blocked, id=39964, stack(0x00000007b0e00000,0x00000007b0f00000)]
  0x0000013cfeb8ec30 JavaThread "Reference Handler" daemon [_thread_blocked, id=34060, stack(0x00000007b1500000,0x00000007b1600000)]
  0x0000013cfeb8f7e0 JavaThread "Finalizer" daemon [_thread_blocked, id=29892, stack(0x00000007b1600000,0x00000007b1700000)]
  0x0000013cfebaab40 JavaThread "Signal Dispatcher" daemon [_thread_blocked, id=20564, stack(0x00000007b1700000,0x00000007b1800000)]
  0x0000013cfebab6f0 JavaThread "Attach Listener" daemon [_thread_blocked, id=18464, stack(0x00000007b1800000,0x00000007b1900000)]
  0x0000013cfebae2b0 JavaThread "Service Thread" daemon [_thread_blocked, id=29328, stack(0x00000007b1900000,0x00000007b1a00000)]
  0x0000013cfebb4170 JavaThread "Monitor Deflation Thread" daemon [_thread_blocked, id=22768, stack(0x00000007b1a00000,0x00000007b1b00000)]
  0x0000013cff408140 JavaThread "C2 CompilerThread0" daemon [_thread_blocked, id=36360, stack(0x00000007b1b00000,0x00000007b1c00000)]
  0x0000013cff421600 JavaThread "C1 CompilerThread0" daemon [_thread_blocked, id=2696, stack(0x00000007b1c00000,0x00000007b1d00000)]
  0x0000013cfebb8d90 JavaThread "Sweeper thread" daemon [_thread_blocked, id=18596, stack(0x00000007b1d00000,0x00000007b1e00000)]
  0x0000013cff4c67a0 JavaThread "Common-Cleaner" daemon [_thread_blocked, id=12020, stack(0x00000007b1e00000,0x00000007b1f00000)]
  0x0000013cff5d4e90 JavaThread "JDWP Transport Listener: dt_socket" daemon [_thread_blocked, id=34512, stack(0x00000007b1f00000,0x00000007b2000000)]
  0x0000013cff6029a0 JavaThread "JDWP Event Helper Thread" daemon [_thread_blocked, id=33832, stack(0x00000007b2000000,0x00000007b2100000)]
  0x0000013cff602e90 JavaThread "JDWP Command Reader" daemon [_thread_in_native, id=19880, stack(0x00000007b2100000,0x00000007b2200000)]
  0x0000013cff7013a0 JavaThread "Notification Thread" daemon [_thread_blocked, id=26956, stack(0x00000007b2400000,0x00000007b2500000)]
  0x0000013ca05ac020 JavaThread "mysql-cj-abandoned-connection-cleanup" daemon [_thread_blocked, id=37396, stack(0x00000007b2600000,0x00000007b2700000)]
  0x0000013ca2a91500 JavaThread "Java2D Disposer" daemon [_thread_blocked, id=28372, stack(0x00000007b3000000,0x00000007b3100000)]
  0x0000013ca2a94520 JavaThread "AWT-Windows" daemon [_thread_in_native, id=30000, stack(0x00000007b3200000,0x00000007b3300000)]
  0x0000013ca2a931e0 JavaThread "Image Fetcher 0" daemon [_thread_blocked, id=38424, stack(0x00000007b3400000,0x00000007b3500000)]
  0x0000013ca2a94050 JavaThread "Image Fetcher 1" daemon [_thread_blocked, id=14372, stack(0x00000007b3500000,0x00000007b3600000)]

Other Threads:
=>0x0000013cfeb8b1a0 VMThread "VM Thread" [stack: 0x00000007b1400000,0x00000007b1500000] [id=22612]
  0x0000013cfc58e330 WatcherThread [stack: 0x00000007b2500000,0x00000007b2600000] [id=1584]
  0x0000013cfc5f5c10 GCTaskThread "GC Thread#0" [stack: 0x00000007b0f00000,0x00000007b1000000] [id=9980]
  0x0000013ca0f57070 GCTaskThread "GC Thread#1" [stack: 0x00000007b2800000,0x00000007b2900000] [id=41880]
  0x0000013ca0ff6e10 GCTaskThread "GC Thread#2" [stack: 0x00000007b2900000,0x00000007b2a00000] [id=22228]
  0x0000013ca0ff70c0 GCTaskThread "GC Thread#3" [stack: 0x00000007b2a00000,0x00000007b2b00000] [id=40748]
  0x0000013ca0ff7370 GCTaskThread "GC Thread#4" [stack: 0x00000007b2b00000,0x00000007b2c00000] [id=4140]
  0x0000013ca0ff7620 GCTaskThread "GC Thread#5" [stack: 0x00000007b2c00000,0x00000007b2d00000] [id=40992]
  0x0000013ca1081390 GCTaskThread "GC Thread#6" [stack: 0x00000007b2d00000,0x00000007b2e00000] [id=38224]
  0x0000013ca1081640 GCTaskThread "GC Thread#7" [stack: 0x00000007b2e00000,0x00000007b2f00000] [id=9688]
  0x0000013cfc607e80 ConcurrentGCThread "G1 Main Marker" [stack: 0x00000007b1000000,0x00000007b1100000] [id=24380]
  0x0000013cfc6098a0 ConcurrentGCThread "G1 Conc#0" [stack: 0x00000007b1100000,0x00000007b1200000] [id=34044]
  0x0000013ca2ab9d50 ConcurrentGCThread "G1 Conc#1" [stack: 0x00000007b2700000,0x00000007b2800000] [id=29504]
  0x0000013cfc65e7b0 ConcurrentGCThread "G1 Refine#0" [stack: 0x00000007b1200000,0x00000007b1300000] [id=19316]
  0x0000013cfea45350 ConcurrentGCThread "G1 Service" [stack: 0x00000007b1300000,0x00000007b1400000] [id=35648]

Threads with active compile tasks:

VM state: at safepoint (normal execution)

VM Mutex/Monitor currently owned by a thread:  ([mutex/lock_event])
[0x0000013cfc587990] Threads_lock - owner thread: 0x0000013cfeb8b1a0
[0x0000013cfc587a20] Heap_lock - owner thread: 0x0000013ca2a931e0

Heap address: 0x00000004d8400000, size: 4024 MB, Compressed Oops mode: Zero based, Oop shift amount: 3

CDS archive(s) mapped at: [0x0000000800000000-0x0000000800bd0000-0x0000000800bd0000), size 12386304, SharedBaseAddress: 0x0000000800000000, ArchiveRelocationMode: 0.
Compressed class space mapped at: 0x0000000800c00000-0x0000000840c00000, reserved size: 1073741824
Narrow klass base: 0x0000000800000000, Narrow klass shift: 0, Narrow klass range: 0x100000000

GC Precious Log:
 CPUs: 8 total, 8 available
 Memory: 16092M
 Large Page Support: Disabled
 NUMA Support: Disabled
 Compressed Oops: Enabled (Zero based)
 Heap Region Size: 2M
 Heap Min Capacity: 8M
 Heap Initial Capacity: 252M
 Heap Max Capacity: 4024M
 Pre-touch: Disabled
 Parallel Workers: 8
 Concurrent Workers: 2
 Concurrent Refinement Workers: 8
 Periodic GC: Disabled

Heap:
 garbage-first heap   total 342016K, used 211870K [0x00000004d8400000, 0x00000005d3c00000)
  region size 2048K, 3 young (6144K), 3 survivors (6144K)
 Metaspace       used 18436K, committed 18688K, reserved 1073152K
  class space    used 2028K, committed 2176K, reserved 1048576K

Heap Regions: E=young(eden), S=young(survivor), O=old, HS=humongous(starts), HC=humongous(continues), CS=collection set, F=free, OA=open archive, CA=closed archive, TAMS=top-at-mark-start (previous, next)
|   0|0x00000004d8400000, 0x00000004d8600000, 0x00000004d8600000|100%| O|  |TAMS 0x00000004d8600000, 0x00000004d8400000| Untracked 
|   1|0x00000004d8600000, 0x00000004d8800000, 0x00000004d8800000|100%| O|  |TAMS 0x00000004d8800000, 0x00000004d8600000| Untracked 
|   2|0x00000004d8800000, 0x00000004d8a00000, 0x00000004d8a00000|100%| O|  |TAMS 0x00000004d8a00000, 0x00000004d8800000| Untracked 
|   3|0x00000004d8a00000, 0x00000004d8c00000, 0x00000004d8c00000|100%| O|  |TAMS 0x00000004d8c00000, 0x00000004d8a00000| Untracked 
|   4|0x00000004d8c00000, 0x00000004d8e00000, 0x00000004d8e00000|100%| O|  |TAMS 0x00000004d8e00000, 0x00000004d8c00000| Untracked 
|   5|0x00000004d8e00000, 0x00000004d9000000, 0x00000004d9000000|100%| O|  |TAMS 0x00000004d9000000, 0x00000004d8e00000| Untracked 
|   6|0x00000004d9000000, 0x00000004d9200000, 0x00000004d9200000|100%| O|  |TAMS 0x00000004d9200000, 0x00000004d9000000| Untracked 
|   7|0x00000004d9200000, 0x00000004d9400000, 0x00000004d9400000|100%| O|  |TAMS 0x00000004d9400000, 0x00000004d9200000| Untracked 
|   8|0x00000004d9400000, 0x00000004d9600000, 0x00000004d9600000|100%| O|  |TAMS 0x00000004d9600000, 0x00000004d9400000| Untracked 
|   9|0x00000004d9600000, 0x00000004d9800000, 0x00000004d9800000|100%| O|  |TAMS 0x00000004d9800000, 0x00000004d9600000| Untracked 
|  10|0x00000004d9800000, 0x00000004d9a00000, 0x00000004d9a00000|100%| O|  |TAMS 0x00000004d9a00000, 0x00000004d9800000| Untracked 
|  11|0x00000004d9a00000, 0x00000004d9c00000, 0x00000004d9c00000|100%| O|  |TAMS 0x00000004d9c00000, 0x00000004d9a00000| Untracked 
|  12|0x00000004d9c00000, 0x00000004d9e00000, 0x00000004d9e00000|100%| O|  |TAMS 0x00000004d9e00000, 0x00000004d9c00000| Untracked 
|  13|0x00000004d9e00000, 0x00000004da000000, 0x00000004da000000|100%| O|  |TAMS 0x00000004da000000, 0x00000004d9e00000| Untracked 
|  14|0x00000004da000000, 0x00000004da200000, 0x00000004da200000|100%| O|  |TAMS 0x00000004da200000, 0x00000004da000000| Untracked 
|  15|0x00000004da200000, 0x00000004da400000, 0x00000004da400000|100%| O|  |TAMS 0x00000004da400000, 0x00000004da200000| Untracked 
|  16|0x00000004da400000, 0x00000004da600000, 0x00000004da600000|100%| O|  |TAMS 0x00000004da600000, 0x00000004da400000| Untracked 
|  17|0x00000004da600000, 0x00000004da800000, 0x00000004da800000|100%| O|  |TAMS 0x00000004da800000, 0x00000004da600000| Untracked 
|  18|0x00000004da800000, 0x00000004daa00000, 0x00000004daa00000|100%| O|  |TAMS 0x00000004daa00000, 0x00000004da800000| Untracked 
|  19|0x00000004daa00000, 0x00000004dac00000, 0x00000004dac00000|100%| O|  |TAMS 0x00000004dac00000, 0x00000004daa00000| Untracked 
|  20|0x00000004dac00000, 0x00000004dae00000, 0x00000004dae00000|100%| O|  |TAMS 0x00000004dae00000, 0x00000004dac00000| Untracked 
|  21|0x00000004dae00000, 0x00000004db000000, 0x00000004db000000|100%| O|  |TAMS 0x00000004db000000, 0x00000004dae00000| Untracked 
|  22|0x00000004db000000, 0x00000004db200000, 0x00000004db200000|100%| O|  |TAMS 0x00000004db200000, 0x00000004db000000| Untracked 
|  23|0x00000004db200000, 0x00000004db400000, 0x00000004db400000|100%| O|  |TAMS 0x00000004db400000, 0x00000004db200000| Untracked 
|  24|0x00000004db400000, 0x00000004db600000, 0x00000004db600000|100%| O|  |TAMS 0x00000004db600000, 0x00000004db400000| Untracked 
|  25|0x00000004db600000, 0x00000004db800000, 0x00000004db800000|100%| O|  |TAMS 0x00000004db800000, 0x00000004db600000| Untracked 
|  26|0x00000004db800000, 0x00000004dba00000, 0x00000004dba00000|100%| O|  |TAMS 0x00000004dba00000, 0x00000004db800000| Untracked 
|  27|0x00000004dba00000, 0x00000004dbc00000, 0x00000004dbc00000|100%| O|  |TAMS 0x00000004dbc00000, 0x00000004dba00000| Untracked 
|  28|0x00000004dbc00000, 0x00000004dbe00000, 0x00000004dbe00000|100%| O|  |TAMS 0x00000004dbe00000, 0x00000004dbc00000| Untracked 
|  29|0x00000004dbe00000, 0x00000004dc000000, 0x00000004dc000000|100%| O|  |TAMS 0x00000004dc000000, 0x00000004dbe00000| Untracked 
|  30|0x00000004dc000000, 0x00000004dc200000, 0x00000004dc200000|100%| O|  |TAMS 0x00000004dc200000, 0x00000004dc000000| Untracked 
|  31|0x00000004dc200000, 0x00000004dc400000, 0x00000004dc400000|100%| O|  |TAMS 0x00000004dc400000, 0x00000004dc200000| Untracked 
|  32|0x00000004dc400000, 0x00000004dc600000, 0x00000004dc600000|100%| O|  |TAMS 0x00000004dc600000, 0x00000004dc400000| Untracked 
|  33|0x00000004dc600000, 0x00000004dc800000, 0x00000004dc800000|100%| O|  |TAMS 0x00000004dc800000, 0x00000004dc600000| Untracked 
|  34|0x00000004dc800000, 0x00000004dca00000, 0x00000004dca00000|100%| O|  |TAMS 0x00000004dca00000, 0x00000004dc800000| Untracked 
|  35|0x00000004dca00000, 0x00000004dcc00000, 0x00000004dcc00000|100%| O|  |TAMS 0x00000004dcc00000, 0x00000004dca00000| Untracked 
|  36|0x00000004dcc00000, 0x00000004dce00000, 0x00000004dce00000|100%| O|  |TAMS 0x00000004dce00000, 0x00000004dcc00000| Untracked 
|  37|0x00000004dce00000, 0x00000004dd000000, 0x00000004dd000000|100%| O|  |TAMS 0x00000004dd000000, 0x00000004dce00000| Untracked 
|  38|0x00000004dd000000, 0x00000004dd200000, 0x00000004dd200000|100%| O|  |TAMS 0x00000004dd200000, 0x00000004dd000000| Untracked 
|  39|0x00000004dd200000, 0x00000004dd400000, 0x00000004dd400000|100%| O|  |TAMS 0x00000004dd400000, 0x00000004dd200000| Untracked 
|  40|0x00000004dd400000, 0x00000004dd600000, 0x00000004dd600000|100%| O|  |TAMS 0x00000004dd600000, 0x00000004dd400000| Untracked 
|  41|0x00000004dd600000, 0x00000004dd800000, 0x00000004dd800000|100%| O|  |TAMS 0x00000004dd800000, 0x00000004dd600000| Untracked 
|  42|0x00000004dd800000, 0x00000004dda00000, 0x00000004dda00000|100%| O|  |TAMS 0x00000004dda00000, 0x00000004dd800000| Untracked 
|  43|0x00000004dda00000, 0x00000004ddc00000, 0x00000004ddc00000|100%| O|  |TAMS 0x00000004ddc00000, 0x00000004dda00000| Untracked 
|  44|0x00000004ddc00000, 0x00000004dde00000, 0x00000004dde00000|100%| O|  |TAMS 0x00000004dde00000, 0x00000004ddc00000| Untracked 
|  45|0x00000004dde00000, 0x00000004de000000, 0x00000004de000000|100%| O|  |TAMS 0x00000004de000000, 0x00000004dde00000| Untracked 
|  46|0x00000004de000000, 0x00000004de200000, 0x00000004de200000|100%| O|  |TAMS 0x00000004de200000, 0x00000004de000000| Untracked 
|  47|0x00000004de200000, 0x00000004de400000, 0x00000004de400000|100%| O|  |TAMS 0x00000004de400000, 0x00000004de200000| Untracked 
|  48|0x00000004de400000, 0x00000004de600000, 0x00000004de600000|100%| O|  |TAMS 0x00000004de600000, 0x00000004de400000| Untracked 
|  49|0x00000004de600000, 0x00000004de800000, 0x00000004de800000|100%| O|  |TAMS 0x00000004de800000, 0x00000004de600000| Untracked 
|  50|0x00000004de800000, 0x00000004dea00000, 0x00000004dea00000|100%| O|  |TAMS 0x00000004dea00000, 0x00000004de800000| Untracked 
|  51|0x00000004dea00000, 0x00000004dec00000, 0x00000004dec00000|100%| O|  |TAMS 0x00000004dec00000, 0x00000004dea00000| Untracked 
|  52|0x00000004dec00000, 0x00000004dee00000, 0x00000004dee00000|100%| O|  |TAMS 0x00000004dee00000, 0x00000004dec00000| Untracked 
|  53|0x00000004dee00000, 0x00000004df000000, 0x00000004df000000|100%| O|  |TAMS 0x00000004df000000, 0x00000004dee00000| Untracked 
|  54|0x00000004df000000, 0x00000004df200000, 0x00000004df200000|100%| O|  |TAMS 0x00000004df200000, 0x00000004df000000| Untracked 
|  55|0x00000004df200000, 0x00000004df400000, 0x00000004df400000|100%| O|  |TAMS 0x00000004df400000, 0x00000004df200000| Untracked 
|  56|0x00000004df400000, 0x00000004df600000, 0x00000004df600000|100%| O|  |TAMS 0x00000004df600000, 0x00000004df400000| Untracked 
|  57|0x00000004df600000, 0x00000004df800000, 0x00000004df800000|100%| O|  |TAMS 0x00000004df800000, 0x00000004df600000| Untracked 
|  58|0x00000004df800000, 0x00000004dfa00000, 0x00000004dfa00000|100%| O|  |TAMS 0x00000004dfa00000, 0x00000004df800000| Untracked 
|  59|0x00000004dfa00000, 0x00000004dfc00000, 0x00000004dfc00000|100%| O|  |TAMS 0x00000004dfc00000, 0x00000004dfa00000| Untracked 
|  60|0x00000004dfc00000, 0x00000004dfe00000, 0x00000004dfe00000|100%| O|  |TAMS 0x00000004dfe00000, 0x00000004dfc00000| Untracked 
|  61|0x00000004dfe00000, 0x00000004e0000000, 0x00000004e0000000|100%| O|  |TAMS 0x00000004e0000000, 0x00000004dfe00000| Untracked 
|  62|0x00000004e0000000, 0x00000004e0200000, 0x00000004e0200000|100%| O|  |TAMS 0x00000004e0200000, 0x00000004e0000000| Untracked 
|  63|0x00000004e0200000, 0x00000004e0400000, 0x00000004e0400000|100%| O|  |TAMS 0x00000004e0400000, 0x00000004e0200000| Untracked 
|  64|0x00000004e0400000, 0x00000004e0600000, 0x00000004e0600000|100%| O|  |TAMS 0x00000004e0600000, 0x00000004e0400000| Untracked 
|  65|0x00000004e0600000, 0x00000004e0800000, 0x00000004e0800000|100%| O|  |TAMS 0x00000004e0800000, 0x00000004e0600000| Untracked 
|  66|0x00000004e0800000, 0x00000004e0a00000, 0x00000004e0a00000|100%| O|  |TAMS 0x00000004e0a00000, 0x00000004e0800000| Untracked 
|  67|0x00000004e0a00000, 0x00000004e0c00000, 0x00000004e0c00000|100%| O|  |TAMS 0x00000004e0c00000, 0x00000004e0a00000| Untracked 
|  68|0x00000004e0c00000, 0x00000004e0e00000, 0x00000004e0e00000|100%| O|  |TAMS 0x00000004e0e00000, 0x00000004e0c00000| Untracked 
|  69|0x00000004e0e00000, 0x00000004e1000000, 0x00000004e1000000|100%| O|  |TAMS 0x00000004e1000000, 0x00000004e0e00000| Untracked 
|  70|0x00000004e1000000, 0x00000004e1200000, 0x00000004e1200000|100%| O|  |TAMS 0x00000004e1200000, 0x00000004e1000000| Untracked 
|  71|0x00000004e1200000, 0x00000004e1400000, 0x00000004e1400000|100%| O|  |TAMS 0x00000004e1400000, 0x00000004e1200000| Untracked 
|  72|0x00000004e1400000, 0x00000004e1600000, 0x00000004e1600000|100%| O|  |TAMS 0x00000004e1600000, 0x00000004e1400000| Untracked 
|  73|0x00000004e1600000, 0x00000004e1800000, 0x00000004e1800000|100%| O|  |TAMS 0x00000004e1800000, 0x00000004e1600000| Untracked 
|  74|0x00000004e1800000, 0x00000004e1a00000, 0x00000004e1a00000|100%| O|  |TAMS 0x00000004e1a00000, 0x00000004e1800000| Untracked 
|  75|0x00000004e1a00000, 0x00000004e1c00000, 0x00000004e1c00000|100%| O|  |TAMS 0x00000004e1c00000, 0x00000004e1a00000| Untracked 
|  76|0x00000004e1c00000, 0x00000004e1e00000, 0x00000004e1e00000|100%| O|  |TAMS 0x00000004e1e00000, 0x00000004e1c00000| Untracked 
|  77|0x00000004e1e00000, 0x00000004e2000000, 0x00000004e2000000|100%| O|  |TAMS 0x00000004e2000000, 0x00000004e1e00000| Untracked 
|  78|0x00000004e2000000, 0x00000004e2200000, 0x00000004e2200000|100%| O|  |TAMS 0x00000004e2200000, 0x00000004e2000000| Untracked 
|  79|0x00000004e2200000, 0x00000004e2400000, 0x00000004e2400000|100%| O|  |TAMS 0x00000004e2400000, 0x00000004e2200000| Untracked 
|  80|0x00000004e2400000, 0x00000004e2600000, 0x00000004e2600000|100%| O|  |TAMS 0x00000004e2600000, 0x00000004e2400000| Untracked 
|  81|0x00000004e2600000, 0x00000004e2800000, 0x00000004e2800000|100%| O|  |TAMS 0x00000004e2800000, 0x00000004e2600000| Untracked 
|  82|0x00000004e2800000, 0x00000004e2a00000, 0x00000004e2a00000|100%| O|  |TAMS 0x00000004e2a00000, 0x00000004e2800000| Untracked 
|  83|0x00000004e2a00000, 0x00000004e2c00000, 0x00000004e2c00000|100%| O|  |TAMS 0x00000004e2c00000, 0x00000004e2a00000| Untracked 
|  84|0x00000004e2c00000, 0x00000004e2e00000, 0x00000004e2e00000|100%| O|  |TAMS 0x00000004e2e00000, 0x00000004e2c00000| Untracked 
|  85|0x00000004e2e00000, 0x00000004e3000000, 0x00000004e3000000|100%| O|  |TAMS 0x00000004e3000000, 0x00000004e2e00000| Untracked 
|  86|0x00000004e3000000, 0x00000004e3200000, 0x00000004e3200000|100%| O|  |TAMS 0x00000004e3200000, 0x00000004e3000000| Untracked 
|  87|0x00000004e3200000, 0x00000004e3400000, 0x00000004e3400000|100%| O|  |TAMS 0x00000004e3400000, 0x00000004e3200000| Untracked 
|  88|0x00000004e3400000, 0x00000004e3600000, 0x00000004e3600000|100%| O|  |TAMS 0x00000004e34e7800, 0x00000004e3400000| Untracked 
|  89|0x00000004e3600000, 0x00000004e3800000, 0x00000004e3800000|100%| O|  |TAMS 0x00000004e3600000, 0x00000004e3600000| Untracked 
|  90|0x00000004e3800000, 0x00000004e3a00000, 0x00000004e3a00000|100%| O|  |TAMS 0x00000004e3800000, 0x00000004e3800000| Untracked 
|  91|0x00000004e3a00000, 0x00000004e3c00000, 0x00000004e3c00000|100%| O|  |TAMS 0x00000004e3a00000, 0x00000004e3a00000| Untracked 
|  92|0x00000004e3c00000, 0x00000004e3e00000, 0x00000004e3e00000|100%| O|  |TAMS 0x00000004e3c00000, 0x00000004e3c00000| Untracked 
|  93|0x00000004e3e00000, 0x00000004e4000000, 0x00000004e4000000|100%| O|  |TAMS 0x00000004e3e00000, 0x00000004e3e00000| Untracked 
|  94|0x00000004e4000000, 0x00000004e4200000, 0x00000004e4200000|100%| O|  |TAMS 0x00000004e4000000, 0x00000004e4000000| Untracked 
|  95|0x00000004e4200000, 0x00000004e4400000, 0x00000004e4400000|100%| O|  |TAMS 0x00000004e4200000, 0x00000004e4200000| Untracked 
|  96|0x00000004e4400000, 0x00000004e4600000, 0x00000004e4600000|100%| O|  |TAMS 0x00000004e4400000, 0x00000004e4400000| Untracked 
|  97|0x00000004e4600000, 0x00000004e4800000, 0x00000004e4800000|100%| O|  |TAMS 0x00000004e4600000, 0x00000004e4600000| Untracked 
|  98|0x00000004e4800000, 0x00000004e4a00000, 0x00000004e4a00000|100%| O|  |TAMS 0x00000004e4800000, 0x00000004e4800000| Untracked 
|  99|0x00000004e4a00000, 0x00000004e4c00000, 0x00000004e4c00000|100%| O|  |TAMS 0x00000004e4a00000, 0x00000004e4a00000| Untracked 
| 100|0x00000004e4c00000, 0x00000004e4ce7800, 0x00000004e4e00000| 45%| O|  |TAMS 0x00000004e4c00000, 0x00000004e4c00000| Untracked 
| 101|0x00000004e4e00000, 0x00000004e4e00000, 0x00000004e5000000|  0%| F|  |TAMS 0x00000004e4e00000, 0x00000004e4e00000| Untracked 
| 102|0x00000004e5000000, 0x00000004e5000000, 0x00000004e5200000|  0%| F|  |TAMS 0x00000004e5000000, 0x00000004e5000000| Untracked 
| 103|0x00000004e5200000, 0x00000004e5200000, 0x00000004e5400000|  0%| F|  |TAMS 0x00000004e5200000, 0x00000004e5200000| Untracked 
| 104|0x00000004e5400000, 0x00000004e5400000, 0x00000004e5600000|  0%| F|  |TAMS 0x00000004e5400000, 0x00000004e5400000| Untracked 
| 105|0x00000004e5600000, 0x00000004e5600000, 0x00000004e5800000|  0%| F|  |TAMS 0x00000004e5600000, 0x00000004e5600000| Untracked 
| 106|0x00000004e5800000, 0x00000004e5800000, 0x00000004e5a00000|  0%| F|  |TAMS 0x00000004e5800000, 0x00000004e5800000| Untracked 
| 107|0x00000004e5a00000, 0x00000004e5a00000, 0x00000004e5c00000|  0%| F|  |TAMS 0x00000004e5a00000, 0x00000004e5a00000| Untracked 
| 108|0x00000004e5c00000, 0x00000004e5c00000, 0x00000004e5e00000|  0%| F|  |TAMS 0x00000004e5c00000, 0x00000004e5c00000| Untracked 
| 109|0x00000004e5e00000, 0x00000004e5e00000, 0x00000004e6000000|  0%| F|  |TAMS 0x00000004e5e00000, 0x00000004e5e00000| Untracked 
| 110|0x00000004e6000000, 0x00000004e6000000, 0x00000004e6200000|  0%| F|  |TAMS 0x00000004e6000000, 0x00000004e6000000| Untracked 
| 111|0x00000004e6200000, 0x00000004e6200000, 0x00000004e6400000|  0%| F|  |TAMS 0x00000004e6200000, 0x00000004e6200000| Untracked 
| 112|0x00000004e6400000, 0x00000004e6400000, 0x00000004e6600000|  0%| F|  |TAMS 0x00000004e6400000, 0x00000004e6400000| Untracked 
| 113|0x00000004e6600000, 0x00000004e6600000, 0x00000004e6800000|  0%| F|  |TAMS 0x00000004e6600000, 0x00000004e6600000| Untracked 
| 114|0x00000004e6800000, 0x00000004e6800000, 0x00000004e6a00000|  0%| F|  |TAMS 0x00000004e6800000, 0x00000004e6800000| Untracked 
| 115|0x00000004e6a00000, 0x00000004e6a00000, 0x00000004e6c00000|  0%| F|  |TAMS 0x00000004e6a00000, 0x00000004e6a00000| Untracked 
| 116|0x00000004e6c00000, 0x00000004e6c00000, 0x00000004e6e00000|  0%| F|  |TAMS 0x00000004e6c00000, 0x00000004e6c00000| Untracked 
| 117|0x00000004e6e00000, 0x00000004e6e00000, 0x00000004e7000000|  0%| F|  |TAMS 0x00000004e6e00000, 0x00000004e6e00000| Untracked 
| 118|0x00000004e7000000, 0x00000004e7000000, 0x00000004e7200000|  0%| F|  |TAMS 0x00000004e7000000, 0x00000004e7000000| Untracked 
| 119|0x00000004e7200000, 0x00000004e7200000, 0x00000004e7400000|  0%| F|  |TAMS 0x00000004e7200000, 0x00000004e7200000| Untracked 
| 120|0x00000004e7400000, 0x00000004e7400000, 0x00000004e7600000|  0%| F|  |TAMS 0x00000004e7400000, 0x00000004e7400000| Untracked 
| 121|0x00000004e7600000, 0x00000004e7600000, 0x00000004e7800000|  0%| F|  |TAMS 0x00000004e7600000, 0x00000004e7600000| Untracked 
| 122|0x00000004e7800000, 0x00000004e7800000, 0x00000004e7a00000|  0%| F|  |TAMS 0x00000004e7800000, 0x00000004e7800000| Untracked 
| 123|0x00000004e7a00000, 0x00000004e7a00000, 0x00000004e7c00000|  0%| F|  |TAMS 0x00000004e7a00000, 0x00000004e7a00000| Untracked 
| 124|0x00000004e7c00000, 0x00000004e7c00000, 0x00000004e7e00000|  0%| F|  |TAMS 0x00000004e7c00000, 0x00000004e7c00000| Untracked 
| 125|0x00000004e7e00000, 0x00000004e7e00000, 0x00000004e8000000|  0%| F|  |TAMS 0x00000004e7e00000, 0x00000004e7e00000| Untracked 
| 126|0x00000004e8000000, 0x00000004e8000000, 0x00000004e8200000|  0%| F|  |TAMS 0x00000004e8000000, 0x00000004e8000000| Untracked 
| 127|0x00000004e8200000, 0x00000004e8200000, 0x00000004e8400000|  0%| F|  |TAMS 0x00000004e8200000, 0x00000004e8200000| Untracked 
| 128|0x00000004e8400000, 0x00000004e8400000, 0x00000004e8600000|  0%| F|  |TAMS 0x00000004e8400000, 0x00000004e8400000| Untracked 
| 129|0x00000004e8600000, 0x00000004e8600000, 0x00000004e8800000|  0%| F|  |TAMS 0x00000004e8600000, 0x00000004e8600000| Untracked 
| 130|0x00000004e8800000, 0x00000004e8800000, 0x00000004e8a00000|  0%| F|  |TAMS 0x00000004e8800000, 0x00000004e8800000| Untracked 
| 131|0x00000004e8a00000, 0x00000004e8a00000, 0x00000004e8c00000|  0%| F|  |TAMS 0x00000004e8a00000, 0x00000004e8a00000| Untracked 
| 132|0x00000004e8c00000, 0x00000004e8c00000, 0x00000004e8e00000|  0%| F|  |TAMS 0x00000004e8c00000, 0x00000004e8c00000| Untracked 
| 133|0x00000004e8e00000, 0x00000004e8e00000, 0x00000004e9000000|  0%| F|  |TAMS 0x00000004e8e00000, 0x00000004e8e00000| Untracked 
| 134|0x00000004e9000000, 0x00000004e9000000, 0x00000004e9200000|  0%| F|  |TAMS 0x00000004e9000000, 0x00000004e9000000| Untracked 
| 135|0x00000004e9200000, 0x00000004e9200000, 0x00000004e9400000|  0%| F|  |TAMS 0x00000004e9200000, 0x00000004e9200000| Untracked 
| 136|0x00000004e9400000, 0x00000004e9400000, 0x00000004e9600000|  0%| F|  |TAMS 0x00000004e9400000, 0x00000004e9400000| Untracked 
| 137|0x00000004e9600000, 0x00000004e9600000, 0x00000004e9800000|  0%| F|  |TAMS 0x00000004e9600000, 0x00000004e9600000| Untracked 
| 138|0x00000004e9800000, 0x00000004e9800000, 0x00000004e9a00000|  0%| F|  |TAMS 0x00000004e9800000, 0x00000004e9800000| Untracked 
| 139|0x00000004e9a00000, 0x00000004e9a00000, 0x00000004e9c00000|  0%| F|  |TAMS 0x00000004e9a00000, 0x00000004e9a00000| Untracked 
| 140|0x00000004e9c00000, 0x00000004e9c00000, 0x00000004e9e00000|  0%| F|  |TAMS 0x00000004e9c00000, 0x00000004e9c00000| Untracked 
| 141|0x00000004e9e00000, 0x00000004e9e00000, 0x00000004ea000000|  0%| F|  |TAMS 0x00000004e9e00000, 0x00000004e9e00000| Untracked 
| 142|0x00000004ea000000, 0x00000004ea000000, 0x00000004ea200000|  0%| F|  |TAMS 0x00000004ea000000, 0x00000004ea000000| Untracked 
| 143|0x00000004ea200000, 0x00000004ea200000, 0x00000004ea400000|  0%| F|  |TAMS 0x00000004ea200000, 0x00000004ea200000| Untracked 
| 144|0x00000004ea400000, 0x00000004ea400000, 0x00000004ea600000|  0%| F|  |TAMS 0x00000004ea400000, 0x00000004ea400000| Untracked 
| 145|0x00000004ea600000, 0x00000004ea600000, 0x00000004ea800000|  0%| F|  |TAMS 0x00000004ea600000, 0x00000004ea600000| Untracked 
| 146|0x00000004ea800000, 0x00000004ea800000, 0x00000004eaa00000|  0%| F|  |TAMS 0x00000004ea800000, 0x00000004ea800000| Untracked 
| 147|0x00000004eaa00000, 0x00000004eaa00000, 0x00000004eac00000|  0%| F|  |TAMS 0x00000004eaa00000, 0x00000004eaa00000| Untracked 
| 148|0x00000004eac00000, 0x00000004eac00000, 0x00000004eae00000|  0%| F|  |TAMS 0x00000004eac00000, 0x00000004eac00000| Untracked 
| 149|0x00000004eae00000, 0x00000004eae00000, 0x00000004eb000000|  0%| F|  |TAMS 0x00000004eae00000, 0x00000004eae00000| Untracked 
| 150|0x00000004eb000000, 0x00000004eb200000, 0x00000004eb200000|100%| S|CS|TAMS 0x00000004eb000000, 0x00000004eb000000| Complete 
| 151|0x00000004eb200000, 0x00000004eb400000, 0x00000004eb400000|100%| S|CS|TAMS 0x00000004eb200000, 0x00000004eb200000| Complete 
| 152|0x00000004eb400000, 0x00000004eb600000, 0x00000004eb600000|100%| S|CS|TAMS 0x00000004eb400000, 0x00000004eb400000| Complete 
| 153|0x00000004eb600000, 0x00000004eb600000, 0x00000004eb800000|  0%| F|  |TAMS 0x00000004eb600000, 0x00000004eb600000| Untracked 
| 154|0x00000004eb800000, 0x00000004eb800000, 0x00000004eba00000|  0%| F|  |TAMS 0x00000004eb800000, 0x00000004eb800000| Untracked 
| 155|0x00000004eba00000, 0x00000004eba00000, 0x00000004ebc00000|  0%| F|  |TAMS 0x00000004eba00000, 0x00000004eba00000| Untracked 
| 156|0x00000004ebc00000, 0x00000004ebc00000, 0x00000004ebe00000|  0%| F|  |TAMS 0x00000004ebc00000, 0x00000004ebc00000| Untracked 
| 157|0x00000004ebe00000, 0x00000004ebe00000, 0x00000004ec000000|  0%| F|  |TAMS 0x00000004ebe00000, 0x00000004ebe00000| Untracked 
| 158|0x00000004ec000000, 0x00000004ec000000, 0x00000004ec200000|  0%| F|  |TAMS 0x00000004ec000000, 0x00000004ec000000| Untracked 
| 159|0x00000004ec200000, 0x00000004ec200000, 0x00000004ec400000|  0%| F|  |TAMS 0x00000004ec200000, 0x00000004ec200000| Untracked 
| 160|0x00000004ec400000, 0x00000004ec400000, 0x00000004ec600000|  0%| F|  |TAMS 0x00000004ec400000, 0x00000004ec400000| Untracked 
| 161|0x00000004ec600000, 0x00000004ec600000, 0x00000004ec800000|  0%| F|  |TAMS 0x00000004ec600000, 0x00000004ec600000| Untracked 
| 162|0x00000004ec800000, 0x00000004ec800000, 0x00000004eca00000|  0%| F|  |TAMS 0x00000004ec800000, 0x00000004ec800000| Untracked 
| 163|0x00000004eca00000, 0x00000004eca00000, 0x00000004ecc00000|  0%| F|  |TAMS 0x00000004eca00000, 0x00000004eca00000| Untracked 
| 164|0x00000004ecc00000, 0x00000004ecc00000, 0x00000004ece00000|  0%| F|  |TAMS 0x00000004ecc00000, 0x00000004ecc00000| Untracked 
| 165|0x00000004ece00000, 0x00000004ece00000, 0x00000004ed000000|  0%| F|  |TAMS 0x00000004ece00000, 0x00000004ece00000| Untracked 
| 166|0x00000004ed000000, 0x00000004ed000000, 0x00000004ed200000|  0%| F|  |TAMS 0x00000004ed000000, 0x00000004ed000000| Untracked 

Card table byte_map: [0x0000013cfd180000,0x0000013cfd960000] _byte_map_base: 0x0000013cfaabe000

Marking Bits (Prev, Next): (CMBitMap*) 0x0000013cfc5f6260, (CMBitMap*) 0x0000013cfc5f6220
 Prev Bits: [0x0000013c9a690000, 0x0000013c9e570000)
 Next Bits: [0x0000013c967b0000, 0x0000013c9a690000)

Polling page: 0x0000013cfa4d0000

Metaspace:

Usage:
  Non-class:     16.02 MB used.
      Class:      1.98 MB used.
       Both:     18.00 MB used.

Virtual space:
  Non-class space:       24.00 MB reserved,      16.12 MB ( 67%) committed,  3 nodes.
      Class space:        1.00 GB reserved,       2.12 MB ( <1%) committed,  1 nodes.
             Both:        1.02 GB reserved,      18.25 MB (  2%) committed. 

Chunk freelists:
   Non-Class:  3.00 MB
       Class:  1.75 MB
        Both:  4.75 MB

MaxMetaspaceSize: unlimited
CompressedClassSpaceSize: 1.00 GB
Initial GC threshold: 21.00 MB
Current GC threshold: 30.44 MB
CDS: on
MetaspaceReclaimPolicy: balanced
 - commit_granule_bytes: 65536.
 - commit_granule_words: 8192.
 - virtual_space_node_default_size: 1048576.
 - enlarge_chunks_in_place: 1.
 - new_chunks_are_fully_committed: 0.
 - uncommit_free_chunks: 1.
 - use_allocation_guard: 0.
 - handle_deallocations: 1.


Internal statistics:

num_allocs_failed_limit: 0.
num_arena_births: 144.
num_arena_deaths: 0.
num_vsnodes_births: 4.
num_vsnodes_deaths: 0.
num_space_committed: 292.
num_space_uncommitted: 0.
num_chunks_returned_to_freelist: 0.
num_chunks_taken_from_freelist: 380.
num_chunk_merges: 0.
num_chunk_splits: 239.
num_chunks_enlarged: 158.
num_purges: 0.
num_inconsistent_stats: 0.

CodeHeap 'non-profiled nmethods': size=120000Kb used=1235Kb max_used=1235Kb free=118764Kb
 bounds [0x0000013c8f280000, 0x0000013c8f4f0000, 0x0000013c967b0000]
CodeHeap 'profiled nmethods': size=120000Kb used=4906Kb max_used=4906Kb free=115093Kb
 bounds [0x0000013c877b0000, 0x0000013c87c80000, 0x0000013c8ece0000]
CodeHeap 'non-nmethods': size=5760Kb used=1417Kb max_used=1503Kb free=4342Kb
 bounds [0x0000013c8ece0000, 0x0000013c8ef50000, 0x0000013c8f280000]
 total_blobs=3047 nmethods=2377 adapters=582
 compilation: enabled
              stopped_count=0, restarted_count=0
 full_count=0

Compilation events (20 events):
Event: 10.533 Thread 0x0000013cff421600 2370       3       sun.awt.SunToolkit::checkImage (64 bytes)
Event: 10.533 Thread 0x0000013cff408140 2371       4       sun.awt.image.ImageWatched$Link::removeWatcher (2 bytes)
Event: 10.533 Thread 0x0000013cff408140 nmethod 2371 0x0000013c8f3b4c10 code [0x0000013c8f3b4d80, 0x0000013c8f3b4df8]
Event: 10.533 Thread 0x0000013cff421600 nmethod 2370 0x0000013c87c72b10 code [0x0000013c87c72d00, 0x0000013c87c73338]
Event: 10.557 Thread 0x0000013cff421600 2372       3       java.io.WinNTFileSystem::normalizePrefix (132 bytes)
Event: 10.559 Thread 0x0000013cff421600 nmethod 2372 0x0000013c87c73510 code [0x0000013c87c73960, 0x0000013c87c75a68]
Event: 10.559 Thread 0x0000013cff421600 2373       3       java.lang.invoke.DirectMethodHandle$Holder::invokeStatic (21 bytes)
Event: 10.559 Thread 0x0000013cff421600 nmethod 2373 0x0000013c87c76790 code [0x0000013c87c76960, 0x0000013c87c76e98]
Event: 10.559 Thread 0x0000013cff421600 2374       3       java.lang.StringConcatHelper::prepend (22 bytes)
Event: 10.559 Thread 0x0000013cff421600 nmethod 2374 0x0000013c87c76f90 code [0x0000013c87c77160, 0x0000013c87c77408]
Event: 10.559 Thread 0x0000013cff421600 2375       3       java.lang.StringConcatHelper::prepend (30 bytes)
Event: 10.559 Thread 0x0000013cff421600 nmethod 2375 0x0000013c87c77510 code [0x0000013c87c776c0, 0x0000013c87c778b8]
Event: 10.608 Thread 0x0000013cff421600 2376       3       java.io.FileDescriptor::<init> (17 bytes)
Event: 10.608 Thread 0x0000013cff421600 nmethod 2376 0x0000013c87c77990 code [0x0000013c87c77b20, 0x0000013c87c77c98]
Event: 10.608 Thread 0x0000013cff421600 2377  s    3       java.io.FileDescriptor::attach (73 bytes)
Event: 10.608 Thread 0x0000013cff421600 nmethod 2377 0x0000013c87c77d90 code [0x0000013c87c77fc0, 0x0000013c87c78ae8]
Event: 10.788 Thread 0x0000013cff421600 2378  s    3       sun.awt.image.InputStreamImageSource::removeConsumer (36 bytes)
Event: 10.789 Thread 0x0000013cff421600 nmethod 2378 0x0000013c87c78e90 code [0x0000013c87c79120, 0x0000013c87c7a0e8]
Event: 10.867 Thread 0x0000013cff421600 2379       3       java.awt.image.BufferedImage::getHeight (8 bytes)
Event: 10.867 Thread 0x0000013cff421600 nmethod 2379 0x0000013c87c7a610 code [0x0000013c87c7a7a0, 0x0000013c87c7a8d8]

GC Heap History (20 events):
Event: 4.195 GC heap after
{Heap after GC invocations=2 (full 0):
 garbage-first heap   total 258048K, used 6373K [0x00000004d8400000, 0x00000005d3c00000)
  region size 2048K, 3 young (6144K), 3 survivors (6144K)
 Metaspace       used 18240K, committed 18496K, reserved 1064960K
  class space    used 2025K, committed 2176K, reserved 1048576K
}
Event: 7.019 GC heap before
{Heap before GC invocations=2 (full 0):
 garbage-first heap   total 258048K, used 151781K [0x00000004d8400000, 0x00000005d3c00000)
  region size 2048K, 75 young (153600K), 3 survivors (6144K)
 Metaspace       used 18330K, committed 18560K, reserved 1064960K
  class space    used 2028K, committed 2176K, reserved 1048576K
}
Event: 7.032 GC heap after
{Heap after GC invocations=3 (full 0):
 garbage-first heap   total 258048K, used 60316K [0x00000004d8400000, 0x00000005d3c00000)
  region size 2048K, 10 young (20480K), 10 survivors (20480K)
 Metaspace       used 18330K, committed 18560K, reserved 1064960K
  class space    used 2028K, committed 2176K, reserved 1048576K
}
Event: 7.612 GC heap before
{Heap before GC invocations=3 (full 0):
 garbage-first heap   total 258048K, used 117660K [0x00000004d8400000, 0x00000005d3c00000)
  region size 2048K, 39 young (79872K), 10 survivors (20480K)
 Metaspace       used 18337K, committed 18560K, reserved 1064960K
  class space    used 2028K, committed 2176K, reserved 1048576K
}
Event: 7.622 GC heap after
{Heap after GC invocations=4 (full 0):
 garbage-first heap   total 258048K, used 81722K [0x00000004d8400000, 0x00000005d3c00000)
  region size 2048K, 5 young (10240K), 5 survivors (10240K)
 Metaspace       used 18337K, committed 18560K, reserved 1064960K
  class space    used 2028K, committed 2176K, reserved 1048576K
}
Event: 8.281 GC heap before
{Heap before GC invocations=4 (full 0):
 garbage-first heap   total 258048K, used 155450K [0x00000004d8400000, 0x00000005d3c00000)
  region size 2048K, 42 young (86016K), 5 survivors (10240K)
 Metaspace       used 18374K, committed 18624K, reserved 1073152K
  class space    used 2028K, committed 2176K, reserved 1048576K
}
Event: 8.284 GC heap after
{Heap after GC invocations=5 (full 0):
 garbage-first heap   total 258048K, used 108344K [0x00000004d8400000, 0x00000005d3c00000)
  region size 2048K, 6 young (12288K), 6 survivors (12288K)
 Metaspace       used 18374K, committed 18624K, reserved 1073152K
  class space    used 2028K, committed 2176K, reserved 1048576K
}
Event: 8.831 GC heap before
{Heap before GC invocations=5 (full 0):
 garbage-first heap   total 258048K, used 167736K [0x00000004d8400000, 0x00000005d3c00000)
  region size 2048K, 36 young (73728K), 6 survivors (12288K)
 Metaspace       used 18392K, committed 18624K, reserved 1073152K
  class space    used 2028K, committed 2176K, reserved 1048576K
}
Event: 8.834 GC heap after
{Heap after GC invocations=6 (full 0):
 garbage-first heap   total 258048K, used 129948K [0x00000004d8400000, 0x00000005d3c00000)
  region size 2048K, 5 young (10240K), 5 survivors (10240K)
 Metaspace       used 18392K, committed 18624K, reserved 1073152K
  class space    used 2028K, committed 2176K, reserved 1048576K
}
Event: 9.358 GC heap before
{Heap before GC invocations=6 (full 0):
 garbage-first heap   total 258048K, used 179100K [0x00000004d8400000, 0x00000005d3c00000)
  region size 2048K, 30 young (61440K), 5 survivors (10240K)
 Metaspace       used 18436K, committed 18688K, reserved 1073152K
  class space    used 2028K, committed 2176K, reserved 1048576K
}
Event: 9.361 GC heap after
{Heap after GC invocations=7 (full 0):
 garbage-first heap   total 258048K, used 148383K [0x00000004d8400000, 0x00000005d3c00000)
  region size 2048K, 4 young (8192K), 4 survivors (8192K)
 Metaspace       used 18436K, committed 18688K, reserved 1073152K
  class space    used 2028K, committed 2176K, reserved 1048576K
}
Event: 9.825 GC heap before
{Heap before GC invocations=8 (full 0):
 garbage-first heap   total 258048K, used 189343K [0x00000004d8400000, 0x00000005d3c00000)
  region size 2048K, 25 young (51200K), 4 survivors (8192K)
 Metaspace       used 18436K, committed 18688K, reserved 1073152K
  class space    used 2028K, committed 2176K, reserved 1048576K
}
Event: 9.828 GC heap after
{Heap after GC invocations=9 (full 0):
 garbage-first heap   total 258048K, used 164768K [0x00000004d8400000, 0x00000005d3c00000)
  region size 2048K, 4 young (8192K), 4 survivors (8192K)
 Metaspace       used 18436K, committed 18688K, reserved 1073152K
  class space    used 2028K, committed 2176K, reserved 1048576K
}
Event: 10.121 GC heap before
{Heap before GC invocations=9 (full 0):
 garbage-first heap   total 258048K, used 195488K [0x00000004d8400000, 0x00000005d3c00000)
  region size 2048K, 20 young (40960K), 4 survivors (8192K)
 Metaspace       used 18436K, committed 18688K, reserved 1073152K
  class space    used 2028K, committed 2176K, reserved 1048576K
}
Event: 10.123 GC heap after
{Heap after GC invocations=10 (full 0):
 garbage-first heap   total 258048K, used 175930K [0x00000004d8400000, 0x00000005d3c00000)
  region size 2048K, 3 young (6144K), 3 survivors (6144K)
 Metaspace       used 18436K, committed 18688K, reserved 1073152K
  class space    used 2028K, committed 2176K, reserved 1048576K
}
Event: 10.378 GC heap before
{Heap before GC invocations=11 (full 0):
 garbage-first heap   total 296960K, used 200506K [0x00000004d8400000, 0x00000005d3c00000)
  region size 2048K, 16 young (32768K), 3 survivors (6144K)
 Metaspace       used 18436K, committed 18688K, reserved 1073152K
  class space    used 2028K, committed 2176K, reserved 1048576K
}
Event: 10.381 GC heap after
{Heap after GC invocations=12 (full 0):
 garbage-first heap   total 296960K, used 185246K [0x00000004d8400000, 0x00000005d3c00000)
  region size 2048K, 2 young (4096K), 2 survivors (4096K)
 Metaspace       used 18436K, committed 18688K, reserved 1073152K
  class space    used 2028K, committed 2176K, reserved 1048576K
}
Event: 10.732 GC heap before
{Heap before GC invocations=12 (full 0):
 garbage-first heap   total 296960K, used 222110K [0x00000004d8400000, 0x00000005d3c00000)
  region size 2048K, 21 young (43008K), 2 survivors (4096K)
 Metaspace       used 18436K, committed 18688K, reserved 1073152K
  class space    used 2028K, committed 2176K, reserved 1048576K
}
Event: 10.734 GC heap after
{Heap after GC invocations=13 (full 0):
 garbage-first heap   total 296960K, used 199580K [0x00000004d8400000, 0x00000005d3c00000)
  region size 2048K, 3 young (6144K), 3 survivors (6144K)
 Metaspace       used 18436K, committed 18688K, reserved 1073152K
  class space    used 2028K, committed 2176K, reserved 1048576K
}
Event: 11.020 GC heap before
{Heap before GC invocations=14 (full 0):
 garbage-first heap   total 342016K, used 230300K [0x00000004d8400000, 0x00000005d3c00000)
  region size 2048K, 19 young (38912K), 3 survivors (6144K)
 Metaspace       used 18436K, committed 18688K, reserved 1073152K
  class space    used 2028K, committed 2176K, reserved 1048576K
}

Deoptimization events (20 events):
Event: 4.766 Thread 0x0000013ca2a94050 Uncommon trap: trap_request=0xffffffbe fr.pc=0x0000013c8f3869dc relative=0x0000000000001e3c
Event: 4.766 Thread 0x0000013ca2a94050 Uncommon trap: reason=profile_predicate action=maybe_recompile pc=0x0000013c8f3869dc method=sun.awt.image.ImageRepresentation.convertToRGB()V @ 154 c2
Event: 4.767 Thread 0x0000013ca2a94050 DEOPT PACKING pc=0x0000013c8f3869dc sp=0x00000007b35fe000
Event: 4.767 Thread 0x0000013ca2a94050 DEOPT UNPACKING pc=0x0000013c8ed35ba3 sp=0x00000007b35fdff8 mode 2
Event: 4.817 Thread 0x0000013ca2a931e0 Uncommon trap: trap_request=0xffffffbe fr.pc=0x0000013c8f3869dc relative=0x0000000000001e3c
Event: 4.817 Thread 0x0000013ca2a931e0 Uncommon trap: reason=profile_predicate action=maybe_recompile pc=0x0000013c8f3869dc method=sun.awt.image.ImageRepresentation.convertToRGB()V @ 154 c2
Event: 4.817 Thread 0x0000013ca2a931e0 DEOPT PACKING pc=0x0000013c8f3869dc sp=0x00000007b34fe4c0
Event: 4.817 Thread 0x0000013ca2a931e0 DEOPT UNPACKING pc=0x0000013c8ed35ba3 sp=0x00000007b34fe4b8 mode 2
Event: 4.869 Thread 0x0000013ca2a94050 Uncommon trap: trap_request=0xffffffbe fr.pc=0x0000013c8f3869dc relative=0x0000000000001e3c
Event: 4.869 Thread 0x0000013ca2a94050 Uncommon trap: reason=profile_predicate action=maybe_recompile pc=0x0000013c8f3869dc method=sun.awt.image.ImageRepresentation.convertToRGB()V @ 154 c2
Event: 4.869 Thread 0x0000013ca2a94050 DEOPT PACKING pc=0x0000013c8f3869dc sp=0x00000007b35fe000
Event: 4.869 Thread 0x0000013ca2a94050 DEOPT UNPACKING pc=0x0000013c8ed35ba3 sp=0x00000007b35fdff8 mode 2
Event: 4.926 Thread 0x0000013ca2a94050 DEOPT PACKING pc=0x0000013c87bfa5b0 sp=0x00000007b35feef0
Event: 4.926 Thread 0x0000013ca2a94050 DEOPT UNPACKING pc=0x0000013c8ed366e3 sp=0x00000007b35fe3e0 mode 0
Event: 4.999 Thread 0x0000013ca2a94050 DEOPT PACKING pc=0x0000013c87bfa5b0 sp=0x00000007b35feef0
Event: 5.000 Thread 0x0000013ca2a94050 DEOPT UNPACKING pc=0x0000013c8ed366e3 sp=0x00000007b35fe3e0 mode 0
Event: 5.063 Thread 0x0000013ca2a931e0 DEOPT PACKING pc=0x0000013c87bfa5b0 sp=0x00000007b34ff3b0
Event: 5.063 Thread 0x0000013ca2a931e0 DEOPT UNPACKING pc=0x0000013c8ed366e3 sp=0x00000007b34fe8a0 mode 0
Event: 5.125 Thread 0x0000013ca2a94050 DEOPT PACKING pc=0x0000013c87bfa5b0 sp=0x00000007b35feef0
Event: 5.125 Thread 0x0000013ca2a94050 DEOPT UNPACKING pc=0x0000013c8ed366e3 sp=0x00000007b35fe3e0 mode 0

Classes unloaded (0 events):
No events

Classes redefined (0 events):
No events

Internal exceptions (20 events):
Event: 7.945 Thread 0x0000013ca2a94050 Exception <a 'java/io/FileNotFoundException'{0x00000004e63e1da0}> (0x00000004e63e1da0) 
thrown [s\open\src\hotspot\share\prims\jni.cpp, line 516]
Event: 8.083 Thread 0x0000013ca2a931e0 Exception <a 'java/io/FileNotFoundException'{0x00000004e4e28db8}> (0x00000004e4e28db8) 
thrown [s\open\src\hotspot\share\prims\jni.cpp, line 516]
Event: 8.229 Thread 0x0000013ca2a94050 Exception <a 'java/io/FileNotFoundException'{0x00000004e3489e38}> (0x00000004e3489e38) 
thrown [s\open\src\hotspot\share\prims\jni.cpp, line 516]
Event: 8.381 Thread 0x0000013ca2a931e0 Exception <a 'java/io/FileNotFoundException'{0x00000004e7998028}> (0x00000004e7998028) 
thrown [s\open\src\hotspot\share\prims\jni.cpp, line 516]
Event: 8.537 Thread 0x0000013ca2a94050 Exception <a 'java/io/FileNotFoundException'{0x00000004e6654bb8}> (0x00000004e6654bb8) 
thrown [s\open\src\hotspot\share\prims\jni.cpp, line 516]
Event: 8.679 Thread 0x0000013ca2a931e0 Exception <a 'java/io/FileNotFoundException'{0x00000004e5704d98}> (0x00000004e5704d98) 
thrown [s\open\src\hotspot\share\prims\jni.cpp, line 516]
Event: 8.839 Thread 0x0000013ca2a94050 Exception <a 'java/io/FileNotFoundException'{0x00000004e7e9bf50}> (0x00000004e7e9bf50) 
thrown [s\open\src\hotspot\share\prims\jni.cpp, line 516]
Event: 9.009 Thread 0x0000013ca2a931e0 Exception <a 'java/io/FileNotFoundException'{0x00000004e704a9b8}> (0x00000004e704a9b8) 
thrown [s\open\src\hotspot\share\prims\jni.cpp, line 516]
Event: 9.151 Thread 0x0000013ca2a94050 Exception <a 'java/io/FileNotFoundException'{0x00000004e60eee98}> (0x00000004e60eee98) 
thrown [s\open\src\hotspot\share\prims\jni.cpp, line 516]
Event: 9.375 Thread 0x0000013ca2a931e0 Exception <a 'java/io/FileNotFoundException'{0x00000004e7e7c068}> (0x00000004e7e7c068) 
thrown [s\open\src\hotspot\share\prims\jni.cpp, line 516]
Event: 9.569 Thread 0x0000013ca2a94050 Exception <a 'java/io/FileNotFoundException'{0x00000004e7034ab8}> (0x00000004e7034ab8) 
thrown [s\open\src\hotspot\share\prims\jni.cpp, line 516]
Event: 9.747 Thread 0x0000013ca2a931e0 Exception <a 'java/io/FileNotFoundException'{0x00000004e60fb918}> (0x00000004e60fb918) 
thrown [s\open\src\hotspot\share\prims\jni.cpp, line 516]
Event: 9.907 Thread 0x0000013ca2a94050 Exception <a 'java/io/FileNotFoundException'{0x00000004e7de4da8}> (0x00000004e7de4da8) 
thrown [s\open\src\hotspot\share\prims\jni.cpp, line 516]
Event: 10.064 Thread 0x0000013ca2a931e0 Exception <a 'java/io/FileNotFoundException'{0x00000004e6815738}> (0x00000004e6815738) 
thrown [s\open\src\hotspot\share\prims\jni.cpp, line 516]
Event: 10.249 Thread 0x0000013ca2a94050 Exception <a 'java/io/FileNotFoundException'{0x00000004ea16dad8}> (0x00000004ea16dad8) 
thrown [s\open\src\hotspot\share\prims\jni.cpp, line 516]
Event: 10.406 Thread 0x0000013ca2a931e0 Exception <a 'java/io/FileNotFoundException'{0x00000004ea5f9448}> (0x00000004ea5f9448) 
thrown [s\open\src\hotspot\share\prims\jni.cpp, line 516]
Event: 10.556 Thread 0x0000013ca2a94050 Exception <a 'java/io/FileNotFoundException'{0x00000004e979d218}> (0x00000004e979d218) 
thrown [s\open\src\hotspot\share\prims\jni.cpp, line 516]
Event: 10.708 Thread 0x0000013ca2a931e0 Exception <a 'java/io/FileNotFoundException'{0x00000004e8055938}> (0x00000004e8055938) 
thrown [s\open\src\hotspot\share\prims\jni.cpp, line 516]
Event: 10.866 Thread 0x0000013ca2a94050 Exception <a 'java/io/FileNotFoundException'{0x00000004ecb396a8}> (0x00000004ecb396a8) 
thrown [s\open\src\hotspot\share\prims\jni.cpp, line 516]
Event: 11.017 Thread 0x0000013ca2a94050 Exception <a 'java/io/FileNotFoundException'{0x00000004ebdef048}> (0x00000004ebdef048) 
thrown [s\open\src\hotspot\share\prims\jni.cpp, line 516]

VM Operations (20 events):
Event: 9.374 Executing VM operation: G1Concurrent done
Event: 9.379 Executing VM operation: G1Concurrent
Event: 9.379 Executing VM operation: G1Concurrent done
Event: 9.825 Executing VM operation: G1CollectForAllocation
Event: 9.828 Executing VM operation: G1CollectForAllocation done
Event: 10.121 Executing VM operation: G1CollectForAllocation
Event: 10.123 Executing VM operation: G1CollectForAllocation done
Event: 10.131 Executing VM operation: G1Concurrent
Event: 10.133 Executing VM operation: G1Concurrent done
Event: 10.136 Executing VM operation: G1Concurrent
Event: 10.137 Executing VM operation: G1Concurrent done
Event: 10.378 Executing VM operation: G1CollectForAllocation
Event: 10.381 Executing VM operation: G1CollectForAllocation done
Event: 10.732 Executing VM operation: G1CollectForAllocation
Event: 10.734 Executing VM operation: G1CollectForAllocation done
Event: 10.740 Executing VM operation: G1Concurrent
Event: 10.742 Executing VM operation: G1Concurrent done
Event: 10.746 Executing VM operation: G1Concurrent
Event: 10.746 Executing VM operation: G1Concurrent done
Event: 11.020 Executing VM operation: G1CollectForAllocation

Events (20 events):
Event: 4.144 loading class java/awt/event/AdjustmentEvent
Event: 4.145 loading class java/awt/event/AdjustmentEvent done
Event: 4.170 loading class sun/awt/image/JPEGImageDecoder
Event: 4.170 loading class sun/awt/image/JPEGImageDecoder done
Event: 4.171 loading class sun/awt/image/JPEGImageDecoder$1
Event: 4.171 loading class sun/awt/image/JPEGImageDecoder$1 done
Event: 4.177 Loaded shared library C:\Program Files\Java\jdk-17\bin\javajpeg.dll
Event: 4.212 Thread 0x0000013ca4af3880 Thread added: 0x0000013ca4af3880
Event: 4.867 Thread 0x0000013ca4af3880 Thread exited: 0x0000013ca4af3880
Event: 4.867 Thread 0x0000013ca07c0af0 Thread exited: 0x0000013ca07c0af0
Event: 5.150 loading class sun/awt/AppContext$PostShutdownEventRunnable
Event: 5.151 loading class sun/awt/AppContext$PostShutdownEventRunnable done
Event: 5.152 loading class sun/awt/AWTAutoShutdown$1
Event: 5.152 loading class sun/awt/AWTAutoShutdown$1 done
Event: 5.152 Thread 0x0000013ca2a92d10 Thread exited: 0x0000013ca2a92d10
Event: 5.152 loading class java/awt/MenuComponent
Event: 5.152 loading class java/awt/MenuComponent done
Event: 5.152 loading class java/awt/TrayIcon
Event: 5.153 loading class java/awt/TrayIcon done
Event: 5.153 Thread 0x0000013ca2a92840 Thread exited: 0x0000013ca2a92840


Dynamic libraries:
0x00007ff76b490000 - 0x00007ff76b4a0000 	C:\Program Files\Java\jdk-17\bin\javaw.exe
0x00007ff9d8870000 - 0x00007ff9d8a84000 	C:\WINDOWS\SYSTEM32\ntdll.dll
0x00007ff9d7580000 - 0x00007ff9d7644000 	C:\WINDOWS\System32\KERNEL32.DLL
0x00007ff9d6250000 - 0x00007ff9d65f4000 	C:\WINDOWS\System32\KERNELBASE.dll
0x00007ff9d5ee0000 - 0x00007ff9d5ff1000 	C:\WINDOWS\System32\ucrtbase.dll
0x00007ff9ac990000 - 0x00007ff9ac9a9000 	C:\Program Files\Java\jdk-17\bin\jli.dll
0x00007ff9d6dd0000 - 0x00007ff9d6e80000 	C:\WINDOWS\System32\ADVAPI32.dll
0x00007ff9d8770000 - 0x00007ff9d8817000 	C:\WINDOWS\System32\msvcrt.dll
0x00007ff9d6cf0000 - 0x00007ff9d6d96000 	C:\WINDOWS\System32\sechost.dll
0x00007ff996da0000 - 0x00007ff996dbb000 	C:\Program Files\Java\jdk-17\bin\VCRUNTIME140.dll
0x00007ff9d7070000 - 0x00007ff9d7187000 	C:\WINDOWS\System32\RPCRT4.dll
0x00007ff9d7190000 - 0x00007ff9d733e000 	C:\WINDOWS\System32\USER32.dll
0x00007ff9d5c20000 - 0x00007ff9d5c46000 	C:\WINDOWS\System32\win32u.dll
0x00007ff9d6620000 - 0x00007ff9d6649000 	C:\WINDOWS\System32\GDI32.dll
0x00007ff9d5c50000 - 0x00007ff9d5d68000 	C:\WINDOWS\System32\gdi32full.dll
0x00007ff9d61b0000 - 0x00007ff9d624a000 	C:\WINDOWS\System32\msvcp_win.dll
0x00007ff9bc3a0000 - 0x00007ff9bc633000 	C:\WINDOWS\WinSxS\amd64_microsoft.windows.common-controls_6595b64144ccf1df_6.0.22621.2215_none_270d72677387dfc3\COMCTL32.dll
0x00007ff9c6480000 - 0x00007ff9c648a000 	C:\WINDOWS\SYSTEM32\VERSION.dll
0x00007ff9d76b0000 - 0x00007ff9d76e1000 	C:\WINDOWS\System32\IMM32.DLL
0x00007ff9c0110000 - 0x00007ff9c011c000 	C:\Program Files\Java\jdk-17\bin\vcruntime140_1.dll
0x00007ff973140000 - 0x00007ff9731ce000 	C:\Program Files\Java\jdk-17\bin\msvcp140.dll
0x00007ff950460000 - 0x00007ff95103d000 	C:\Program Files\Java\jdk-17\bin\server\jvm.dll
0x00007ff9d8820000 - 0x00007ff9d8828000 	C:\WINDOWS\System32\PSAPI.DLL
0x00007ff9d04a0000 - 0x00007ff9d04d4000 	C:\WINDOWS\SYSTEM32\WINMM.dll
0x00007ff9ca120000 - 0x00007ff9ca129000 	C:\WINDOWS\SYSTEM32\WSOCK32.dll
0x00007ff9d8690000 - 0x00007ff9d8701000 	C:\WINDOWS\System32\WS2_32.dll
0x00007ff9d4d60000 - 0x00007ff9d4d78000 	C:\WINDOWS\SYSTEM32\kernel.appcore.dll
0x00007ff9bb5f0000 - 0x00007ff9bb5fa000 	C:\Program Files\Java\jdk-17\bin\jimage.dll
0x00007ff9d30a0000 - 0x00007ff9d32ce000 	C:\WINDOWS\SYSTEM32\DBGHELP.DLL
0x00007ff9d6800000 - 0x00007ff9d6b8a000 	C:\WINDOWS\System32\combase.dll
0x00007ff9d6e90000 - 0x00007ff9d6f67000 	C:\WINDOWS\System32\OLEAUT32.dll
0x00007ff9d0460000 - 0x00007ff9d0492000 	C:\WINDOWS\SYSTEM32\dbgcore.DLL
0x00007ff9d6130000 - 0x00007ff9d61aa000 	C:\WINDOWS\System32\bcryptPrimitives.dll
0x00007ff9bae30000 - 0x00007ff9bae6b000 	C:\Program Files\Java\jdk-17\bin\jdwp.dll
0x00007ff9cdbc0000 - 0x00007ff9cdbce000 	C:\Program Files\Java\jdk-17\bin\instrument.dll
0x00007ff990a50000 - 0x00007ff990a75000 	C:\Program Files\Java\jdk-17\bin\java.dll
0x00007ff96cfd0000 - 0x00007ff96d0a7000 	C:\Program Files\Java\jdk-17\bin\jsvml.dll
0x00007ff9d77b0000 - 0x00007ff9d7fd3000 	C:\WINDOWS\System32\SHELL32.dll
0x00007ff9d3b70000 - 0x00007ff9d445a000 	C:\WINDOWS\SYSTEM32\windows.storage.dll
0x00007ff9d3a30000 - 0x00007ff9d3b6e000 	C:\WINDOWS\SYSTEM32\wintypes.dll
0x00007ff9d6f70000 - 0x00007ff9d7063000 	C:\WINDOWS\System32\SHCORE.dll
0x00007ff9d7650000 - 0x00007ff9d76ae000 	C:\WINDOWS\System32\shlwapi.dll
0x00007ff9d5b50000 - 0x00007ff9d5b76000 	C:\WINDOWS\SYSTEM32\profapi.dll
0x00007ff9c4b40000 - 0x00007ff9c4b4c000 	C:\Program Files\Java\jdk-17\bin\dt_socket.dll
0x00007ff9d4740000 - 0x00007ff9d476d000 	C:\WINDOWS\SYSTEM32\IPHLPAPI.DLL
0x00007ff9d51e0000 - 0x00007ff9d5249000 	C:\WINDOWS\system32\mswsock.dll
0x00007ff9d4770000 - 0x00007ff9d4862000 	C:\WINDOWS\SYSTEM32\DNSAPI.dll
0x00007ff9d6dc0000 - 0x00007ff9d6dc9000 	C:\WINDOWS\System32\NSI.dll
0x00007ff9c7180000 - 0x00007ff9c718a000 	C:\Windows\System32\rasadhlp.dll
0x00007ff9c3480000 - 0x00007ff9c3504000 	C:\WINDOWS\System32\fwpuclnt.dll
0x00007ff98e2d0000 - 0x00007ff98e2e8000 	C:\Program Files\Java\jdk-17\bin\zip.dll
0x00007ff9948a0000 - 0x00007ff9948b9000 	C:\Program Files\Java\jdk-17\bin\net.dll
0x00007ff9ccdf0000 - 0x00007ff9ccf27000 	C:\WINDOWS\SYSTEM32\WINHTTP.dll
0x00007ff990970000 - 0x00007ff990986000 	C:\Program Files\Java\jdk-17\bin\nio.dll
0x00007ff9bae20000 - 0x00007ff9bae30000 	C:\Program Files\Java\jdk-17\bin\verify.dll
0x00007ff98da00000 - 0x00007ff98db91000 	C:\Program Files\Java\jdk-17\bin\awt.dll
0x00007ff9d0070000 - 0x00007ff9d0107000 	C:\WINDOWS\SYSTEM32\apphelp.dll
0x00007ff9d5440000 - 0x00007ff9d545b000 	C:\WINDOWS\SYSTEM32\CRYPTSP.dll
0x00007ff9d4cd0000 - 0x00007ff9d4d05000 	C:\WINDOWS\system32\rsaenh.dll
0x00007ff9d52d0000 - 0x00007ff9d52fc000 	C:\WINDOWS\SYSTEM32\USERENV.dll
0x00007ff9d55d0000 - 0x00007ff9d55f8000 	C:\WINDOWS\SYSTEM32\bcrypt.dll
0x00007ff9d5430000 - 0x00007ff9d543c000 	C:\WINDOWS\SYSTEM32\CRYPTBASE.dll
0x00007ff9ca7b0000 - 0x00007ff9ca7c9000 	C:\WINDOWS\SYSTEM32\dhcpcsvc6.DLL
0x00007ff9ca790000 - 0x00007ff9ca7af000 	C:\WINDOWS\SYSTEM32\dhcpcsvc.DLL
0x00007ff9bc280000 - 0x00007ff9bc28d000 	C:\Program Files\Java\jdk-17\bin\sunmscapi.dll
0x00007ff9d5d70000 - 0x00007ff9d5ed6000 	C:\WINDOWS\System32\CRYPT32.dll
0x00007ff9d55a0000 - 0x00007ff9d55ce000 	C:\WINDOWS\SYSTEM32\ncrypt.dll
0x00007ff9d5560000 - 0x00007ff9d5597000 	C:\WINDOWS\SYSTEM32\NTASN1.dll
0x00007ff9d03f0000 - 0x00007ff9d041b000 	C:\WINDOWS\system32\DWMAPI.DLL
0x00007ff9d0170000 - 0x00007ff9d021b000 	C:\WINDOWS\system32\uxtheme.dll
0x00007ff9bf360000 - 0x00007ff9bf460000 	C:\WINDOWS\system32\opengl32.dll
0x00007ff9c4af0000 - 0x00007ff9c4b1d000 	C:\WINDOWS\SYSTEM32\GLU32.dll
0x00007ff9d3050000 - 0x00007ff9d3088000 	C:\WINDOWS\SYSTEM32\dxcore.dll
0x0000000180000000 - 0x0000000180043000 	C:\Program Files\Fasoo DRM\f_nxa.dll
0x0000000061000000 - 0x00000000611ca000 	C:\Program Files\Fasoo DRM\f_sps.dll
0x00007ff9d84f0000 - 0x00007ff9d868e000 	C:\WINDOWS\System32\ole32.dll
0x00007ff9a9e30000 - 0x00007ff9a9e37000 	C:\WINDOWS\SYSTEM32\msimg32.dll
0x00007ff9b60e0000 - 0x00007ff9b617f000 	C:\WINDOWS\SYSTEM32\winspool.drv
0x00007ff9d4b20000 - 0x00007ff9d4b34000 	C:\WINDOWS\SYSTEM32\wtsapi32.dll
0x00007ff9d6ba0000 - 0x00007ff9d6ce9000 	C:\WINDOWS\System32\MSCTF.dll
0x00007ff9aaa10000 - 0x00007ff9aaa96000 	C:\Program Files\Java\jdk-17\bin\freetype.dll
0x00007ff996e50000 - 0x00007ff996f15000 	C:\Program Files\Java\jdk-17\bin\fontmanager.dll
0x00007ff9bd010000 - 0x00007ff9bd03e000 	C:\Program Files\Java\jdk-17\bin\javajpeg.dll

dbghelp: loaded successfully - version: 4.0.5 - missing functions: none
symbol engine: initialized successfully - sym options: 0x614 - pdb path: .;C:\Program Files\Java\jdk-17\bin;C:\WINDOWS\SYSTEM32;C:\WINDOWS\WinSxS\amd64_microsoft.windows.common-controls_6595b64144ccf1df_6.0.22621.2215_none_270d72677387dfc3;C:\Program Files\Java\jdk-17\bin\server;C:\Program Files\Fasoo DRM

VM Arguments:
jvm_args: -XX:+ShowCodeDetailsInExceptionMessages -agentlib:jdwp=transport=dt_socket,suspend=y,address=localhost:52912 -javaagent:C:\private\eclipse\configuration\org.eclipse.osgi\231\0\.cp\lib\javaagent-shaded.jar -Dfile.encoding=UTF-8 
java_command: main.SaleFrame
java_class_path (initial): C:\private\\MirimMarket\bin;C:\Program Files (x86)\MySQL\Connector J 8.0\mysql-connector-j-8.0.33.jar
Launcher Type: SUN_STANDARD

[Global flags]
     intx CICompilerCount                          = 4                                         {product} {ergonomic}
     uint ConcGCThreads                            = 2                                         {product} {ergonomic}
     uint G1ConcRefinementThreads                  = 8                                         {product} {ergonomic}
   size_t G1HeapRegionSize                         = 2097152                                   {product} {ergonomic}
    uintx GCDrainStackTargetSize                   = 64                                        {product} {ergonomic}
   size_t InitialHeapSize                          = 264241152                                 {product} {ergonomic}
   size_t MarkStackSize                            = 4194304                                   {product} {ergonomic}
   size_t MaxHeapSize                              = 4219469824                                {product} {ergonomic}
   size_t MaxNewSize                               = 2531262464                                {product} {ergonomic}
   size_t MinHeapDeltaBytes                        = 2097152                                   {product} {ergonomic}
   size_t MinHeapSize                              = 8388608                                   {product} {ergonomic}
    uintx NonNMethodCodeHeapSize                   = 5839372                                {pd product} {ergonomic}
    uintx NonProfiledCodeHeapSize                  = 122909434                              {pd product} {ergonomic}
    uintx ProfiledCodeHeapSize                     = 122909434                              {pd product} {ergonomic}
    uintx ReservedCodeCacheSize                    = 251658240                              {pd product} {ergonomic}
     bool SegmentedCodeCache                       = true                                      {product} {ergonomic}
     bool ShowCodeDetailsInExceptionMessages       = true                                   {manageable} {command line}
   size_t SoftMaxHeapSize                          = 4219469824                             {manageable} {ergonomic}
     bool UseCompressedClassPointers               = true                           {product lp64_product} {ergonomic}
     bool UseCompressedOops                        = true                           {product lp64_product} {ergonomic}
     bool UseG1GC                                  = true                                      {product} {ergonomic}
     bool UseLargePagesIndividualAllocation        = false                                  {pd product} {ergonomic}

Logging:
Log output configuration:
 #0: stdout all=warning uptime,level,tags
 #1: stderr all=off uptime,level,tags

Environment Variables:
JAVA_HOME=C:\Program Files\Java\jdk-12
PATH=C:\Program Files (x86)\Razer Chroma SDK\bin;C:\Program Files\Razer Chroma SDK\bin;C:\Program Files (x86)\Razer\ChromaBroadcast\bin;C:\Program Files\Razer\ChromaBroadcast\bin;C:\Program Files\Common Files\Oracle\Java\javapath;C:\Program Files (x86)\NVIDIA Corporation\PhysX\Common;C:\Program Files (x86)\Common Files\Oracle\Java\javapath;C:\WINDOWS\system32;C:\WINDOWS;C:\WINDOWS\System32\Wbem;C:\WINDOWS\System32\WindowsPowerShell\v1.0\;C:\WINDOWS\System32\OpenSSH\;C:\Program Files\Git\cmd;C:\Program Files\dotnet\;C:\Program Files\Microsoft SQL Server\150\Tools\Binn\;C:\Program Files\Microsoft SQL Server\Client SDK\ODBC\170\Tools\Binn\;C:\Program Files\Microsoft SQL Server\130\Tools\Binn\;C:\Program Files\PowerShell\7\;C:\Program Files\nodejs\;C:\Program Files\MySQL\MySQL Server 8.0\bin;C:\Bitnami\wampstack-8.0.3-0\php;C:\ProgramData\ComposerSetup\bin;C:\Program Files\Docker\Docker\resources\bin;C:\WINDOWS\system32;C:\WINDOWS;C:\WINDOWS\System32\Wbem;C:\WINDOWS\System32\WindowsPowerShell\v1.0\;C:\WINDOWS\System32\OpenSSH\;C:\WINDOWS\system32\config\systemprofile\AppData\Local\Microsoft\WindowsApps;C:\Program Files\Java\jdk-12\bin;C:\Program Files\MySQL\MySQL Shell 8.0\bin\;C:\Python311\Scripts\;C:\Python311\;C:\Users\khs10\AppData\Local\Microsoft\WindowsApps;C:\Users\khs10\AppData\Local\Programs\Microsoft VS Code\bin;C:\Program Files\JetBrains\IntelliJ IDEA Educational Edition 2022.2.2\bin;C:\Users\khs10\.dotnet\tools;C:\Users\khs10\AppData\Local\GitHubDesktop\bin;C:\Program Files\JetBrains\PyCharm Community Edition 2022.3.3\bin;C:\Users\khs10\AppData\Roaming\npm;C:\Users\khs10\AppData\Roaming\Composer\vendor\bin;C:\Program Files\JetBrains\PhpStorm 2023.1.2\bin;C:\private\flutter\bin;C:\Users\khs10\AppData\Local\JetBrains\Toolbox\scripts;
USERNAME=khs10
OS=Windows_NT
PROCESSOR_IDENTIFIER=Intel64 Family 6 Model 140 Stepping 1, GenuineIntel



---------------  S Y S T E M  ---------------

OS:
 Windows 11 , 64 bit Build 22621 (10.0.22621.2215)
OS uptime: 18 days 16:12 hours
Hyper-V role detected

CPU: total 8 (initial active 8) (4 cores per cpu, 2 threads per core) family 6 model 140 stepping 1 microcode 0x8a, cx8, cmov, fxsr, ht, mmx, 3dnowpref, sse, sse2, sse3, ssse3, sse4.1, sse4.2, popcnt, lzcnt, tsc, tscinvbit, avx, avx2, aes, erms, clmul, bmi1, bmi2, adx, avx512f, avx512dq, avx512cd, avx512bw, avx512vl, sha, fma, vzeroupper, avx512_vpopcntdq, avx512_vpclmulqdq, avx512_vaes, avx512_vnni, clflush, clflushopt, clwb, avx512_vbmi2, avx512_vbmi, hv

Memory: 4k page, system-wide physical 16092M (2443M free)
TotalPageFile size 48860M (AvailPageFile size 115M)
current process WorkingSet (physical memory assigned to process): 402M, peak: 402M
current process commit charge ("private bytes"): 457M, peak: 581M

vm_info: Java HotSpot(TM) 64-Bit Server VM (17.0.7+8-LTS-224) for windows-amd64 JRE (17.0.7+8-LTS-224), built on Feb 28 2023 23:03:02 by "mach5one" with MS VC++ 17.1 (VS2022)

END.
