#
# There is insufficient memory for the Java Runtime Environment to continue.
# Native memory allocation (malloc) failed to allocate 32744 bytes for ChunkPool::allocate
# Possible reasons:
#   The system is out of physical RAM or swap space
#   The process is running with CompressedOops enabled, and the Java Heap may be blocking the growth of the native heap
# Possible solutions:
#   Reduce memory load on the system
#   Increase physical memory or swap space
#   Check if swap backing store is full
#   Decrease Java heap size (-Xmx/-Xms)
#   Decrease number of Java threads
#   Decrease Java thread stack sizes (-Xss)
#   Set larger code cache with -XX:ReservedCodeCacheSize=
#   JVM is running with Zero Based Compressed Oops mode in which the Java heap is
#     placed in the first 32GB address space. The Java Heap base address is the
#     maximum limit for the native heap growth. Please use -XX:HeapBaseMinAddress
#     to set the Java Heap base and to place the Java Heap above 32GB virtual address.
# This output file may be truncated or incomplete.
#
#  Out of Memory Error (arena.cpp:78), pid=27752, tid=10548
#
# JRE version: Java(TM) SE Runtime Environment (17.0.7+8) (build 17.0.7+8-LTS-224)
# Java VM: Java HotSpot(TM) 64-Bit Server VM (17.0.7+8-LTS-224, mixed mode, sharing, tiered, compressed oops, compressed class ptrs, g1 gc, windows-amd64)
# No core dump will be written. Minidumps are not enabled by default on client versions of Windows
#

---------------  S U M M A R Y ------------

Command Line: -XX:+ShowCodeDetailsInExceptionMessages -agentlib:jdwp=transport=dt_socket,suspend=y,address=localhost:49395 -javaagent:C:\private\eclipse\configuration\org.eclipse.osgi\231\0\.cp\lib\javaagent-shaded.jar -Dfile.encoding=UTF-8 main.ProductFrame

Host: 11th Gen Intel(R) Core(TM) i7-1165G7 @ 2.80GHz, 8 cores, 15G,  Windows 11 , 64 bit Build 22621 (10.0.22621.2215)
Time: Sun Oct 29 14:41:32 2023  Windows 11 , 64 bit Build 22621 (10.0.22621.2215) elapsed time: 18.491293 seconds (0d 0h 0m 18s)

---------------  T H R E A D  ---------------

Current thread (0x00000279dc09dcc0):  JavaThread "C1 CompilerThread0" daemon [_thread_in_native, id=10548, stack(0x000000d053c00000,0x000000d053d00000)]


Current CompileTask:
C1:  18491 3207       3       sun.util.locale.LanguageTag::parseExtensions (208 bytes)

Stack: [0x000000d053c00000,0x000000d053d00000]
Native frames: (J=compiled Java code, j=interpreted, Vv=VM code, C=native code)
V  [jvm.dll+0x676a4a]
V  [jvm.dll+0x7d74f4]
V  [jvm.dll+0x7d8c9e]
V  [jvm.dll+0x7d9303]
V  [jvm.dll+0x2452c5]
V  [jvm.dll+0xaac80]
V  [jvm.dll+0xaafcc]
V  [jvm.dll+0x11bb25]
V  [jvm.dll+0x1792e1]
V  [jvm.dll+0x1798d3]
V  [jvm.dll+0x1348a3]
V  [jvm.dll+0x1341af]
V  [jvm.dll+0x1343e8]
V  [jvm.dll+0x133881]
V  [jvm.dll+0x13552d]
V  [jvm.dll+0x226a6e]
V  [jvm.dll+0x224e15]
V  [jvm.dll+0x78d05c]
V  [jvm.dll+0x78759a]
V  [jvm.dll+0x675875]
C  [ucrtbase.dll+0x29363]
C  [KERNEL32.DLL+0x1257d]
C  [ntdll.dll+0x5aa68]


---------------  P R O C E S S  ---------------

Threads class SMR info:
_java_thread_list=0x00000279de660a40, length=24, elements={
0x00000279dc06a810, 0x00000279dc06bb60, 0x00000279dc0892b0, 0x00000279dc089d70,
0x00000279dc08d0d0, 0x00000279dc093730, 0x00000279dc0953e0, 0x00000279dc09dcc0,
0x00000279dc09e970, 0x00000279dc058080, 0x00000279dcd785e0, 0x00000279dcde4200,
0x00000279dcde46f0, 0x00000279dcf18470, 0x00000279dd43b4a0, 0x00000279de66ecf0,
0x00000279ddeed020, 0x00000279de522230, 0x00000279df8a9e00, 0x00000279df8a8f90,
0x00000279df8aa7a0, 0x00000279df8ab140, 0x00000279df8a7780, 0x00000279dfe81390
}

Java Threads: ( => current thread )
  0x00000279dc06a810 JavaThread "Reference Handler" daemon [_thread_blocked, id=20320, stack(0x000000d053500000,0x000000d053600000)]
  0x00000279dc06bb60 JavaThread "Finalizer" daemon [_thread_blocked, id=36452, stack(0x000000d053600000,0x000000d053700000)]
  0x00000279dc0892b0 JavaThread "Signal Dispatcher" daemon [_thread_blocked, id=15004, stack(0x000000d053700000,0x000000d053800000)]
  0x00000279dc089d70 JavaThread "Attach Listener" daemon [_thread_blocked, id=6404, stack(0x000000d053800000,0x000000d053900000)]
  0x00000279dc08d0d0 JavaThread "Service Thread" daemon [_thread_blocked, id=31988, stack(0x000000d053900000,0x000000d053a00000)]
  0x00000279dc093730 JavaThread "Monitor Deflation Thread" daemon [_thread_blocked, id=14756, stack(0x000000d053a00000,0x000000d053b00000)]
  0x00000279dc0953e0 JavaThread "C2 CompilerThread0" daemon [_thread_in_native, id=42056, stack(0x000000d053b00000,0x000000d053c00000)]
=>0x00000279dc09dcc0 JavaThread "C1 CompilerThread0" daemon [_thread_in_native, id=10548, stack(0x000000d053c00000,0x000000d053d00000)]
  0x00000279dc09e970 JavaThread "Sweeper thread" daemon [_thread_blocked, id=16992, stack(0x000000d053d00000,0x000000d053e00000)]
  0x00000279dc058080 JavaThread "Common-Cleaner" daemon [_thread_blocked, id=15748, stack(0x000000d053e00000,0x000000d053f00000)]
  0x00000279dcd785e0 JavaThread "JDWP Transport Listener: dt_socket" daemon [_thread_blocked, id=33956, stack(0x000000d053f00000,0x000000d054000000)]
  0x00000279dcde4200 JavaThread "JDWP Event Helper Thread" daemon [_thread_blocked, id=38980, stack(0x000000d054000000,0x000000d054100000)]
  0x00000279dcde46f0 JavaThread "JDWP Command Reader" daemon [_thread_in_native, id=12184, stack(0x000000d054100000,0x000000d054200000)]
  0x00000279dcf18470 JavaThread "Notification Thread" daemon [_thread_blocked, id=7332, stack(0x000000d054200000,0x000000d054300000)]
  0x00000279dd43b4a0 JavaThread "mysql-cj-abandoned-connection-cleanup" daemon [_thread_blocked, id=42476, stack(0x000000d054400000,0x000000d054500000)]
  0x00000279de66ecf0 JavaThread "Java2D Disposer" daemon [_thread_blocked, id=40792, stack(0x000000d054c00000,0x000000d054d00000)]
  0x00000279ddeed020 JavaThread "AWT-Windows" daemon [_thread_in_native, id=10304, stack(0x000000d054e00000,0x000000d054f00000)]
  0x00000279de522230 JavaThread "Image Fetcher 0" daemon [_thread_blocked, id=40764, stack(0x000000d055000000,0x000000d055100000)]
  0x00000279df8a9e00 JavaThread "Image Fetcher 1" daemon [_thread_blocked, id=41180, stack(0x000000d055100000,0x000000d055200000)]
  0x00000279df8a8f90 JavaThread "Thread-0" [_thread_blocked, id=18828, stack(0x000000d054d00000,0x000000d054e00000)]
  0x00000279df8aa7a0 JavaThread "AWT-Shutdown" [_thread_blocked, id=1916, stack(0x000000d054f00000,0x000000d055000000)]
  0x00000279df8ab140 JavaThread "AWT-EventQueue-0" [_thread_in_Java, id=38516, stack(0x000000d055200000,0x000000d055300000)]
  0x00000279df8a7780 JavaThread "Thread-2" [_thread_blocked, id=4124, stack(0x000000d055300000,0x000000d055400000)]
  0x00000279dfe81390 JavaThread "DestroyJavaVM" [_thread_blocked, id=16660, stack(0x000000d052e00000,0x000000d052f00000)]

Other Threads:
  0x00000279dc066940 VMThread "VM Thread" [stack: 0x000000d053400000,0x000000d053500000] [id=22320]
  0x00000279dcf18b30 WatcherThread [stack: 0x000000d054300000,0x000000d054400000] [id=5256]
  0x00000279b956c420 GCTaskThread "GC Thread#0" [stack: 0x000000d052f00000,0x000000d053000000] [id=42704]
  0x00000279dd7c6f10 GCTaskThread "GC Thread#1" [stack: 0x000000d054500000,0x000000d054600000] [id=21972]
  0x00000279dd7c71c0 GCTaskThread "GC Thread#2" [stack: 0x000000d054600000,0x000000d054700000] [id=22656]
  0x00000279dd7c7470 GCTaskThread "GC Thread#3" [stack: 0x000000d054700000,0x000000d054800000] [id=8096]
  0x00000279dd7c7720 GCTaskThread "GC Thread#4" [stack: 0x000000d054800000,0x000000d054900000] [id=26304]
  0x00000279ddad9b10 GCTaskThread "GC Thread#5" [stack: 0x000000d054900000,0x000000d054a00000] [id=26376]
  0x00000279ddd2f050 GCTaskThread "GC Thread#6" [stack: 0x000000d054a00000,0x000000d054b00000] [id=35860]
  0x00000279ddd2f510 GCTaskThread "GC Thread#7" [stack: 0x000000d054b00000,0x000000d054c00000] [id=41308]
  0x00000279b741de80 ConcurrentGCThread "G1 Main Marker" [stack: 0x000000d053000000,0x000000d053100000] [id=1312]
  0x00000279b741e890 ConcurrentGCThread "G1 Conc#0" [stack: 0x000000d053100000,0x000000d053200000] [id=40424]
  0x00000279b95ceb00 ConcurrentGCThread "G1 Refine#0" [stack: 0x000000d053200000,0x000000d053300000] [id=28460]
  0x00000279dbf26de0 ConcurrentGCThread "G1 Service" [stack: 0x000000d053300000,0x000000d053400000] [id=24232]

Threads with active compile tasks:
C2 CompilerThread0    18580 2989       4       sun.font.TrueTypeFont::initAllNames (182 bytes)
C1 CompilerThread0    18581 3207       3       sun.util.locale.LanguageTag::parseExtensions (208 bytes)

VM state: not at safepoint (normal execution)

VM Mutex/Monitor currently owned by a thread: None

Heap address: 0x0000000704800000, size: 4024 MB, Compressed Oops mode: Zero based, Oop shift amount: 3

CDS archive(s) mapped at: [0x0000000800000000-0x0000000800bd0000-0x0000000800bd0000), size 12386304, SharedBaseAddress: 0x0000000800000000, ArchiveRelocationMode: 0.
Compressed class space mapped at: 0x0000000800c00000-0x0000000840c00000, reserved size: 1073741824
Narrow klass base: 0x0000000800000000, Narrow klass shift: 0, Narrow klass range: 0x100000000

GC Precious Log:
 CPUs: 8 total, 8 available
 Memory: 16092M
 Large Page Support: Disabled
 NUMA Support: Disabled
 Compressed Oops: Enabled (Zero based)
 Heap Region Size: 2M
 Heap Min Capacity: 8M
 Heap Initial Capacity: 252M
 Heap Max Capacity: 4024M
 Pre-touch: Disabled
 Parallel Workers: 8
 Concurrent Workers: 2
 Concurrent Refinement Workers: 8
 Periodic GC: Disabled

Heap:
 garbage-first heap   total 258048K, used 119713K [0x0000000704800000, 0x0000000800000000)
  region size 2048K, 38 young (77824K), 10 survivors (20480K)
 Metaspace       used 20231K, committed 20480K, reserved 1073152K
  class space    used 2197K, committed 2304K, reserved 1048576K

Heap Regions: E=young(eden), S=young(survivor), O=old, HS=humongous(starts), HC=humongous(continues), CS=collection set, F=free, OA=open archive, CA=closed archive, TAMS=top-at-mark-start (previous, next)
|   0|0x0000000704800000, 0x0000000704a00000, 0x0000000704a00000|100%| O|  |TAMS 0x0000000704800000, 0x0000000704800000| Untracked 
|   1|0x0000000704a00000, 0x0000000704c00000, 0x0000000704c00000|100%| O|  |TAMS 0x0000000704a00000, 0x0000000704a00000| Untracked 
|   2|0x0000000704c00000, 0x0000000704e00000, 0x0000000704e00000|100%| O|  |TAMS 0x0000000704c00000, 0x0000000704c00000| Untracked 
|   3|0x0000000704e00000, 0x0000000705000000, 0x0000000705000000|100%| O|  |TAMS 0x0000000704e00000, 0x0000000704e00000| Untracked 
|   4|0x0000000705000000, 0x0000000705200000, 0x0000000705200000|100%| O|  |TAMS 0x0000000705000000, 0x0000000705000000| Untracked 
|   5|0x0000000705200000, 0x0000000705400000, 0x0000000705400000|100%| O|  |TAMS 0x0000000705200000, 0x0000000705200000| Untracked 
|   6|0x0000000705400000, 0x0000000705600000, 0x0000000705600000|100%| O|  |TAMS 0x0000000705400000, 0x0000000705400000| Untracked 
|   7|0x0000000705600000, 0x0000000705800000, 0x0000000705800000|100%| O|  |TAMS 0x0000000705600000, 0x0000000705600000| Untracked 
|   8|0x0000000705800000, 0x0000000705a00000, 0x0000000705a00000|100%| O|  |TAMS 0x0000000705800000, 0x0000000705800000| Untracked 
|   9|0x0000000705a00000, 0x0000000705c00000, 0x0000000705c00000|100%| O|  |TAMS 0x0000000705a00000, 0x0000000705a00000| Untracked 
|  10|0x0000000705c00000, 0x0000000705e00000, 0x0000000705e00000|100%| O|  |TAMS 0x0000000705c00000, 0x0000000705c00000| Untracked 
|  11|0x0000000705e00000, 0x0000000706000000, 0x0000000706000000|100%| O|  |TAMS 0x0000000705e00000, 0x0000000705e00000| Untracked 
|  12|0x0000000706000000, 0x0000000706200000, 0x0000000706200000|100%| O|  |TAMS 0x0000000706000000, 0x0000000706000000| Untracked 
|  13|0x0000000706200000, 0x0000000706400000, 0x0000000706400000|100%| O|  |TAMS 0x0000000706200000, 0x0000000706200000| Untracked 
|  14|0x0000000706400000, 0x0000000706600000, 0x0000000706600000|100%| O|  |TAMS 0x0000000706400000, 0x0000000706400000| Untracked 
|  15|0x0000000706600000, 0x0000000706800000, 0x0000000706800000|100%| O|  |TAMS 0x0000000706600000, 0x0000000706600000| Untracked 
|  16|0x0000000706800000, 0x0000000706a00000, 0x0000000706a00000|100%| O|  |TAMS 0x0000000706800000, 0x0000000706800000| Untracked 
|  17|0x0000000706a00000, 0x0000000706c00000, 0x0000000706c00000|100%| O|  |TAMS 0x0000000706a00000, 0x0000000706a00000| Untracked 
|  18|0x0000000706c00000, 0x0000000706e00000, 0x0000000706e00000|100%| O|  |TAMS 0x0000000706c00000, 0x0000000706c00000| Untracked 
|  19|0x0000000706e00000, 0x0000000706ee8400, 0x0000000707000000| 45%| O|  |TAMS 0x0000000706e00000, 0x0000000706e00000| Untracked 
|  20|0x0000000707000000, 0x0000000707200000, 0x0000000707200000|100%|HS|  |TAMS 0x0000000707000000, 0x0000000707000000| Complete 
|  21|0x0000000707200000, 0x0000000707400000, 0x0000000707400000|100%|HC|  |TAMS 0x0000000707200000, 0x0000000707200000| Complete 
|  22|0x0000000707400000, 0x0000000707600000, 0x0000000707600000|100%|HC|  |TAMS 0x0000000707400000, 0x0000000707400000| Complete 
|  23|0x0000000707600000, 0x0000000707600000, 0x0000000707800000|  0%| F|  |TAMS 0x0000000707600000, 0x0000000707600000| Untracked 
|  24|0x0000000707800000, 0x0000000707800000, 0x0000000707a00000|  0%| F|  |TAMS 0x0000000707800000, 0x0000000707800000| Untracked 
|  25|0x0000000707a00000, 0x0000000707a00000, 0x0000000707c00000|  0%| F|  |TAMS 0x0000000707a00000, 0x0000000707a00000| Untracked 
|  26|0x0000000707c00000, 0x0000000707c00000, 0x0000000707e00000|  0%| F|  |TAMS 0x0000000707c00000, 0x0000000707c00000| Untracked 
|  27|0x0000000707e00000, 0x0000000707e00000, 0x0000000708000000|  0%| F|  |TAMS 0x0000000707e00000, 0x0000000707e00000| Untracked 
|  28|0x0000000708000000, 0x0000000708000000, 0x0000000708200000|  0%| F|  |TAMS 0x0000000708000000, 0x0000000708000000| Untracked 
|  29|0x0000000708200000, 0x0000000708200000, 0x0000000708400000|  0%| F|  |TAMS 0x0000000708200000, 0x0000000708200000| Untracked 
|  30|0x0000000708400000, 0x0000000708400000, 0x0000000708600000|  0%| F|  |TAMS 0x0000000708400000, 0x0000000708400000| Untracked 
|  31|0x0000000708600000, 0x0000000708600000, 0x0000000708800000|  0%| F|  |TAMS 0x0000000708600000, 0x0000000708600000| Untracked 
|  32|0x0000000708800000, 0x0000000708800000, 0x0000000708a00000|  0%| F|  |TAMS 0x0000000708800000, 0x0000000708800000| Untracked 
|  33|0x0000000708a00000, 0x0000000708a00000, 0x0000000708c00000|  0%| F|  |TAMS 0x0000000708a00000, 0x0000000708a00000| Untracked 
|  34|0x0000000708c00000, 0x0000000708c00000, 0x0000000708e00000|  0%| F|  |TAMS 0x0000000708c00000, 0x0000000708c00000| Untracked 
|  35|0x0000000708e00000, 0x0000000708e00000, 0x0000000709000000|  0%| F|  |TAMS 0x0000000708e00000, 0x0000000708e00000| Untracked 
|  36|0x0000000709000000, 0x0000000709000000, 0x0000000709200000|  0%| F|  |TAMS 0x0000000709000000, 0x0000000709000000| Untracked 
|  37|0x0000000709200000, 0x0000000709200000, 0x0000000709400000|  0%| F|  |TAMS 0x0000000709200000, 0x0000000709200000| Untracked 
|  38|0x0000000709400000, 0x0000000709400000, 0x0000000709600000|  0%| F|  |TAMS 0x0000000709400000, 0x0000000709400000| Untracked 
|  39|0x0000000709600000, 0x0000000709600000, 0x0000000709800000|  0%| F|  |TAMS 0x0000000709600000, 0x0000000709600000| Untracked 
|  40|0x0000000709800000, 0x0000000709800000, 0x0000000709a00000|  0%| F|  |TAMS 0x0000000709800000, 0x0000000709800000| Untracked 
|  41|0x0000000709a00000, 0x0000000709c00000, 0x0000000709c00000|100%| S|CS|TAMS 0x0000000709a00000, 0x0000000709a00000| Complete 
|  42|0x0000000709c00000, 0x0000000709e00000, 0x0000000709e00000|100%| S|CS|TAMS 0x0000000709c00000, 0x0000000709c00000| Complete 
|  43|0x0000000709e00000, 0x000000070a000000, 0x000000070a000000|100%| S|CS|TAMS 0x0000000709e00000, 0x0000000709e00000| Complete 
|  44|0x000000070a000000, 0x000000070a200000, 0x000000070a200000|100%| S|CS|TAMS 0x000000070a000000, 0x000000070a000000| Complete 
|  45|0x000000070a200000, 0x000000070a400000, 0x000000070a400000|100%| S|CS|TAMS 0x000000070a200000, 0x000000070a200000| Complete 
|  46|0x000000070a400000, 0x000000070a600000, 0x000000070a600000|100%| S|CS|TAMS 0x000000070a400000, 0x000000070a400000| Complete 
|  47|0x000000070a600000, 0x000000070a800000, 0x000000070a800000|100%| S|CS|TAMS 0x000000070a600000, 0x000000070a600000| Complete 
|  48|0x000000070a800000, 0x000000070aa00000, 0x000000070aa00000|100%| S|CS|TAMS 0x000000070a800000, 0x000000070a800000| Complete 
|  49|0x000000070aa00000, 0x000000070ac00000, 0x000000070ac00000|100%| S|CS|TAMS 0x000000070aa00000, 0x000000070aa00000| Complete 
|  50|0x000000070ac00000, 0x000000070ae00000, 0x000000070ae00000|100%| S|CS|TAMS 0x000000070ac00000, 0x000000070ac00000| Complete 
|  51|0x000000070ae00000, 0x000000070ae00000, 0x000000070b000000|  0%| F|  |TAMS 0x000000070ae00000, 0x000000070ae00000| Untracked 
|  52|0x000000070b000000, 0x000000070b000000, 0x000000070b200000|  0%| F|  |TAMS 0x000000070b000000, 0x000000070b000000| Untracked 
|  53|0x000000070b200000, 0x000000070b200000, 0x000000070b400000|  0%| F|  |TAMS 0x000000070b200000, 0x000000070b200000| Untracked 
|  54|0x000000070b400000, 0x000000070b400000, 0x000000070b600000|  0%| F|  |TAMS 0x000000070b400000, 0x000000070b400000| Untracked 
|  55|0x000000070b600000, 0x000000070b600000, 0x000000070b800000|  0%| F|  |TAMS 0x000000070b600000, 0x000000070b600000| Untracked 
|  56|0x000000070b800000, 0x000000070b800000, 0x000000070ba00000|  0%| F|  |TAMS 0x000000070b800000, 0x000000070b800000| Untracked 
|  57|0x000000070ba00000, 0x000000070ba00000, 0x000000070bc00000|  0%| F|  |TAMS 0x000000070ba00000, 0x000000070ba00000| Untracked 
|  58|0x000000070bc00000, 0x000000070bc00000, 0x000000070be00000|  0%| F|  |TAMS 0x000000070bc00000, 0x000000070bc00000| Untracked 
|  59|0x000000070be00000, 0x000000070be00000, 0x000000070c000000|  0%| F|  |TAMS 0x000000070be00000, 0x000000070be00000| Untracked 
|  60|0x000000070c000000, 0x000000070c000000, 0x000000070c200000|  0%| F|  |TAMS 0x000000070c000000, 0x000000070c000000| Untracked 
|  61|0x000000070c200000, 0x000000070c200000, 0x000000070c400000|  0%| F|  |TAMS 0x000000070c200000, 0x000000070c200000| Untracked 
|  62|0x000000070c400000, 0x000000070c400000, 0x000000070c600000|  0%| F|  |TAMS 0x000000070c400000, 0x000000070c400000| Untracked 
|  63|0x000000070c600000, 0x000000070c600000, 0x000000070c800000|  0%| F|  |TAMS 0x000000070c600000, 0x000000070c600000| Untracked 
|  64|0x000000070c800000, 0x000000070c800000, 0x000000070ca00000|  0%| F|  |TAMS 0x000000070c800000, 0x000000070c800000| Untracked 
|  65|0x000000070ca00000, 0x000000070ca00000, 0x000000070cc00000|  0%| F|  |TAMS 0x000000070ca00000, 0x000000070ca00000| Untracked 
|  66|0x000000070cc00000, 0x000000070cc00000, 0x000000070ce00000|  0%| F|  |TAMS 0x000000070cc00000, 0x000000070cc00000| Untracked 
|  67|0x000000070ce00000, 0x000000070ce00000, 0x000000070d000000|  0%| F|  |TAMS 0x000000070ce00000, 0x000000070ce00000| Untracked 
|  68|0x000000070d000000, 0x000000070d000000, 0x000000070d200000|  0%| F|  |TAMS 0x000000070d000000, 0x000000070d000000| Untracked 
|  69|0x000000070d200000, 0x000000070d200000, 0x000000070d400000|  0%| F|  |TAMS 0x000000070d200000, 0x000000070d200000| Untracked 
|  70|0x000000070d400000, 0x000000070d400000, 0x000000070d600000|  0%| F|  |TAMS 0x000000070d400000, 0x000000070d400000| Untracked 
|  71|0x000000070d600000, 0x000000070d600000, 0x000000070d800000|  0%| F|  |TAMS 0x000000070d600000, 0x000000070d600000| Untracked 
|  72|0x000000070d800000, 0x000000070d800000, 0x000000070da00000|  0%| F|  |TAMS 0x000000070d800000, 0x000000070d800000| Untracked 
|  73|0x000000070da00000, 0x000000070da00000, 0x000000070dc00000|  0%| F|  |TAMS 0x000000070da00000, 0x000000070da00000| Untracked 
|  74|0x000000070dc00000, 0x000000070dc00000, 0x000000070de00000|  0%| F|  |TAMS 0x000000070dc00000, 0x000000070dc00000| Untracked 
|  75|0x000000070de00000, 0x000000070de00000, 0x000000070e000000|  0%| F|  |TAMS 0x000000070de00000, 0x000000070de00000| Untracked 
|  76|0x000000070e000000, 0x000000070e000000, 0x000000070e200000|  0%| F|  |TAMS 0x000000070e000000, 0x000000070e000000| Untracked 
|  77|0x000000070e200000, 0x000000070e200000, 0x000000070e400000|  0%| F|  |TAMS 0x000000070e200000, 0x000000070e200000| Untracked 
|  78|0x000000070e400000, 0x000000070e400000, 0x000000070e600000|  0%| F|  |TAMS 0x000000070e400000, 0x000000070e400000| Untracked 
|  79|0x000000070e600000, 0x000000070e600000, 0x000000070e800000|  0%| F|  |TAMS 0x000000070e600000, 0x000000070e600000| Untracked 
|  80|0x000000070e800000, 0x000000070e800000, 0x000000070ea00000|  0%| F|  |TAMS 0x000000070e800000, 0x000000070e800000| Untracked 
|  81|0x000000070ea00000, 0x000000070ea00000, 0x000000070ec00000|  0%| F|  |TAMS 0x000000070ea00000, 0x000000070ea00000| Untracked 
|  82|0x000000070ec00000, 0x000000070ec00000, 0x000000070ee00000|  0%| F|  |TAMS 0x000000070ec00000, 0x000000070ec00000| Untracked 
|  83|0x000000070ee00000, 0x000000070ee00000, 0x000000070f000000|  0%| F|  |TAMS 0x000000070ee00000, 0x000000070ee00000| Untracked 
|  84|0x000000070f000000, 0x000000070f000000, 0x000000070f200000|  0%| F|  |TAMS 0x000000070f000000, 0x000000070f000000| Untracked 
|  85|0x000000070f200000, 0x000000070f200000, 0x000000070f400000|  0%| F|  |TAMS 0x000000070f200000, 0x000000070f200000| Untracked 
|  86|0x000000070f400000, 0x000000070f400000, 0x000000070f600000|  0%| F|  |TAMS 0x000000070f400000, 0x000000070f400000| Untracked 
|  87|0x000000070f600000, 0x000000070f600000, 0x000000070f800000|  0%| F|  |TAMS 0x000000070f600000, 0x000000070f600000| Untracked 
|  88|0x000000070f800000, 0x000000070f800000, 0x000000070fa00000|  0%| F|  |TAMS 0x000000070f800000, 0x000000070f800000| Untracked 
|  89|0x000000070fa00000, 0x000000070fa00000, 0x000000070fc00000|  0%| F|  |TAMS 0x000000070fa00000, 0x000000070fa00000| Untracked 
|  90|0x000000070fc00000, 0x000000070fc00000, 0x000000070fe00000|  0%| F|  |TAMS 0x000000070fc00000, 0x000000070fc00000| Untracked 
|  91|0x000000070fe00000, 0x000000070fe00000, 0x0000000710000000|  0%| F|  |TAMS 0x000000070fe00000, 0x000000070fe00000| Untracked 
|  92|0x0000000710000000, 0x0000000710000000, 0x0000000710200000|  0%| F|  |TAMS 0x0000000710000000, 0x0000000710000000| Untracked 
|  93|0x0000000710200000, 0x0000000710200000, 0x0000000710400000|  0%| F|  |TAMS 0x0000000710200000, 0x0000000710200000| Untracked 
|  94|0x0000000710400000, 0x0000000710400000, 0x0000000710600000|  0%| F|  |TAMS 0x0000000710400000, 0x0000000710400000| Untracked 
|  95|0x0000000710600000, 0x0000000710600000, 0x0000000710800000|  0%| F|  |TAMS 0x0000000710600000, 0x0000000710600000| Untracked 
|  96|0x0000000710800000, 0x0000000710800000, 0x0000000710a00000|  0%| F|  |TAMS 0x0000000710800000, 0x0000000710800000| Untracked 
|  97|0x0000000710a00000, 0x0000000710a00000, 0x0000000710c00000|  0%| F|  |TAMS 0x0000000710a00000, 0x0000000710a00000| Untracked 
|  98|0x0000000710c00000, 0x0000000710c7b670, 0x0000000710e00000| 24%| E|  |TAMS 0x0000000710c00000, 0x0000000710c00000| Complete 
|  99|0x0000000710e00000, 0x0000000711000000, 0x0000000711000000|100%| E|CS|TAMS 0x0000000710e00000, 0x0000000710e00000| Complete 
| 100|0x0000000711000000, 0x0000000711200000, 0x0000000711200000|100%| E|CS|TAMS 0x0000000711000000, 0x0000000711000000| Complete 
| 101|0x0000000711200000, 0x0000000711400000, 0x0000000711400000|100%| E|CS|TAMS 0x0000000711200000, 0x0000000711200000| Complete 
| 102|0x0000000711400000, 0x0000000711600000, 0x0000000711600000|100%| E|CS|TAMS 0x0000000711400000, 0x0000000711400000| Complete 
| 103|0x0000000711600000, 0x0000000711800000, 0x0000000711800000|100%| E|CS|TAMS 0x0000000711600000, 0x0000000711600000| Complete 
| 104|0x0000000711800000, 0x0000000711a00000, 0x0000000711a00000|100%| E|CS|TAMS 0x0000000711800000, 0x0000000711800000| Complete 
| 105|0x0000000711a00000, 0x0000000711c00000, 0x0000000711c00000|100%| E|CS|TAMS 0x0000000711a00000, 0x0000000711a00000| Complete 
| 106|0x0000000711c00000, 0x0000000711e00000, 0x0000000711e00000|100%| E|CS|TAMS 0x0000000711c00000, 0x0000000711c00000| Complete 
| 107|0x0000000711e00000, 0x0000000712000000, 0x0000000712000000|100%| E|CS|TAMS 0x0000000711e00000, 0x0000000711e00000| Complete 
| 108|0x0000000712000000, 0x0000000712200000, 0x0000000712200000|100%| E|CS|TAMS 0x0000000712000000, 0x0000000712000000| Complete 
| 109|0x0000000712200000, 0x0000000712400000, 0x0000000712400000|100%| E|  |TAMS 0x0000000712200000, 0x0000000712200000| Complete 
| 110|0x0000000712400000, 0x0000000712600000, 0x0000000712600000|100%| E|CS|TAMS 0x0000000712400000, 0x0000000712400000| Complete 
| 111|0x0000000712600000, 0x0000000712800000, 0x0000000712800000|100%| E|CS|TAMS 0x0000000712600000, 0x0000000712600000| Complete 
| 112|0x0000000712800000, 0x0000000712a00000, 0x0000000712a00000|100%| E|CS|TAMS 0x0000000712800000, 0x0000000712800000| Complete 
| 113|0x0000000712a00000, 0x0000000712c00000, 0x0000000712c00000|100%| E|CS|TAMS 0x0000000712a00000, 0x0000000712a00000| Complete 
| 114|0x0000000712c00000, 0x0000000712e00000, 0x0000000712e00000|100%| E|CS|TAMS 0x0000000712c00000, 0x0000000712c00000| Complete 
| 115|0x0000000712e00000, 0x0000000713000000, 0x0000000713000000|100%| E|CS|TAMS 0x0000000712e00000, 0x0000000712e00000| Complete 
| 116|0x0000000713000000, 0x0000000713200000, 0x0000000713200000|100%| E|CS|TAMS 0x0000000713000000, 0x0000000713000000| Complete 
| 117|0x0000000713200000, 0x0000000713400000, 0x0000000713400000|100%| E|CS|TAMS 0x0000000713200000, 0x0000000713200000| Complete 
| 118|0x0000000713400000, 0x0000000713600000, 0x0000000713600000|100%| E|CS|TAMS 0x0000000713400000, 0x0000000713400000| Complete 
| 119|0x0000000713600000, 0x0000000713800000, 0x0000000713800000|100%| E|CS|TAMS 0x0000000713600000, 0x0000000713600000| Complete 
| 120|0x0000000713800000, 0x0000000713a00000, 0x0000000713a00000|100%| E|CS|TAMS 0x0000000713800000, 0x0000000713800000| Complete 
| 121|0x0000000713a00000, 0x0000000713c00000, 0x0000000713c00000|100%| E|CS|TAMS 0x0000000713a00000, 0x0000000713a00000| Complete 
| 122|0x0000000713c00000, 0x0000000713e00000, 0x0000000713e00000|100%| E|CS|TAMS 0x0000000713c00000, 0x0000000713c00000| Complete 
| 123|0x0000000713e00000, 0x0000000714000000, 0x0000000714000000|100%| E|CS|TAMS 0x0000000713e00000, 0x0000000713e00000| Complete 
| 124|0x0000000714000000, 0x0000000714200000, 0x0000000714200000|100%| E|CS|TAMS 0x0000000714000000, 0x0000000714000000| Complete 
| 125|0x0000000714200000, 0x0000000714400000, 0x0000000714400000|100%| E|CS|TAMS 0x0000000714200000, 0x0000000714200000| Complete 

Card table byte_map: [0x00000279d0890000,0x00000279d1070000] _byte_map_base: 0x00000279cd06c000

Marking Bits (Prev, Next): (CMBitMap*) 0x00000279b956ca30, (CMBitMap*) 0x00000279b956ca70
 Prev Bits: [0x00000279d1850000, 0x00000279d5730000)
 Next Bits: [0x00000279d5730000, 0x00000279d9610000)

Polling page: 0x00000279b8cd0000

Metaspace:

Usage:
  Non-class:     17.64 MB used.
      Class:      2.15 MB used.
       Both:     19.79 MB used.

Virtual space:
  Non-class space:       24.00 MB reserved,      17.75 MB ( 74%) committed,  3 nodes.
      Class space:        1.00 GB reserved,       2.25 MB ( <1%) committed,  1 nodes.
             Both:        1.02 GB reserved,      20.00 MB (  2%) committed. 

Chunk freelists:
   Non-Class:  2.15 MB
       Class:  1.72 MB
        Both:  3.88 MB

MaxMetaspaceSize: unlimited
CompressedClassSpaceSize: 1.00 GB
Initial GC threshold: 21.00 MB
Current GC threshold: 21.00 MB
CDS: on
MetaspaceReclaimPolicy: balanced
 - commit_granule_bytes: 65536.
 - commit_granule_words: 8192.
 - virtual_space_node_default_size: 1048576.
 - enlarge_chunks_in_place: 1.
 - new_chunks_are_fully_committed: 0.
 - uncommit_free_chunks: 1.
 - use_allocation_guard: 0.
 - handle_deallocations: 1.


Internal statistics:

num_allocs_failed_limit: 0.
num_arena_births: 164.
num_arena_deaths: 0.
num_vsnodes_births: 4.
num_vsnodes_deaths: 0.
num_space_committed: 320.
num_space_uncommitted: 0.
num_chunks_returned_to_freelist: 0.
num_chunks_taken_from_freelist: 408.
num_chunk_merges: 0.
num_chunk_splits: 255.
num_chunks_enlarged: 169.
num_purges: 0.
num_inconsistent_stats: 0.

CodeHeap 'non-profiled nmethods': size=120000Kb used=1203Kb max_used=1203Kb free=118796Kb
 bounds [0x00000279c8850000, 0x00000279c8ac0000, 0x00000279cfd80000]
CodeHeap 'profiled nmethods': size=120000Kb used=6561Kb max_used=6561Kb free=113438Kb
 bounds [0x00000279c0d80000, 0x00000279c13f0000, 0x00000279c82b0000]
CodeHeap 'non-nmethods': size=5760Kb used=1449Kb max_used=1476Kb free=4311Kb
 bounds [0x00000279c82b0000, 0x00000279c8520000, 0x00000279c8850000]
 total_blobs=3903 nmethods=3187 adapters=627
 compilation: enabled
              stopped_count=0, restarted_count=0
 full_count=0

Compilation events (20 events):
Event: 18.453 Thread 0x00000279dc09dcc0 nmethod 3197 0x00000279c13e2510 code [0x00000279c13e26c0, 0x00000279c13e2988]
Event: 18.453 Thread 0x00000279dc09dcc0 3198       3       java.lang.Math::min (45 bytes)
Event: 18.454 Thread 0x00000279dc09dcc0 nmethod 3198 0x00000279c13e2a90 code [0x00000279c13e2c60, 0x00000279c13e2fb8]
Event: 18.454 Thread 0x00000279dc09dcc0 3199       3       java.awt.geom.Rectangle2D::setFrame (11 bytes)
Event: 18.454 Thread 0x00000279dc09dcc0 nmethod 3199 0x00000279c13e3090 code [0x00000279c13e3240, 0x00000279c13e3448]
Event: 18.454 Thread 0x00000279dc09dcc0 3200       1       javax.swing.AbstractButton::getModel (5 bytes)
Event: 18.454 Thread 0x00000279dc09dcc0 nmethod 3200 0x00000279c897ca90 code [0x00000279c897cc20, 0x00000279c897ccf8]
Event: 18.459 Thread 0x00000279dc09dcc0 3201       3       javax.swing.JComponent::repaint (19 bytes)
Event: 18.460 Thread 0x00000279dc09dcc0 nmethod 3201 0x00000279c13e3510 code [0x00000279c13e3720, 0x00000279c13e3d18]
Event: 18.460 Thread 0x00000279dc09dcc0 3202   !   3       javax.swing.RepaintManager::addDirtyRegion0 (205 bytes)
Event: 18.462 Thread 0x00000279dc09dcc0 nmethod 3202 0x00000279c13e4010 code [0x00000279c13e4340, 0x00000279c13e5ef8]
Event: 18.464 Thread 0x00000279dc09dcc0 3203       3       java.lang.System::getProperty (25 bytes)
Event: 18.465 Thread 0x00000279dc09dcc0 nmethod 3203 0x00000279c13e6690 code [0x00000279c13e68c0, 0x00000279c13e6ff8]
Event: 18.467 Thread 0x00000279dc09dcc0 3204       3       sun.util.locale.LanguageTag::getVariants (24 bytes)
Event: 18.468 Thread 0x00000279dc09dcc0 nmethod 3204 0x00000279c13e7290 code [0x00000279c13e7460, 0x00000279c13e7738]
Event: 18.468 Thread 0x00000279dc09dcc0 3206       3       sun.util.locale.StringTokenIterator::next (74 bytes)
Event: 18.468 Thread 0x00000279dc09dcc0 nmethod 3206 0x00000279c13e7810 code [0x00000279c13e79e0, 0x00000279c13e7e58]
Event: 18.468 Thread 0x00000279dc09dcc0 3205       3       sun.util.locale.LanguageTag::getExtensions (24 bytes)
Event: 18.469 Thread 0x00000279dc09dcc0 nmethod 3205 0x00000279c13e8010 code [0x00000279c13e81e0, 0x00000279c13e84b8]
Event: 18.481 Thread 0x00000279dc09dcc0 3207       3       sun.util.locale.LanguageTag::parseExtensions (208 bytes)

GC Heap History (6 events):
Event: 3.226 GC heap before
{Heap before GC invocations=0 (full 0):
 garbage-first heap   total 258048K, used 20480K [0x0000000704800000, 0x0000000800000000)
  region size 2048K, 11 young (22528K), 0 survivors (0K)
 Metaspace       used 6442K, committed 6656K, reserved 1056768K
  class space    used 604K, committed 704K, reserved 1048576K
}
Event: 3.260 GC heap after
{Heap after GC invocations=1 (full 0):
 garbage-first heap   total 258048K, used 2590K [0x0000000704800000, 0x0000000800000000)
  region size 2048K, 2 young (4096K), 2 survivors (4096K)
 Metaspace       used 6442K, committed 6656K, reserved 1056768K
  class space    used 604K, committed 704K, reserved 1048576K
}
Event: 4.948 GC heap before
{Heap before GC invocations=1 (full 0):
 garbage-first heap   total 258048K, used 35358K [0x0000000704800000, 0x0000000800000000)
  region size 2048K, 19 young (38912K), 2 survivors (4096K)
 Metaspace       used 18219K, committed 18432K, reserved 1064960K
  class space    used 2029K, committed 2176K, reserved 1048576K
}
Event: 4.957 GC heap after
{Heap after GC invocations=2 (full 0):
 garbage-first heap   total 258048K, used 6351K [0x0000000704800000, 0x0000000800000000)
  region size 2048K, 3 young (6144K), 3 survivors (6144K)
 Metaspace       used 18219K, committed 18432K, reserved 1064960K
  class space    used 2029K, committed 2176K, reserved 1048576K
}
Event: 8.788 GC heap before
{Heap before GC invocations=2 (full 0):
 garbage-first heap   total 258048K, used 151759K [0x0000000704800000, 0x0000000800000000)
  region size 2048K, 75 young (153600K), 3 survivors (6144K)
 Metaspace       used 18309K, committed 18560K, reserved 1064960K
  class space    used 2032K, committed 2176K, reserved 1048576K
}
Event: 8.807 GC heap after
{Heap after GC invocations=3 (full 0):
 garbage-first heap   total 258048K, used 60321K [0x0000000704800000, 0x0000000800000000)
  region size 2048K, 10 young (20480K), 10 survivors (20480K)
 Metaspace       used 18309K, committed 18560K, reserved 1064960K
  class space    used 2032K, committed 2176K, reserved 1048576K
}

Deoptimization events (20 events):
Event: 18.242 Thread 0x00000279df8a7780 Uncommon trap: trap_request=0xffffff45 fr.pc=0x00000279c8943730 relative=0x00000000000004f0
Event: 18.242 Thread 0x00000279df8a7780 Uncommon trap: reason=unstable_if action=reinterpret pc=0x00000279c8943730 method=java.awt.Component.isDisplayable()Z @ 4 c2
Event: 18.242 Thread 0x00000279df8a7780 DEOPT PACKING pc=0x00000279c8943730 sp=0x000000d0553fee30
Event: 18.242 Thread 0x00000279df8a7780 DEOPT UNPACKING pc=0x00000279c8305ba3 sp=0x000000d0553fedb8 mode 2
Event: 18.306 Thread 0x00000279b9503c50 Uncommon trap: trap_request=0xffffff45 fr.pc=0x00000279c89410ac relative=0x000000000000008c
Event: 18.306 Thread 0x00000279b9503c50 Uncommon trap: reason=unstable_if action=reinterpret pc=0x00000279c89410ac method=jdk.internal.logger.LazyLoggers$LazyLoggerAccessor.platform()Lsun/util/logging/PlatformLogger$Bridge; @ 6 c2
Event: 18.306 Thread 0x00000279b9503c50 DEOPT PACKING pc=0x00000279c89410ac sp=0x000000d052efe9c0
Event: 18.306 Thread 0x00000279b9503c50 DEOPT UNPACKING pc=0x00000279c8305ba3 sp=0x000000d052efe8e0 mode 2
Event: 18.311 Thread 0x00000279ddeed020 Uncommon trap: trap_request=0xffffff45 fr.pc=0x00000279c892f42c relative=0x000000000000008c
Event: 18.311 Thread 0x00000279ddeed020 Uncommon trap: reason=unstable_if action=reinterpret pc=0x00000279c892f42c method=sun.awt.SunToolkit.getAppContext(Ljava/lang/Object;)Lsun/awt/AppContext; @ 4 c2
Event: 18.311 Thread 0x00000279ddeed020 DEOPT PACKING pc=0x00000279c892f42c sp=0x000000d054efdeb0
Event: 18.311 Thread 0x00000279ddeed020 DEOPT UNPACKING pc=0x00000279c8305ba3 sp=0x000000d054efde48 mode 2
Event: 18.339 Thread 0x00000279df8ab140 Uncommon trap: trap_request=0xffffff45 fr.pc=0x00000279c895fe28 relative=0x0000000000000108
Event: 18.339 Thread 0x00000279df8ab140 Uncommon trap: reason=unstable_if action=reinterpret pc=0x00000279c895fe28 method=java.lang.ThreadLocal.get()Ljava/lang/Object; @ 11 c2
Event: 18.339 Thread 0x00000279df8ab140 DEOPT PACKING pc=0x00000279c895fe28 sp=0x000000d0552fc000
Event: 18.339 Thread 0x00000279df8ab140 DEOPT UNPACKING pc=0x00000279c8305ba3 sp=0x000000d0552fbf98 mode 2
Event: 18.340 Thread 0x00000279df8ab140 Uncommon trap: trap_request=0xffffff45 fr.pc=0x00000279c8960288 relative=0x00000000000000e8
Event: 18.340 Thread 0x00000279df8ab140 Uncommon trap: reason=unstable_if action=reinterpret pc=0x00000279c8960288 method=java.lang.ThreadLocal$ThreadLocalMap.getEntry(Ljava/lang/ThreadLocal;)Ljava/lang/ThreadLocal$ThreadLocalMap$Entry; @ 21 c2
Event: 18.340 Thread 0x00000279df8ab140 DEOPT PACKING pc=0x00000279c8960288 sp=0x000000d0552fbe20
Event: 18.340 Thread 0x00000279df8ab140 DEOPT UNPACKING pc=0x00000279c8305ba3 sp=0x000000d0552fbdc0 mode 2

Classes unloaded (0 events):
No events

Classes redefined (0 events):
No events

Internal exceptions (20 events):
Event: 4.375 Thread 0x00000279b9503c50 Exception <a 'java/lang/NoSuchMethodError'{0x000000071246d6a0}: 'java.lang.Object java.lang.invoke.DirectMethodHandle$Holder.invokeStatic(java.lang.Object, int, java.lang.Object, java.lang.Object, java.lang.Object, java.lang.Object)'> (0x000000071246d6a0) 
thrown [s\open\src\hotspot\share\interpreter\linkResolver.cpp, line 759]
Event: 4.381 Thread 0x00000279b9503c50 Exception <a 'java/lang/NoSuchMethodError'{0x00000007124934d8}: 'java.lang.Object java.lang.invoke.DirectMethodHandle$Holder.invokeStatic(java.lang.Object, int, java.lang.Object)'> (0x00000007124934d8) 
thrown [s\open\src\hotspot\share\interpreter\linkResolver.cpp, line 759]
Event: 4.412 Thread 0x00000279b9503c50 Exception <a 'java/lang/ClassNotFoundException'{0x0000000712559308}: com/sun/swing/internal/plaf/metal/resources/spi/metalProvider> (0x0000000712559308) 
thrown [s\open\src\hotspot\share\classfile\systemDictionary.cpp, line 256]
Event: 4.413 Thread 0x00000279b9503c50 Exception <a 'java/lang/ClassNotFoundException'{0x000000071255fe20}: com/sun/swing/internal/plaf/basic/resources/spi/basicProvider> (0x000000071255fe20) 
thrown [s\open\src\hotspot\share\classfile\systemDictionary.cpp, line 256]
Event: 4.527 Thread 0x00000279de522230 Exception <a 'java/lang/NoSuchMethodError'{0x00000007123a8280}: 'java.lang.Object java.lang.invoke.DirectMethodHandle$Holder.newInvokeSpecial(java.lang.Object, java.lang.Object, java.lang.Object, int, int, int, int, int)'> (0x00000007123a8280) 
thrown [s\open\src\hotspot\share\interpreter\linkResolver.cpp, line 759]
Event: 4.800 Thread 0x00000279b9503c50 Exception <a 'java/io/FileNotFoundException'{0x000000071209e3c0}> (0x000000071209e3c0) 
thrown [s\open\src\hotspot\share\prims\jni.cpp, line 516]
Event: 6.140 Thread 0x00000279de522230 Exception <a 'java/io/FileNotFoundException'{0x0000000713248100}> (0x0000000713248100) 
thrown [s\open\src\hotspot\share\prims\jni.cpp, line 516]
Event: 6.464 Thread 0x00000279df8a9e00 Exception <a 'java/io/FileNotFoundException'{0x00000007121e35c0}> (0x00000007121e35c0) 
thrown [s\open\src\hotspot\share\prims\jni.cpp, line 516]
Event: 6.659 Thread 0x00000279de522230 Exception <a 'java/io/FileNotFoundException'{0x0000000710d6fb70}> (0x0000000710d6fb70) 
thrown [s\open\src\hotspot\share\prims\jni.cpp, line 516]
Event: 6.910 Thread 0x00000279df8a9e00 Exception <a 'java/io/FileNotFoundException'{0x000000070fa54dd8}> (0x000000070fa54dd8) 
thrown [s\open\src\hotspot\share\prims\jni.cpp, line 516]
Event: 7.581 Thread 0x00000279de522230 Exception <a 'java/io/FileNotFoundException'{0x000000070ea9a588}> (0x000000070ea9a588) 
thrown [s\open\src\hotspot\share\prims\jni.cpp, line 516]
Event: 7.764 Thread 0x00000279df8a9e00 Exception <a 'java/io/FileNotFoundException'{0x000000070db25c18}> (0x000000070db25c18) 
thrown [s\open\src\hotspot\share\prims\jni.cpp, line 516]
Event: 7.983 Thread 0x00000279df8a9e00 Exception <a 'java/io/FileNotFoundException'{0x000000070c838e38}> (0x000000070c838e38) 
thrown [s\open\src\hotspot\share\prims\jni.cpp, line 516]
Event: 8.291 Thread 0x00000279de522230 Exception <a 'java/io/FileNotFoundException'{0x000000070b870938}> (0x000000070b870938) 
thrown [s\open\src\hotspot\share\prims\jni.cpp, line 516]
Event: 16.400 Thread 0x00000279ddeed020 Exception <a 'java/lang/NoSuchMethodError'{0x0000000711a10578}: 'void java.lang.invoke.DirectMethodHandle$Holder.invokeVirtual(java.lang.Object, java.lang.Object)'> (0x0000000711a10578) 
thrown [s\open\src\hotspot\share\interpreter\linkResolver.cpp, line 759]
Event: 16.439 Thread 0x00000279b9503c50 Exception <a 'java/lang/NoSuchMethodError'{0x0000000711a60dd0}: 'void java.lang.invoke.DirectMethodHandle$Holder.invokeStaticInit(java.lang.Object)'> (0x0000000711a60dd0) 
thrown [s\open\src\hotspot\share\interpreter\linkResolver.cpp, line 759]
Event: 17.792 Thread 0x00000279b9503c50 Implicit null exception at 0x00000279c8961857 to 0x00000279c89662b4
Event: 18.239 Thread 0x00000279b9503c50 Implicit null exception at 0x00000279c89413e9 to 0x00000279c89414e0
Event: 18.339 Thread 0x00000279df8ab140 Implicit null exception at 0x00000279c895fd5d to 0x00000279c895fe10
Event: 18.340 Thread 0x00000279df8ab140 Implicit null exception at 0x00000279c89601f1 to 0x00000279c8960270

VM Operations (20 events):
Event: 13.013 Executing VM operation: Cleanup
Event: 13.013 Executing VM operation: Cleanup done
Event: 14.013 Executing VM operation: Cleanup
Event: 14.067 Executing VM operation: Cleanup done
Event: 15.078 Executing VM operation: Cleanup
Event: 15.078 Executing VM operation: Cleanup done
Event: 16.372 Executing VM operation: HandshakeAllThreads
Event: 16.372 Executing VM operation: HandshakeAllThreads done
Event: 16.372 Executing VM operation: Cleanup
Event: 16.372 Executing VM operation: Cleanup done
Event: 16.373 Executing VM operation: HandshakeAllThreads
Event: 16.373 Executing VM operation: HandshakeAllThreads done
Event: 16.413 Executing VM operation: HandshakeAllThreads
Event: 16.413 Executing VM operation: HandshakeAllThreads done
Event: 17.414 Executing VM operation: Cleanup
Event: 17.414 Executing VM operation: Cleanup done
Event: 18.419 Executing VM operation: Cleanup
Event: 18.419 Executing VM operation: Cleanup done
Event: 18.431 Executing VM operation: HandshakeAllThreads
Event: 18.431 Executing VM operation: HandshakeAllThreads done

Events (20 events):
Event: 18.464 loading class sun/awt/im/InputContext done
Event: 18.464 loading class sun/awt/im/InputMethodContext done
Event: 18.464 loading class sun/awt/windows/WInputMethod
Event: 18.465 loading class sun/awt/im/InputMethodAdapter
Event: 18.465 loading class java/awt/im/spi/InputMethod
Event: 18.465 loading class java/awt/im/spi/InputMethod done
Event: 18.465 loading class sun/awt/im/InputMethodAdapter done
Event: 18.465 loading class sun/awt/windows/WInputMethod done
Event: 18.468 loading class java/awt/event/MouseWheelEvent
Event: 18.468 loading class java/awt/event/MouseWheelEvent done
Event: 18.468 loading class java/awt/TextComponent
Event: 18.469 loading class java/awt/TextComponent done
Event: 18.470 loading class java/awt/KeyboardFocusManager$3
Event: 18.470 loading class java/awt/KeyboardFocusManager$3 done
Event: 18.481 loading class sun/awt/im/CompositionAreaHandler
Event: 18.482 loading class sun/awt/im/CompositionAreaHandler done
Event: 18.482 loading class java/text/AttributedString
Event: 18.483 loading class java/text/AttributedString done
Event: 18.483 loading class java/text/AttributedString$AttributedStringIterator
Event: 18.483 loading class java/text/AttributedCharacterIterator


Dynamic libraries:
0x00007ff76b490000 - 0x00007ff76b4a0000 	C:\Program Files\Java\jdk-17\bin\javaw.exe
0x00007ff9d8870000 - 0x00007ff9d8a84000 	C:\WINDOWS\SYSTEM32\ntdll.dll
0x00007ff9d7580000 - 0x00007ff9d7644000 	C:\WINDOWS\System32\KERNEL32.DLL
0x00007ff9d6250000 - 0x00007ff9d65f4000 	C:\WINDOWS\System32\KERNELBASE.dll
0x00007ff9d5ee0000 - 0x00007ff9d5ff1000 	C:\WINDOWS\System32\ucrtbase.dll
0x00007ff9ac990000 - 0x00007ff9ac9a9000 	C:\Program Files\Java\jdk-17\bin\jli.dll
0x00007ff9d6dd0000 - 0x00007ff9d6e80000 	C:\WINDOWS\System32\ADVAPI32.dll
0x00007ff996da0000 - 0x00007ff996dbb000 	C:\Program Files\Java\jdk-17\bin\VCRUNTIME140.dll
0x00007ff9d8770000 - 0x00007ff9d8817000 	C:\WINDOWS\System32\msvcrt.dll
0x00007ff9d6cf0000 - 0x00007ff9d6d96000 	C:\WINDOWS\System32\sechost.dll
0x00007ff9d7070000 - 0x00007ff9d7187000 	C:\WINDOWS\System32\RPCRT4.dll
0x00007ff9d7190000 - 0x00007ff9d733e000 	C:\WINDOWS\System32\USER32.dll
0x00007ff9d5c20000 - 0x00007ff9d5c46000 	C:\WINDOWS\System32\win32u.dll
0x00007ff9d6620000 - 0x00007ff9d6649000 	C:\WINDOWS\System32\GDI32.dll
0x00007ff9d5c50000 - 0x00007ff9d5d68000 	C:\WINDOWS\System32\gdi32full.dll
0x00007ff9d61b0000 - 0x00007ff9d624a000 	C:\WINDOWS\System32\msvcp_win.dll
0x00007ff9bc3a0000 - 0x00007ff9bc633000 	C:\WINDOWS\WinSxS\amd64_microsoft.windows.common-controls_6595b64144ccf1df_6.0.22621.2215_none_270d72677387dfc3\COMCTL32.dll
0x00007ff9c6480000 - 0x00007ff9c648a000 	C:\WINDOWS\SYSTEM32\VERSION.dll
0x00007ff9d76b0000 - 0x00007ff9d76e1000 	C:\WINDOWS\System32\IMM32.DLL
0x00007ff9c0110000 - 0x00007ff9c011c000 	C:\Program Files\Java\jdk-17\bin\vcruntime140_1.dll
0x00007ff973140000 - 0x00007ff9731ce000 	C:\Program Files\Java\jdk-17\bin\msvcp140.dll
0x00007ff950460000 - 0x00007ff95103d000 	C:\Program Files\Java\jdk-17\bin\server\jvm.dll
0x00007ff9d8820000 - 0x00007ff9d8828000 	C:\WINDOWS\System32\PSAPI.DLL
0x00007ff9d04a0000 - 0x00007ff9d04d4000 	C:\WINDOWS\SYSTEM32\WINMM.dll
0x00007ff9ca120000 - 0x00007ff9ca129000 	C:\WINDOWS\SYSTEM32\WSOCK32.dll
0x00007ff9d8690000 - 0x00007ff9d8701000 	C:\WINDOWS\System32\WS2_32.dll
0x00007ff9d4d60000 - 0x00007ff9d4d78000 	C:\WINDOWS\SYSTEM32\kernel.appcore.dll
0x00007ff9bb5f0000 - 0x00007ff9bb5fa000 	C:\Program Files\Java\jdk-17\bin\jimage.dll
0x00007ff9d30a0000 - 0x00007ff9d32ce000 	C:\WINDOWS\SYSTEM32\DBGHELP.DLL
0x00007ff9d6800000 - 0x00007ff9d6b8a000 	C:\WINDOWS\System32\combase.dll
0x00007ff9d6e90000 - 0x00007ff9d6f67000 	C:\WINDOWS\System32\OLEAUT32.dll
0x00007ff9d0460000 - 0x00007ff9d0492000 	C:\WINDOWS\SYSTEM32\dbgcore.DLL
0x00007ff9d6130000 - 0x00007ff9d61aa000 	C:\WINDOWS\System32\bcryptPrimitives.dll
0x00007ff9bf280000 - 0x00007ff9bf2bb000 	C:\Program Files\Java\jdk-17\bin\jdwp.dll
0x00007ff9caaa0000 - 0x00007ff9caaae000 	C:\Program Files\Java\jdk-17\bin\instrument.dll
0x00007ff990a50000 - 0x00007ff990a75000 	C:\Program Files\Java\jdk-17\bin\java.dll
0x00007ff96cfd0000 - 0x00007ff96d0a7000 	C:\Program Files\Java\jdk-17\bin\jsvml.dll
0x00007ff9d77b0000 - 0x00007ff9d7fd3000 	C:\WINDOWS\System32\SHELL32.dll
0x00007ff9d3b70000 - 0x00007ff9d445a000 	C:\WINDOWS\SYSTEM32\windows.storage.dll
0x00007ff9d3a30000 - 0x00007ff9d3b6e000 	C:\WINDOWS\SYSTEM32\wintypes.dll
0x00007ff9d6f70000 - 0x00007ff9d7063000 	C:\WINDOWS\System32\SHCORE.dll
0x00007ff9d7650000 - 0x00007ff9d76ae000 	C:\WINDOWS\System32\shlwapi.dll
0x00007ff9d5b50000 - 0x00007ff9d5b76000 	C:\WINDOWS\SYSTEM32\profapi.dll
0x00007ff9c6840000 - 0x00007ff9c684c000 	C:\Program Files\Java\jdk-17\bin\dt_socket.dll
0x00007ff9d4740000 - 0x00007ff9d476d000 	C:\WINDOWS\SYSTEM32\IPHLPAPI.DLL
0x00007ff9d51e0000 - 0x00007ff9d5249000 	C:\WINDOWS\system32\mswsock.dll
0x00007ff9d4770000 - 0x00007ff9d4862000 	C:\WINDOWS\SYSTEM32\DNSAPI.dll
0x00007ff9d6dc0000 - 0x00007ff9d6dc9000 	C:\WINDOWS\System32\NSI.dll
0x00007ff9c7180000 - 0x00007ff9c718a000 	C:\Windows\System32\rasadhlp.dll
0x00007ff9c3480000 - 0x00007ff9c3504000 	C:\WINDOWS\System32\fwpuclnt.dll
0x00007ff98e2d0000 - 0x00007ff98e2e8000 	C:\Program Files\Java\jdk-17\bin\zip.dll
0x00007ff9948a0000 - 0x00007ff9948b9000 	C:\Program Files\Java\jdk-17\bin\net.dll
0x00007ff9ccdf0000 - 0x00007ff9ccf27000 	C:\WINDOWS\SYSTEM32\WINHTTP.dll
0x00007ff990970000 - 0x00007ff990986000 	C:\Program Files\Java\jdk-17\bin\nio.dll
0x00007ff9bae20000 - 0x00007ff9bae30000 	C:\Program Files\Java\jdk-17\bin\verify.dll
0x00007ff997b80000 - 0x00007ff997d11000 	C:\Program Files\Java\jdk-17\bin\awt.dll
0x00007ff9d0070000 - 0x00007ff9d0107000 	C:\WINDOWS\SYSTEM32\apphelp.dll
0x00007ff9d5440000 - 0x00007ff9d545b000 	C:\WINDOWS\SYSTEM32\CRYPTSP.dll
0x00007ff9d4cd0000 - 0x00007ff9d4d05000 	C:\WINDOWS\system32\rsaenh.dll
0x00007ff9d52d0000 - 0x00007ff9d52fc000 	C:\WINDOWS\SYSTEM32\USERENV.dll
0x00007ff9d55d0000 - 0x00007ff9d55f8000 	C:\WINDOWS\SYSTEM32\bcrypt.dll
0x00007ff9d5430000 - 0x00007ff9d543c000 	C:\WINDOWS\SYSTEM32\CRYPTBASE.dll
0x00007ff9ca7b0000 - 0x00007ff9ca7c9000 	C:\WINDOWS\SYSTEM32\dhcpcsvc6.DLL
0x00007ff9ca790000 - 0x00007ff9ca7af000 	C:\WINDOWS\SYSTEM32\dhcpcsvc.DLL
0x00007ff9bc280000 - 0x00007ff9bc28d000 	C:\Program Files\Java\jdk-17\bin\sunmscapi.dll
0x00007ff9d5d70000 - 0x00007ff9d5ed6000 	C:\WINDOWS\System32\CRYPT32.dll
0x00007ff9d55a0000 - 0x00007ff9d55ce000 	C:\WINDOWS\SYSTEM32\ncrypt.dll
0x00007ff9d5560000 - 0x00007ff9d5597000 	C:\WINDOWS\SYSTEM32\NTASN1.dll
0x00007ff9d03f0000 - 0x00007ff9d041b000 	C:\WINDOWS\system32\DWMAPI.DLL
0x00007ff9d0170000 - 0x00007ff9d021b000 	C:\WINDOWS\system32\uxtheme.dll
0x00007ff9bf360000 - 0x00007ff9bf460000 	C:\WINDOWS\system32\opengl32.dll
0x00007ff9c4af0000 - 0x00007ff9c4b1d000 	C:\WINDOWS\SYSTEM32\GLU32.dll
0x00007ff9d3050000 - 0x00007ff9d3088000 	C:\WINDOWS\SYSTEM32\dxcore.dll
0x0000000180000000 - 0x0000000180043000 	C:\Program Files\Fasoo DRM\f_nxa.dll
0x0000000061000000 - 0x00000000611ca000 	C:\Program Files\Fasoo DRM\f_sps.dll
0x00007ff9d84f0000 - 0x00007ff9d868e000 	C:\WINDOWS\System32\ole32.dll
0x00007ff9a9e30000 - 0x00007ff9a9e37000 	C:\WINDOWS\SYSTEM32\msimg32.dll
0x00007ff9b60e0000 - 0x00007ff9b617f000 	C:\WINDOWS\SYSTEM32\winspool.drv
0x00007ff9d4b20000 - 0x00007ff9d4b34000 	C:\WINDOWS\SYSTEM32\wtsapi32.dll
0x00007ff9d6ba0000 - 0x00007ff9d6ce9000 	C:\WINDOWS\System32\MSCTF.dll
0x00007ff9baf80000 - 0x00007ff9bb006000 	C:\Program Files\Java\jdk-17\bin\freetype.dll
0x00007ff9b9720000 - 0x00007ff9b97e5000 	C:\Program Files\Java\jdk-17\bin\fontmanager.dll
0x00007ff9c4f20000 - 0x00007ff9c4f4e000 	C:\Program Files\Java\jdk-17\bin\javajpeg.dll
0x00007ff9d6750000 - 0x00007ff9d6800000 	C:\WINDOWS\System32\clbcatq.dll
0x00007ff9ce6f0000 - 0x00007ff9ce8a0000 	C:\WINDOWS\SYSTEM32\WindowsCodecs.dll
0x00007ff9ba560000 - 0x00007ff9ba5be000 	C:\WINDOWS\system32\dataexchange.dll
0x00007ff9c9ca0000 - 0x00007ff9c9f22000 	C:\WINDOWS\system32\twinapi.appcore.dll
0x00007ff9c7310000 - 0x00007ff9c7454000 	C:\WINDOWS\SYSTEM32\textinputframework.dll
0x00007ff9c4fa0000 - 0x00007ff9c5009000 	C:\WINDOWS\system32\Oleacc.dll
0x00007ff9cfd90000 - 0x00007ff9cfec3000 	C:\WINDOWS\SYSTEM32\CoreMessaging.dll
0x00007ff9cbe60000 - 0x00007ff9cc1cc000 	C:\WINDOWS\SYSTEM32\CoreUIComponents.dll

dbghelp: loaded successfully - version: 4.0.5 - missing functions: none
symbol engine: initialized successfully - sym options: 0x614 - pdb path: .;C:\Program Files\Java\jdk-17\bin;C:\WINDOWS\SYSTEM32;C:\WINDOWS\WinSxS\amd64_microsoft.windows.common-controls_6595b64144ccf1df_6.0.22621.2215_none_270d72677387dfc3;C:\Program Files\Java\jdk-17\bin\server;C:\Program Files\Fasoo DRM

VM Arguments:
jvm_args: -XX:+ShowCodeDetailsInExceptionMessages -agentlib:jdwp=transport=dt_socket,suspend=y,address=localhost:49395 -javaagent:C:\private\eclipse\configuration\org.eclipse.osgi\231\0\.cp\lib\javaagent-shaded.jar -Dfile.encoding=UTF-8 
java_command: main.ProductFrame
java_class_path (initial): C:\private\\MirimMarket\bin;C:\Program Files (x86)\MySQL\Connector J 8.0\mysql-connector-j-8.0.33.jar
Launcher Type: SUN_STANDARD

[Global flags]
     intx CICompilerCount                          = 4                                         {product} {ergonomic}
     uint ConcGCThreads                            = 2                                         {product} {ergonomic}
     uint G1ConcRefinementThreads                  = 8                                         {product} {ergonomic}
   size_t G1HeapRegionSize                         = 2097152                                   {product} {ergonomic}
    uintx GCDrainStackTargetSize                   = 64                                        {product} {ergonomic}
   size_t InitialHeapSize                          = 264241152                                 {product} {ergonomic}
   size_t MarkStackSize                            = 4194304                                   {product} {ergonomic}
   size_t MaxHeapSize                              = 4219469824                                {product} {ergonomic}
   size_t MaxNewSize                               = 2531262464                                {product} {ergonomic}
   size_t MinHeapDeltaBytes                        = 2097152                                   {product} {ergonomic}
   size_t MinHeapSize                              = 8388608                                   {product} {ergonomic}
    uintx NonNMethodCodeHeapSize                   = 5839372                                {pd product} {ergonomic}
    uintx NonProfiledCodeHeapSize                  = 122909434                              {pd product} {ergonomic}
    uintx ProfiledCodeHeapSize                     = 122909434                              {pd product} {ergonomic}
    uintx ReservedCodeCacheSize                    = 251658240                              {pd product} {ergonomic}
     bool SegmentedCodeCache                       = true                                      {product} {ergonomic}
     bool ShowCodeDetailsInExceptionMessages       = true                                   {manageable} {command line}
   size_t SoftMaxHeapSize                          = 4219469824                             {manageable} {ergonomic}
     bool UseCompressedClassPointers               = true                           {product lp64_product} {ergonomic}
     bool UseCompressedOops                        = true                           {product lp64_product} {ergonomic}
     bool UseG1GC                                  = true                                      {product} {ergonomic}
     bool UseLargePagesIndividualAllocation        = false                                  {pd product} {ergonomic}

Logging:
Log output configuration:
 #0: stdout all=warning uptime,level,tags
 #1: stderr all=off uptime,level,tags

Environment Variables:
JAVA_HOME=C:\Program Files\Java\jdk-12
PATH=C:\Program Files (x86)\Razer Chroma SDK\bin;C:\Program Files\Razer Chroma SDK\bin;C:\Program Files (x86)\Razer\ChromaBroadcast\bin;C:\Program Files\Razer\ChromaBroadcast\bin;C:\Program Files\Common Files\Oracle\Java\javapath;C:\Program Files (x86)\NVIDIA Corporation\PhysX\Common;C:\Program Files (x86)\Common Files\Oracle\Java\javapath;C:\WINDOWS\system32;C:\WINDOWS;C:\WINDOWS\System32\Wbem;C:\WINDOWS\System32\WindowsPowerShell\v1.0\;C:\WINDOWS\System32\OpenSSH\;C:\Program Files\Git\cmd;C:\Program Files\dotnet\;C:\Program Files\Microsoft SQL Server\150\Tools\Binn\;C:\Program Files\Microsoft SQL Server\Client SDK\ODBC\170\Tools\Binn\;C:\Program Files\Microsoft SQL Server\130\Tools\Binn\;C:\Program Files\PowerShell\7\;C:\Program Files\nodejs\;C:\Program Files\MySQL\MySQL Server 8.0\bin;C:\Bitnami\wampstack-8.0.3-0\php;C:\ProgramData\ComposerSetup\bin;C:\Program Files\Docker\Docker\resources\bin;C:\WINDOWS\system32;C:\WINDOWS;C:\WINDOWS\System32\Wbem;C:\WINDOWS\System32\WindowsPowerShell\v1.0\;C:\WINDOWS\System32\OpenSSH\;C:\WINDOWS\system32\config\systemprofile\AppData\Local\Microsoft\WindowsApps;C:\Program Files\Java\jdk-12\bin;C:\Program Files\MySQL\MySQL Shell 8.0\bin\;C:\Python311\Scripts\;C:\Python311\;C:\Users\khs10\AppData\Local\Microsoft\WindowsApps;C:\Users\khs10\AppData\Local\Programs\Microsoft VS Code\bin;C:\Program Files\JetBrains\IntelliJ IDEA Educational Edition 2022.2.2\bin;C:\Users\khs10\.dotnet\tools;C:\Users\khs10\AppData\Local\GitHubDesktop\bin;C:\Program Files\JetBrains\PyCharm Community Edition 2022.3.3\bin;C:\Users\khs10\AppData\Roaming\npm;C:\Users\khs10\AppData\Roaming\Composer\vendor\bin;C:\Program Files\JetBrains\PhpStorm 2023.1.2\bin;C:\private\flutter\bin;C:\Users\khs10\AppData\Local\JetBrains\Toolbox\scripts;
USERNAME=khs10
OS=Windows_NT
PROCESSOR_IDENTIFIER=Intel64 Family 6 Model 140 Stepping 1, GenuineIntel



---------------  S Y S T E M  ---------------

OS:
 Windows 11 , 64 bit Build 22621 (10.0.22621.2215)
OS uptime: 14 days 20:20 hours
Hyper-V role detected

CPU: total 8 (initial active 8) (4 cores per cpu, 2 threads per core) family 6 model 140 stepping 1 microcode 0x8a, cx8, cmov, fxsr, ht, mmx, 3dnowpref, sse, sse2, sse3, ssse3, sse4.1, sse4.2, popcnt, lzcnt, tsc, tscinvbit, avx, avx2, aes, erms, clmul, bmi1, bmi2, adx, avx512f, avx512dq, avx512cd, avx512bw, avx512vl, sha, fma, vzeroupper, avx512_vpopcntdq, avx512_vpclmulqdq, avx512_vaes, avx512_vnni, clflush, clflushopt, clwb, avx512_vbmi2, avx512_vbmi, hv

Memory: 4k page, system-wide physical 16092M (162M free)
TotalPageFile size 48860M (AvailPageFile size 21M)
current process WorkingSet (physical memory assigned to process): 325M, peak: 325M
current process commit charge ("private bytes"): 411M, peak: 413M

vm_info: Java HotSpot(TM) 64-Bit Server VM (17.0.7+8-LTS-224) for windows-amd64 JRE (17.0.7+8-LTS-224), built on Feb 28 2023 23:03:02 by "mach5one" with MS VC++ 17.1 (VS2022)

END.
